{"/home/travis/build/kaizhu256/node-swgg/test.js":{"path":"/home/travis/build/kaizhu256/node-swgg/test.js","s":{"1":2,"2":2,"3":2,"4":2,"5":2,"6":0,"7":0,"8":0,"9":0,"10":0,"11":0,"12":0,"13":2,"14":2,"15":2,"16":2,"17":2,"18":0,"19":0,"20":0,"21":0,"22":0,"23":2,"24":0,"25":0,"26":0,"27":0,"28":0,"29":2,"30":0,"31":0,"32":0,"33":0,"34":0,"35":0,"36":0,"37":0,"38":2,"39":0,"40":2,"41":0,"42":2,"43":0,"44":0,"45":0,"46":0,"47":0,"48":2,"49":2,"50":2,"51":0,"52":2,"53":0,"54":2,"55":0,"56":2,"57":1,"58":1,"59":1,"60":1,"61":1,"62":1,"63":1,"64":1,"65":1,"66":1,"67":1,"68":1,"69":1,"70":1,"71":1,"72":1,"73":1,"74":1,"75":1,"76":1,"77":1,"78":1,"79":1,"80":1,"81":1,"82":1,"83":1,"84":0,"85":2,"86":2,"87":2,"88":2,"89":2,"90":2,"91":2,"92":126,"93":126,"94":18,"95":18,"96":18,"97":18,"98":18,"99":18,"100":72,"101":10656,"102":2448,"103":72,"104":126,"105":126,"106":2,"107":2,"108":2,"109":2,"110":2,"111":8,"112":8,"113":8,"114":8,"115":8,"116":2,"117":2,"118":8,"119":2,"120":2,"121":2,"122":1,"123":1,"124":1,"125":1,"126":1,"127":1,"128":2,"129":2,"130":2,"131":6,"132":2,"133":2,"134":2,"135":2,"136":2,"137":2,"138":2,"139":2,"140":2,"141":2,"142":2,"143":2,"144":2,"145":2,"146":8,"147":8,"148":2,"149":2,"150":10,"151":10,"152":50,"153":10,"154":10,"155":10,"156":10,"157":10,"158":10,"159":10,"160":10,"161":10,"162":10,"163":10,"164":2,"165":2,"166":2,"167":2,"168":2,"169":18,"170":18,"171":18,"172":18,"173":18,"174":2,"175":2,"176":2,"177":2,"178":6,"179":2,"180":2,"181":2,"182":2,"183":2,"184":2,"185":2,"186":2,"187":2,"188":2,"189":52,"190":52,"191":156,"192":52,"193":52,"194":52,"195":52,"196":52,"197":70,"198":52,"199":52,"200":52,"201":52,"202":52,"203":52,"204":2,"205":2,"206":2,"207":6,"208":2,"209":2,"210":2,"211":2,"212":2,"213":2,"214":2,"215":2,"216":2,"217":2,"218":2,"219":2,"220":2,"221":2,"222":14,"223":14,"224":2,"225":2,"226":2,"227":2,"228":10,"229":2,"230":2,"231":2,"232":2,"233":2,"234":2,"235":2,"236":2,"237":2,"238":2,"239":2,"240":2,"241":2,"242":2,"243":14,"244":14,"245":70,"246":14,"247":2,"248":2,"249":12,"250":12,"251":14,"252":14,"253":14,"254":14,"255":14,"256":14,"257":14,"258":14,"259":14,"260":14,"261":14,"262":2,"263":2,"264":2,"265":2,"266":6,"267":2,"268":2,"269":2,"270":2,"271":2,"272":4,"273":4,"274":2,"275":2,"276":2,"277":2,"278":2,"279":2,"280":22,"281":22,"282":22,"283":66,"284":22,"285":22,"286":22,"287":22,"288":22,"289":22,"290":22,"291":22,"292":22,"293":22,"294":22,"295":22,"296":22,"297":22,"298":22,"299":2,"300":12,"301":12,"302":12,"303":60,"304":12,"305":12,"306":2,"307":2,"308":10,"309":10,"310":12,"311":12,"312":12,"313":12,"314":12,"315":12,"316":12,"317":12,"318":12,"319":12,"320":12,"321":12,"322":12,"323":12,"324":12,"325":12,"326":12,"327":12,"328":12,"329":2,"330":2,"331":1,"332":1,"333":1,"334":1,"335":2,"336":4,"337":4,"338":4,"339":4,"340":16,"341":16,"342":4,"343":4,"344":4,"345":4,"346":4,"347":4,"348":4,"349":4,"350":4,"351":4,"352":4,"353":4,"354":4,"355":4,"356":4,"357":4,"358":2,"359":2,"360":2,"361":8,"362":2,"363":2,"364":2,"365":2,"366":2,"367":2,"368":2,"369":2,"370":2,"371":2,"372":2,"373":2,"374":2,"375":2,"376":2,"377":2,"378":2,"379":6,"380":2,"381":2,"382":2,"383":2,"384":2,"385":2,"386":2,"387":2,"388":2,"389":2,"390":2,"391":2,"392":2,"393":6,"394":6,"395":6,"396":6,"397":6,"398":2,"399":2,"400":2,"401":2,"402":2,"403":2,"404":2,"405":2,"406":2,"407":2,"408":2,"409":2,"410":2,"411":2,"412":2,"413":2,"414":2,"415":2,"416":2,"417":2,"418":2,"419":8,"420":8,"421":8,"422":8,"423":8,"424":2,"425":2,"426":2,"427":2,"428":6,"429":2,"430":2,"431":2,"432":2,"433":2,"434":2,"435":2,"436":2,"437":2,"438":2,"439":2,"440":2,"441":2,"442":2,"443":2,"444":2,"445":2,"446":2,"447":2,"448":296,"449":286,"450":10,"451":10,"452":10,"453":10,"454":10,"455":10,"456":10,"457":10,"458":10,"459":10,"460":2,"461":2,"462":2,"463":2,"464":2,"465":2,"466":28,"467":28,"468":28,"469":28,"470":28,"471":28,"472":2,"473":6,"474":6,"475":6,"476":6,"477":6,"478":6,"479":6,"480":2,"481":2,"482":2,"483":1,"484":1,"485":1,"486":4,"487":4,"488":4,"489":4,"490":2,"491":2,"492":2,"493":2,"494":2,"495":74,"496":74,"497":74,"498":74,"499":74,"500":68,"501":74,"502":2,"503":2,"504":2,"505":1,"506":1,"507":1,"508":1,"509":1,"510":2,"511":2,"512":1,"513":1,"514":1,"515":3,"516":3,"517":1,"518":2,"519":2,"520":2,"521":2,"522":2,"523":20,"524":20,"525":2,"526":2,"527":2,"528":2,"529":2,"530":2,"531":2,"532":2,"533":2,"534":2,"535":2,"536":2,"537":2,"538":2,"539":2,"540":2,"541":2,"542":2,"543":2,"544":2,"545":2,"546":2,"547":2,"548":2,"549":2,"550":2,"551":2,"552":2,"553":2,"554":2,"555":2,"556":2,"557":2,"558":2,"559":2,"560":2,"561":2,"562":2,"563":2,"564":2,"565":2,"566":2,"567":2,"568":2,"569":2,"570":2,"571":2,"572":2,"573":2,"574":2,"575":2,"576":2,"577":2,"578":2,"579":76,"580":76,"581":76,"582":2,"583":2,"584":2,"585":2,"586":2,"587":2,"588":43,"589":18,"590":18,"591":18,"592":20,"593":20,"594":5,"595":2,"596":2,"597":200,"598":2},"b":{"1":[2,0],"2":[0,2],"3":[2,1,1],"4":[0,0],"5":[0,0],"6":[0,0,0],"7":[0,0],"8":[0,0],"9":[0,0],"10":[0,0],"11":[0,0],"12":[0,0,0],"13":[0,0],"14":[0,0],"15":[0,0],"16":[0,0],"17":[1,1],"18":[2,2,0],"19":[2,1],"20":[18,18,18,72],"21":[2448,1020],"22":[2,6],"23":[1,1],"24":[2,2,2],"25":[10,10,10,10,10],"26":[2,2,2],"27":[52,52,52],"28":[2,2,2],"29":[2,2,2,2,2],"30":[14,14,14,14,14],"31":[2,12],"32":[2,2,2],"33":[22,22,22],"34":[12,12,12,12,12],"35":[2,10],"36":[1,1],"37":[4,4,4,4],"38":[2,2,2,2],"39":[2,2,2],"40":[2,2,2],"41":[286,10],"42":[1,1],"43":[4,1],"44":[68,6],"45":[74,70],"46":[1,1],"47":[1,1],"48":[2,2,2,2,2,2,2,2,2,2],"49":[18,4,8,12,16,20,5],"50":[43,40],"51":[18,8],"52":[18,10]},"f":{"1":2,"2":0,"3":0,"4":0,"5":0,"6":0,"7":0,"8":0,"9":0,"10":2,"11":0,"12":0,"13":0,"14":0,"15":2,"16":2,"17":2,"18":126,"19":10656,"20":2448,"21":2,"22":8,"23":8,"24":2,"25":2,"26":6,"27":2,"28":8,"29":10,"30":50,"31":2,"32":18,"33":18,"34":2,"35":6,"36":52,"37":156,"38":70,"39":2,"40":6,"41":2,"42":14,"43":2,"44":10,"45":14,"46":70,"47":2,"48":6,"49":4,"50":22,"51":66,"52":12,"53":60,"54":2,"55":4,"56":16,"57":2,"58":8,"59":2,"60":6,"61":2,"62":6,"63":6,"64":2,"65":2,"66":2,"67":2,"68":8,"69":8,"70":2,"71":6,"72":2,"73":2,"74":296,"75":10,"76":10,"77":2,"78":28,"79":28,"80":6,"81":6,"82":2,"83":4,"84":4,"85":2,"86":74,"87":74,"88":2,"89":2,"90":3,"91":2,"92":20,"93":2,"94":2,"95":2,"96":76,"97":43,"98":18,"99":200},"fnMap":{"1":{"name":"(anonymous_1)","line":4,"loc":{"start":{"line":4,"column":1},"end":{"line":4,"column":23}},"skip":true},"2":{"name":"(anonymous_2)","line":13,"loc":{"start":{"line":13,"column":41},"end":{"line":13,"column":63}},"skip":true},"3":{"name":"(anonymous_3)","line":38,"loc":{"start":{"line":38,"column":26},"end":{"line":38,"column":53}},"skip":true},"4":{"name":"(anonymous_4)","line":64,"loc":{"start":{"line":64,"column":23},"end":{"line":64,"column":38}},"skip":true},"5":{"name":"(anonymous_5)","line":82,"loc":{"start":{"line":82,"column":38},"end":{"line":82,"column":60}},"skip":true},"6":{"name":"(anonymous_6)","line":112,"loc":{"start":{"line":112,"column":26},"end":{"line":112,"column":41}},"skip":true},"7":{"name":"(anonymous_7)","line":120,"loc":{"start":{"line":120,"column":16},"end":{"line":120,"column":28}},"skip":true},"8":{"name":"(anonymous_8)","line":126,"loc":{"start":{"line":126,"column":32},"end":{"line":126,"column":58}},"skip":true},"9":{"name":"(anonymous_9)","line":133,"loc":{"start":{"line":133,"column":42},"end":{"line":133,"column":57}},"skip":true},"10":{"name":"(anonymous_10)","line":144,"loc":{"start":{"line":144,"column":18},"end":{"line":144,"column":33}},"skip":true},"11":{"name":"(anonymous_11)","line":150,"loc":{"start":{"line":150,"column":29},"end":{"line":150,"column":44}},"skip":true},"12":{"name":"(anonymous_12)","line":156,"loc":{"start":{"line":156,"column":31},"end":{"line":156,"column":46}},"skip":true},"13":{"name":"(anonymous_13)","line":162,"loc":{"start":{"line":162,"column":31},"end":{"line":162,"column":46}},"skip":true},"14":{"name":"(anonymous_14)","line":198,"loc":{"start":{"line":198,"column":53},"end":{"line":198,"column":65}},"skip":true},"15":{"name":"(anonymous_15)","line":204,"loc":{"start":{"line":204,"column":1},"end":{"line":204,"column":18}}},"16":{"name":"(anonymous_16)","line":210,"loc":{"start":{"line":210,"column":1},"end":{"line":210,"column":13}}},"17":{"name":"(anonymous_17)","line":223,"loc":{"start":{"line":223,"column":1},"end":{"line":223,"column":13}}},"18":{"name":"(anonymous_18)","line":224,"loc":{"start":{"line":224,"column":30},"end":{"line":224,"column":55}}},"19":{"name":"(anonymous_19)","line":266,"loc":{"start":{"line":266,"column":43},"end":{"line":266,"column":58}}},"20":{"name":"(anonymous_20)","line":269,"loc":{"start":{"line":269,"column":15},"end":{"line":269,"column":41}}},"21":{"name":"(anonymous_21)","line":284,"loc":{"start":{"line":284,"column":26},"end":{"line":284,"column":50}}},"22":{"name":"(anonymous_22)","line":313,"loc":{"start":{"line":313,"column":14},"end":{"line":313,"column":29}}},"23":{"name":"(anonymous_23)","line":315,"loc":{"start":{"line":315,"column":24},"end":{"line":315,"column":44}}},"24":{"name":"(anonymous_24)","line":334,"loc":{"start":{"line":334,"column":34},"end":{"line":334,"column":58}}},"25":{"name":"(anonymous_25)","line":358,"loc":{"start":{"line":358,"column":46},"end":{"line":358,"column":70}}},"26":{"name":"(anonymous_26)","line":365,"loc":{"start":{"line":365,"column":24},"end":{"line":365,"column":45}}},"27":{"name":"(anonymous_27)","line":392,"loc":{"start":{"line":392,"column":59},"end":{"line":395,"column":2}}},"28":{"name":"(anonymous_28)","line":459,"loc":{"start":{"line":459,"column":14},"end":{"line":459,"column":29}}},"29":{"name":"(anonymous_29)","line":470,"loc":{"start":{"line":470,"column":58},"end":{"line":473,"column":2}}},"30":{"name":"(anonymous_30)","line":481,"loc":{"start":{"line":481,"column":24},"end":{"line":481,"column":45}}},"31":{"name":"(anonymous_31)","line":507,"loc":{"start":{"line":507,"column":38},"end":{"line":507,"column":62}}},"32":{"name":"(anonymous_32)","line":524,"loc":{"start":{"line":524,"column":14},"end":{"line":524,"column":29}}},"33":{"name":"(anonymous_33)","line":526,"loc":{"start":{"line":526,"column":36},"end":{"line":526,"column":57}}},"34":{"name":"(anonymous_34)","line":537,"loc":{"start":{"line":537,"column":44},"end":{"line":537,"column":68}}},"35":{"name":"(anonymous_35)","line":544,"loc":{"start":{"line":544,"column":24},"end":{"line":544,"column":45}}},"36":{"name":"(anonymous_36)","line":571,"loc":{"start":{"line":571,"column":40},"end":{"line":571,"column":64}}},"37":{"name":"(anonymous_37)","line":579,"loc":{"start":{"line":579,"column":24},"end":{"line":579,"column":45}}},"38":{"name":"(anonymous_38)","line":595,"loc":{"start":{"line":595,"column":50},"end":{"line":595,"column":65}}},"39":{"name":"(anonymous_39)","line":617,"loc":{"start":{"line":617,"column":43},"end":{"line":617,"column":67}}},"40":{"name":"(anonymous_40)","line":624,"loc":{"start":{"line":624,"column":24},"end":{"line":624,"column":45}}},"41":{"name":"(anonymous_41)","line":651,"loc":{"start":{"line":651,"column":37},"end":{"line":651,"column":61}}},"42":{"name":"(anonymous_42)","line":666,"loc":{"start":{"line":666,"column":14},"end":{"line":666,"column":29}}},"43":{"name":"(anonymous_43)","line":673,"loc":{"start":{"line":673,"column":47},"end":{"line":673,"column":71}}},"44":{"name":"(anonymous_44)","line":680,"loc":{"start":{"line":680,"column":24},"end":{"line":680,"column":45}}},"45":{"name":"(anonymous_45)","line":724,"loc":{"start":{"line":724,"column":43},"end":{"line":724,"column":67}}},"46":{"name":"(anonymous_46)","line":731,"loc":{"start":{"line":731,"column":24},"end":{"line":731,"column":45}}},"47":{"name":"(anonymous_47)","line":777,"loc":{"start":{"line":777,"column":41},"end":{"line":777,"column":65}}},"48":{"name":"(anonymous_48)","line":793,"loc":{"start":{"line":793,"column":24},"end":{"line":793,"column":45}}},"49":{"name":"(anonymous_49)","line":806,"loc":{"start":{"line":806,"column":29},"end":{"line":806,"column":45}}},"50":{"name":"(anonymous_50)","line":823,"loc":{"start":{"line":823,"column":40},"end":{"line":823,"column":64}}},"51":{"name":"(anonymous_51)","line":839,"loc":{"start":{"line":839,"column":24},"end":{"line":839,"column":45}}},"52":{"name":"(anonymous_52)","line":890,"loc":{"start":{"line":890,"column":43},"end":{"line":890,"column":67}}},"53":{"name":"(anonymous_53)","line":906,"loc":{"start":{"line":906,"column":24},"end":{"line":906,"column":45}}},"54":{"name":"(anonymous_54)","line":980,"loc":{"start":{"line":980,"column":41},"end":{"line":980,"column":65}}},"55":{"name":"(anonymous_55)","line":994,"loc":{"start":{"line":994,"column":40},"end":{"line":994,"column":64}}},"56":{"name":"(anonymous_56)","line":1001,"loc":{"start":{"line":1001,"column":15},"end":{"line":1001,"column":36}}},"57":{"name":"(anonymous_57)","line":1046,"loc":{"start":{"line":1046,"column":46},"end":{"line":1046,"column":70}}},"58":{"name":"(anonymous_58)","line":1051,"loc":{"start":{"line":1051,"column":24},"end":{"line":1051,"column":45}}},"59":{"name":"(anonymous_59)","line":1095,"loc":{"start":{"line":1095,"column":47},"end":{"line":1095,"column":71}}},"60":{"name":"(anonymous_60)","line":1100,"loc":{"start":{"line":1100,"column":24},"end":{"line":1100,"column":45}}},"61":{"name":"(anonymous_61)","line":1122,"loc":{"start":{"line":1122,"column":40},"end":{"line":1122,"column":64}}},"62":{"name":"(anonymous_62)","line":1140,"loc":{"start":{"line":1140,"column":14},"end":{"line":1140,"column":30}}},"63":{"name":"(anonymous_63)","line":1146,"loc":{"start":{"line":1146,"column":11},"end":{"line":1146,"column":32}}},"64":{"name":"(anonymous_64)","line":1157,"loc":{"start":{"line":1157,"column":43},"end":{"line":1157,"column":67}}},"65":{"name":"(anonymous_65)","line":1169,"loc":{"start":{"line":1169,"column":7},"end":{"line":1172,"column":6}}},"66":{"name":"(anonymous_66)","line":1184,"loc":{"start":{"line":1184,"column":7},"end":{"line":1187,"column":6}}},"67":{"name":"(anonymous_67)","line":1200,"loc":{"start":{"line":1200,"column":36},"end":{"line":1200,"column":60}}},"68":{"name":"(anonymous_68)","line":1225,"loc":{"start":{"line":1225,"column":14},"end":{"line":1225,"column":30}}},"69":{"name":"(anonymous_69)","line":1231,"loc":{"start":{"line":1231,"column":11},"end":{"line":1234,"column":10}}},"70":{"name":"(anonymous_70)","line":1248,"loc":{"start":{"line":1248,"column":51},"end":{"line":1248,"column":75}}},"71":{"name":"(anonymous_71)","line":1253,"loc":{"start":{"line":1253,"column":24},"end":{"line":1253,"column":45}}},"72":{"name":"(anonymous_72)","line":1272,"loc":{"start":{"line":1272,"column":45},"end":{"line":1272,"column":69}}},"73":{"name":"(anonymous_73)","line":1512,"loc":{"start":{"line":1512,"column":55},"end":{"line":1512,"column":79}}},"74":{"name":"(anonymous_74)","line":1520,"loc":{"start":{"line":1520,"column":39},"end":{"line":1520,"column":54}}},"75":{"name":"(anonymous_75)","line":1526,"loc":{"start":{"line":1526,"column":36},"end":{"line":1526,"column":57}}},"76":{"name":"(anonymous_76)","line":1534,"loc":{"start":{"line":1534,"column":11},"end":{"line":1534,"column":32}}},"77":{"name":"(anonymous_77)","line":1550,"loc":{"start":{"line":1550,"column":51},"end":{"line":1550,"column":75}}},"78":{"name":"(anonymous_78)","line":1643,"loc":{"start":{"line":1643,"column":14},"end":{"line":1643,"column":35}}},"79":{"name":"(anonymous_79)","line":1647,"loc":{"start":{"line":1647,"column":11},"end":{"line":1647,"column":26}}},"80":{"name":"(anonymous_80)","line":1695,"loc":{"start":{"line":1695,"column":14},"end":{"line":1695,"column":39}}},"81":{"name":"(anonymous_81)","line":1699,"loc":{"start":{"line":1699,"column":11},"end":{"line":1699,"column":26}}},"82":{"name":"(anonymous_82)","line":1714,"loc":{"start":{"line":1714,"column":45},"end":{"line":1714,"column":69}}},"83":{"name":"(anonymous_83)","line":1741,"loc":{"start":{"line":1741,"column":7},"end":{"line":1741,"column":35}}},"84":{"name":"(anonymous_84)","line":1743,"loc":{"start":{"line":1743,"column":50},"end":{"line":1743,"column":65}}},"85":{"name":"(anonymous_85)","line":1751,"loc":{"start":{"line":1751,"column":41},"end":{"line":1751,"column":65}}},"86":{"name":"(anonymous_86)","line":2693,"loc":{"start":{"line":2693,"column":15},"end":{"line":2693,"column":35}}},"87":{"name":"(anonymous_87)","line":2694,"loc":{"start":{"line":2694,"column":30},"end":{"line":2694,"column":42}}},"88":{"name":"(anonymous_88)","line":2709,"loc":{"start":{"line":2709,"column":27},"end":{"line":2709,"column":51}}},"89":{"name":"(anonymous_89)","line":2728,"loc":{"start":{"line":2728,"column":30},"end":{"line":2728,"column":54}}},"90":{"name":"(anonymous_90)","line":2740,"loc":{"start":{"line":2740,"column":14},"end":{"line":2740,"column":28}}},"91":{"name":"(anonymous_91)","line":2752,"loc":{"start":{"line":2752,"column":38},"end":{"line":2752,"column":62}}},"92":{"name":"(anonymous_92)","line":2759,"loc":{"start":{"line":2759,"column":15},"end":{"line":2759,"column":36}}},"93":{"name":"(anonymous_93)","line":2879,"loc":{"start":{"line":2879,"column":1},"end":{"line":2879,"column":13}}},"94":{"name":"(anonymous_94)","line":2892,"loc":{"start":{"line":2892,"column":4},"end":{"line":2892,"column":23}}},"95":{"name":"(anonymous_95)","line":2925,"loc":{"start":{"line":2925,"column":54},"end":{"line":2925,"column":66}}},"96":{"name":"(anonymous_96)","line":3678,"loc":{"start":{"line":3678,"column":10},"end":{"line":3678,"column":25}}},"97":{"name":"(anonymous_97)","line":3711,"loc":{"start":{"line":3711,"column":26},"end":{"line":3711,"column":67}}},"98":{"name":"(anonymous_98)","line":3715,"loc":{"start":{"line":3715,"column":29},"end":{"line":3715,"column":50}}},"99":{"name":"(anonymous_99)","line":3758,"loc":{"start":{"line":3758,"column":18},"end":{"line":3758,"column":33}}}},"statementMap":{"1":{"start":{"line":4,"column":0},"end":{"line":200,"column":7},"skip":true},"2":{"start":{"line":6,"column":4},"end":{"line":6,"column":21},"skip":true},"3":{"start":{"line":7,"column":4},"end":{"line":7,"column":14},"skip":true},"4":{"start":{"line":9,"column":4},"end":{"line":9,"column":64},"skip":true},"5":{"start":{"line":11,"column":4},"end":{"line":26,"column":5},"skip":true},"6":{"start":{"line":12,"column":8},"end":{"line":12,"column":37},"skip":true},"7":{"start":{"line":13,"column":8},"end":{"line":25,"column":10},"skip":true},"8":{"start":{"line":19,"column":12},"end":{"line":19,"column":60},"skip":true},"9":{"start":{"line":20,"column":12},"end":{"line":20,"column":49},"skip":true},"10":{"start":{"line":21,"column":12},"end":{"line":21,"column":49},"skip":true},"11":{"start":{"line":22,"column":12},"end":{"line":22,"column":31},"skip":true},"12":{"start":{"line":24,"column":12},"end":{"line":24,"column":30},"skip":true},"13":{"start":{"line":28,"column":4},"end":{"line":28,"column":15},"skip":true},"14":{"start":{"line":29,"column":4},"end":{"line":29,"column":24},"skip":true},"15":{"start":{"line":30,"column":4},"end":{"line":30,"column":35},"skip":true},"16":{"start":{"line":32,"column":4},"end":{"line":36,"column":6},"skip":true},"17":{"start":{"line":38,"column":4},"end":{"line":63,"column":6},"skip":true},"18":{"start":{"line":42,"column":8},"end":{"line":42,"column":16},"skip":true},"19":{"start":{"line":43,"column":8},"end":{"line":45,"column":9},"skip":true},"20":{"start":{"line":44,"column":12},"end":{"line":44,"column":19},"skip":true},"21":{"start":{"line":46,"column":8},"end":{"line":61,"column":10},"skip":true},"22":{"start":{"line":62,"column":8},"end":{"line":62,"column":18},"skip":true},"23":{"start":{"line":64,"column":4},"end":{"line":81,"column":6},"skip":true},"24":{"start":{"line":68,"column":8},"end":{"line":68,"column":26},"skip":true},"25":{"start":{"line":69,"column":8},"end":{"line":73,"column":9},"skip":true},"26":{"start":{"line":70,"column":12},"end":{"line":70,"column":53},"skip":true},"27":{"start":{"line":72,"column":12},"end":{"line":72,"column":19},"skip":true},"28":{"start":{"line":74,"column":8},"end":{"line":80,"column":11},"skip":true},"29":{"start":{"line":82,"column":4},"end":{"line":111,"column":6},"skip":true},"30":{"start":{"line":86,"column":8},"end":{"line":86,"column":15},"skip":true},"31":{"start":{"line":87,"column":8},"end":{"line":91,"column":9},"skip":true},"32":{"start":{"line":88,"column":12},"end":{"line":88,"column":31},"skip":true},"33":{"start":{"line":90,"column":12},"end":{"line":90,"column":19},"skip":true},"34":{"start":{"line":93,"column":8},"end":{"line":110,"column":9},"skip":true},"35":{"start":{"line":94,"column":12},"end":{"line":94,"column":41},"skip":true},"36":{"start":{"line":97,"column":12},"end":{"line":107,"column":14},"skip":true},"37":{"start":{"line":109,"column":12},"end":{"line":109,"column":41},"skip":true},"38":{"start":{"line":112,"column":4},"end":{"line":119,"column":6},"skip":true},"39":{"start":{"line":118,"column":8},"end":{"line":118,"column":32},"skip":true},"40":{"start":{"line":120,"column":4},"end":{"line":125,"column":6},"skip":true},"41":{"start":{"line":124,"column":8},"end":{"line":124,"column":15},"skip":true},"42":{"start":{"line":126,"column":4},"end":{"line":143,"column":6},"skip":true},"43":{"start":{"line":132,"column":8},"end":{"line":132,"column":30},"skip":true},"44":{"start":{"line":133,"column":8},"end":{"line":141,"column":11},"skip":true},"45":{"start":{"line":134,"column":12},"end":{"line":140,"column":13},"skip":true},"46":{"start":{"line":139,"column":16},"end":{"line":139,"column":57},"skip":true},"47":{"start":{"line":142,"column":8},"end":{"line":142,"column":22},"skip":true},"48":{"start":{"line":144,"column":4},"end":{"line":149,"column":6},"skip":true},"49":{"start":{"line":148,"column":8},"end":{"line":148,"column":19},"skip":true},"50":{"start":{"line":150,"column":4},"end":{"line":155,"column":6},"skip":true},"51":{"start":{"line":154,"column":8},"end":{"line":154,"column":25},"skip":true},"52":{"start":{"line":156,"column":4},"end":{"line":161,"column":6},"skip":true},"53":{"start":{"line":160,"column":8},"end":{"line":160,"column":25},"skip":true},"54":{"start":{"line":162,"column":4},"end":{"line":167,"column":6},"skip":true},"55":{"start":{"line":166,"column":8},"end":{"line":166,"column":25},"skip":true},"56":{"start":{"line":169,"column":4},"end":{"line":197,"column":5},"skip":true},"57":{"start":{"line":170,"column":8},"end":{"line":170,"column":41},"skip":true},"58":{"start":{"line":171,"column":8},"end":{"line":171,"column":41},"skip":true},"59":{"start":{"line":172,"column":8},"end":{"line":172,"column":55},"skip":true},"60":{"start":{"line":173,"column":8},"end":{"line":173,"column":43},"skip":true},"61":{"start":{"line":174,"column":8},"end":{"line":174,"column":41},"skip":true},"62":{"start":{"line":175,"column":8},"end":{"line":175,"column":39},"skip":true},"63":{"start":{"line":176,"column":8},"end":{"line":176,"column":35},"skip":true},"64":{"start":{"line":177,"column":8},"end":{"line":177,"column":41},"skip":true},"65":{"start":{"line":178,"column":8},"end":{"line":178,"column":41},"skip":true},"66":{"start":{"line":179,"column":8},"end":{"line":179,"column":33},"skip":true},"67":{"start":{"line":180,"column":8},"end":{"line":180,"column":37},"skip":true},"68":{"start":{"line":181,"column":8},"end":{"line":181,"column":39},"skip":true},"69":{"start":{"line":182,"column":8},"end":{"line":182,"column":35},"skip":true},"70":{"start":{"line":183,"column":8},"end":{"line":183,"column":33},"skip":true},"71":{"start":{"line":184,"column":8},"end":{"line":184,"column":37},"skip":true},"72":{"start":{"line":185,"column":8},"end":{"line":185,"column":51},"skip":true},"73":{"start":{"line":186,"column":8},"end":{"line":186,"column":45},"skip":true},"74":{"start":{"line":187,"column":8},"end":{"line":187,"column":37},"skip":true},"75":{"start":{"line":188,"column":8},"end":{"line":188,"column":41},"skip":true},"76":{"start":{"line":189,"column":8},"end":{"line":189,"column":57},"skip":true},"77":{"start":{"line":190,"column":8},"end":{"line":190,"column":41},"skip":true},"78":{"start":{"line":191,"column":8},"end":{"line":191,"column":35},"skip":true},"79":{"start":{"line":192,"column":8},"end":{"line":192,"column":35},"skip":true},"80":{"start":{"line":193,"column":8},"end":{"line":193,"column":35},"skip":true},"81":{"start":{"line":194,"column":8},"end":{"line":194,"column":37},"skip":true},"82":{"start":{"line":195,"column":8},"end":{"line":195,"column":33},"skip":true},"83":{"start":{"line":196,"column":8},"end":{"line":196,"column":37},"skip":true},"84":{"start":{"line":199,"column":4},"end":{"line":199,"column":37},"skip":true},"85":{"start":{"line":204,"column":0},"end":{"line":5452,"column":5}},"86":{"start":{"line":210,"column":0},"end":{"line":218,"column":5}},"87":{"start":{"line":212,"column":0},"end":{"line":214,"column":18}},"88":{"start":{"line":215,"column":0},"end":{"line":215,"column":25}},"89":{"start":{"line":217,"column":0},"end":{"line":217,"column":28}},"90":{"start":{"line":223,"column":0},"end":{"line":2874,"column":5}},"91":{"start":{"line":224,"column":0},"end":{"line":282,"column":2}},"92":{"start":{"line":228,"column":4},"end":{"line":228,"column":48}},"93":{"start":{"line":229,"column":4},"end":{"line":278,"column":5}},"94":{"start":{"line":231,"column":8},"end":{"line":239,"column":11}},"95":{"start":{"line":240,"column":8},"end":{"line":240,"column":14}},"96":{"start":{"line":242,"column":8},"end":{"line":252,"column":11}},"97":{"start":{"line":253,"column":8},"end":{"line":253,"column":14}},"98":{"start":{"line":255,"column":8},"end":{"line":263,"column":11}},"99":{"start":{"line":264,"column":8},"end":{"line":264,"column":14}},"100":{"start":{"line":266,"column":8},"end":{"line":272,"column":11}},"101":{"start":{"line":267,"column":12},"end":{"line":271,"column":15}},"102":{"start":{"line":270,"column":16},"end":{"line":270,"column":64}},"103":{"start":{"line":273,"column":8},"end":{"line":277,"column":11}},"104":{"start":{"line":279,"column":4},"end":{"line":279,"column":26}},"105":{"start":{"line":281,"column":4},"end":{"line":281,"column":43}},"106":{"start":{"line":284,"column":0},"end":{"line":332,"column":2}},"107":{"start":{"line":288,"column":4},"end":{"line":288,"column":19}},"108":{"start":{"line":289,"column":4},"end":{"line":289,"column":43}},"109":{"start":{"line":290,"column":4},"end":{"line":290,"column":28}},"110":{"start":{"line":291,"column":4},"end":{"line":330,"column":7}},"111":{"start":{"line":314,"column":8},"end":{"line":314,"column":32}},"112":{"start":{"line":315,"column":8},"end":{"line":329,"column":11}},"113":{"start":{"line":317,"column":12},"end":{"line":317,"column":42}},"114":{"start":{"line":319,"column":12},"end":{"line":319,"column":66}},"115":{"start":{"line":321,"column":12},"end":{"line":327,"column":13}},"116":{"start":{"line":325,"column":16},"end":{"line":325,"column":51}},"117":{"start":{"line":326,"column":16},"end":{"line":326,"column":56}},"118":{"start":{"line":328,"column":12},"end":{"line":328,"column":25}},"119":{"start":{"line":331,"column":4},"end":{"line":331,"column":26}},"120":{"start":{"line":334,"column":0},"end":{"line":356,"column":2}},"121":{"start":{"line":338,"column":4},"end":{"line":341,"column":5}},"122":{"start":{"line":339,"column":8},"end":{"line":339,"column":27}},"123":{"start":{"line":340,"column":8},"end":{"line":340,"column":15}},"124":{"start":{"line":342,"column":4},"end":{"line":342,"column":64}},"125":{"start":{"line":343,"column":4},"end":{"line":343,"column":61}},"126":{"start":{"line":344,"column":4},"end":{"line":344,"column":62}},"127":{"start":{"line":345,"column":4},"end":{"line":355,"column":16}},"128":{"start":{"line":358,"column":0},"end":{"line":390,"column":2}},"129":{"start":{"line":362,"column":4},"end":{"line":364,"column":7}},"130":{"start":{"line":365,"column":4},"end":{"line":387,"column":7}},"131":{"start":{"line":366,"column":8},"end":{"line":386,"column":9}},"132":{"start":{"line":369,"column":12},"end":{"line":373,"column":29}},"133":{"start":{"line":374,"column":12},"end":{"line":374,"column":18}},"134":{"start":{"line":377,"column":12},"end":{"line":377,"column":68}},"135":{"start":{"line":378,"column":12},"end":{"line":381,"column":14}},"136":{"start":{"line":382,"column":12},"end":{"line":382,"column":27}},"137":{"start":{"line":383,"column":12},"end":{"line":383,"column":18}},"138":{"start":{"line":385,"column":12},"end":{"line":385,"column":31}},"139":{"start":{"line":388,"column":4},"end":{"line":388,"column":22}},"140":{"start":{"line":389,"column":4},"end":{"line":389,"column":19}},"141":{"start":{"line":392,"column":0},"end":{"line":468,"column":2}},"142":{"start":{"line":400,"column":4},"end":{"line":400,"column":19}},"143":{"start":{"line":401,"column":4},"end":{"line":401,"column":43}},"144":{"start":{"line":402,"column":4},"end":{"line":402,"column":28}},"145":{"start":{"line":403,"column":4},"end":{"line":466,"column":7}},"146":{"start":{"line":460,"column":8},"end":{"line":460,"column":32}},"147":{"start":{"line":462,"column":8},"end":{"line":465,"column":10}},"148":{"start":{"line":467,"column":4},"end":{"line":467,"column":26}},"149":{"start":{"line":470,"column":0},"end":{"line":505,"column":2}},"150":{"start":{"line":478,"column":4},"end":{"line":480,"column":7}},"151":{"start":{"line":481,"column":4},"end":{"line":502,"column":7}},"152":{"start":{"line":482,"column":8},"end":{"line":501,"column":9}},"153":{"start":{"line":485,"column":12},"end":{"line":485,"column":69}},"154":{"start":{"line":486,"column":12},"end":{"line":486,"column":18}},"155":{"start":{"line":489,"column":12},"end":{"line":489,"column":69}},"156":{"start":{"line":490,"column":12},"end":{"line":490,"column":18}},"157":{"start":{"line":493,"column":12},"end":{"line":493,"column":72}},"158":{"start":{"line":494,"column":12},"end":{"line":494,"column":18}},"159":{"start":{"line":497,"column":12},"end":{"line":497,"column":72}},"160":{"start":{"line":498,"column":12},"end":{"line":498,"column":18}},"161":{"start":{"line":500,"column":12},"end":{"line":500,"column":31}},"162":{"start":{"line":503,"column":4},"end":{"line":503,"column":22}},"163":{"start":{"line":504,"column":4},"end":{"line":504,"column":19}},"164":{"start":{"line":507,"column":0},"end":{"line":535,"column":2}},"165":{"start":{"line":511,"column":4},"end":{"line":511,"column":19}},"166":{"start":{"line":512,"column":4},"end":{"line":512,"column":43}},"167":{"start":{"line":513,"column":4},"end":{"line":513,"column":28}},"168":{"start":{"line":514,"column":4},"end":{"line":533,"column":7}},"169":{"start":{"line":525,"column":8},"end":{"line":525,"column":32}},"170":{"start":{"line":526,"column":8},"end":{"line":532,"column":11}},"171":{"start":{"line":528,"column":12},"end":{"line":528,"column":42}},"172":{"start":{"line":530,"column":12},"end":{"line":530,"column":56}},"173":{"start":{"line":531,"column":12},"end":{"line":531,"column":25}},"174":{"start":{"line":534,"column":4},"end":{"line":534,"column":26}},"175":{"start":{"line":537,"column":0},"end":{"line":569,"column":2}},"176":{"start":{"line":541,"column":4},"end":{"line":543,"column":7}},"177":{"start":{"line":544,"column":4},"end":{"line":566,"column":7}},"178":{"start":{"line":545,"column":8},"end":{"line":565,"column":9}},"179":{"start":{"line":548,"column":12},"end":{"line":552,"column":29}},"180":{"start":{"line":553,"column":12},"end":{"line":553,"column":18}},"181":{"start":{"line":556,"column":12},"end":{"line":556,"column":68}},"182":{"start":{"line":557,"column":12},"end":{"line":560,"column":14}},"183":{"start":{"line":561,"column":12},"end":{"line":561,"column":27}},"184":{"start":{"line":562,"column":12},"end":{"line":562,"column":18}},"185":{"start":{"line":564,"column":12},"end":{"line":564,"column":31}},"186":{"start":{"line":567,"column":4},"end":{"line":567,"column":22}},"187":{"start":{"line":568,"column":4},"end":{"line":568,"column":19}},"188":{"start":{"line":571,"column":0},"end":{"line":615,"column":2}},"189":{"start":{"line":575,"column":4},"end":{"line":578,"column":7}},"190":{"start":{"line":579,"column":4},"end":{"line":612,"column":7}},"191":{"start":{"line":580,"column":8},"end":{"line":611,"column":9}},"192":{"start":{"line":583,"column":12},"end":{"line":585,"column":29}},"193":{"start":{"line":586,"column":12},"end":{"line":586,"column":18}},"194":{"start":{"line":589,"column":12},"end":{"line":589,"column":68}},"195":{"start":{"line":590,"column":12},"end":{"line":593,"column":14}},"196":{"start":{"line":595,"column":12},"end":{"line":604,"column":15}},"197":{"start":{"line":596,"column":16},"end":{"line":603,"column":18}},"198":{"start":{"line":606,"column":12},"end":{"line":606,"column":34}},"199":{"start":{"line":607,"column":12},"end":{"line":607,"column":37}},"200":{"start":{"line":608,"column":12},"end":{"line":608,"column":18}},"201":{"start":{"line":610,"column":12},"end":{"line":610,"column":31}},"202":{"start":{"line":613,"column":4},"end":{"line":613,"column":22}},"203":{"start":{"line":614,"column":4},"end":{"line":614,"column":19}},"204":{"start":{"line":617,"column":0},"end":{"line":649,"column":2}},"205":{"start":{"line":621,"column":4},"end":{"line":623,"column":7}},"206":{"start":{"line":624,"column":4},"end":{"line":646,"column":7}},"207":{"start":{"line":625,"column":8},"end":{"line":645,"column":9}},"208":{"start":{"line":628,"column":12},"end":{"line":632,"column":29}},"209":{"start":{"line":633,"column":12},"end":{"line":633,"column":18}},"210":{"start":{"line":636,"column":12},"end":{"line":636,"column":68}},"211":{"start":{"line":637,"column":12},"end":{"line":640,"column":14}},"212":{"start":{"line":641,"column":12},"end":{"line":641,"column":27}},"213":{"start":{"line":642,"column":12},"end":{"line":642,"column":18}},"214":{"start":{"line":644,"column":12},"end":{"line":644,"column":31}},"215":{"start":{"line":647,"column":4},"end":{"line":647,"column":22}},"216":{"start":{"line":648,"column":4},"end":{"line":648,"column":19}},"217":{"start":{"line":651,"column":0},"end":{"line":671,"column":2}},"218":{"start":{"line":655,"column":4},"end":{"line":655,"column":19}},"219":{"start":{"line":656,"column":4},"end":{"line":656,"column":43}},"220":{"start":{"line":657,"column":4},"end":{"line":657,"column":28}},"221":{"start":{"line":658,"column":4},"end":{"line":669,"column":7}},"222":{"start":{"line":667,"column":8},"end":{"line":667,"column":32}},"223":{"start":{"line":668,"column":8},"end":{"line":668,"column":48}},"224":{"start":{"line":670,"column":4},"end":{"line":670,"column":26}},"225":{"start":{"line":673,"column":0},"end":{"line":722,"column":2}},"226":{"start":{"line":677,"column":4},"end":{"line":679,"column":7}},"227":{"start":{"line":680,"column":4},"end":{"line":719,"column":7}},"228":{"start":{"line":681,"column":8},"end":{"line":718,"column":9}},"229":{"start":{"line":684,"column":12},"end":{"line":691,"column":29}},"230":{"start":{"line":692,"column":12},"end":{"line":692,"column":18}},"231":{"start":{"line":695,"column":12},"end":{"line":699,"column":29}},"232":{"start":{"line":700,"column":12},"end":{"line":700,"column":18}},"233":{"start":{"line":703,"column":12},"end":{"line":705,"column":29}},"234":{"start":{"line":706,"column":12},"end":{"line":706,"column":18}},"235":{"start":{"line":709,"column":12},"end":{"line":709,"column":68}},"236":{"start":{"line":710,"column":12},"end":{"line":713,"column":14}},"237":{"start":{"line":714,"column":12},"end":{"line":714,"column":27}},"238":{"start":{"line":715,"column":12},"end":{"line":715,"column":18}},"239":{"start":{"line":717,"column":12},"end":{"line":717,"column":31}},"240":{"start":{"line":720,"column":4},"end":{"line":720,"column":22}},"241":{"start":{"line":721,"column":4},"end":{"line":721,"column":19}},"242":{"start":{"line":724,"column":0},"end":{"line":775,"column":2}},"243":{"start":{"line":728,"column":4},"end":{"line":730,"column":7}},"244":{"start":{"line":731,"column":4},"end":{"line":772,"column":7}},"245":{"start":{"line":732,"column":8},"end":{"line":771,"column":9}},"246":{"start":{"line":734,"column":12},"end":{"line":745,"column":13}},"247":{"start":{"line":736,"column":16},"end":{"line":743,"column":33}},"248":{"start":{"line":744,"column":16},"end":{"line":744,"column":23}},"249":{"start":{"line":746,"column":12},"end":{"line":746,"column":27}},"250":{"start":{"line":747,"column":12},"end":{"line":747,"column":18}},"251":{"start":{"line":750,"column":12},"end":{"line":752,"column":29}},"252":{"start":{"line":753,"column":12},"end":{"line":753,"column":18}},"253":{"start":{"line":756,"column":12},"end":{"line":758,"column":29}},"254":{"start":{"line":759,"column":12},"end":{"line":759,"column":18}},"255":{"start":{"line":762,"column":12},"end":{"line":762,"column":68}},"256":{"start":{"line":763,"column":12},"end":{"line":766,"column":14}},"257":{"start":{"line":767,"column":12},"end":{"line":767,"column":27}},"258":{"start":{"line":768,"column":12},"end":{"line":768,"column":18}},"259":{"start":{"line":770,"column":12},"end":{"line":770,"column":31}},"260":{"start":{"line":773,"column":4},"end":{"line":773,"column":22}},"261":{"start":{"line":774,"column":4},"end":{"line":774,"column":19}},"262":{"start":{"line":777,"column":0},"end":{"line":821,"column":2}},"263":{"start":{"line":781,"column":4},"end":{"line":781,"column":19}},"264":{"start":{"line":782,"column":4},"end":{"line":792,"column":7}},"265":{"start":{"line":793,"column":4},"end":{"line":818,"column":7}},"266":{"start":{"line":794,"column":8},"end":{"line":817,"column":9}},"267":{"start":{"line":797,"column":12},"end":{"line":801,"column":29}},"268":{"start":{"line":802,"column":12},"end":{"line":802,"column":18}},"269":{"start":{"line":804,"column":12},"end":{"line":804,"column":56}},"270":{"start":{"line":805,"column":12},"end":{"line":805,"column":36}},"271":{"start":{"line":806,"column":12},"end":{"line":812,"column":15}},"272":{"start":{"line":807,"column":16},"end":{"line":807,"column":40}},"273":{"start":{"line":809,"column":16},"end":{"line":811,"column":31}},"274":{"start":{"line":813,"column":12},"end":{"line":813,"column":25}},"275":{"start":{"line":814,"column":12},"end":{"line":814,"column":18}},"276":{"start":{"line":816,"column":12},"end":{"line":816,"column":31}},"277":{"start":{"line":819,"column":4},"end":{"line":819,"column":22}},"278":{"start":{"line":820,"column":4},"end":{"line":820,"column":19}},"279":{"start":{"line":823,"column":0},"end":{"line":888,"column":2}},"280":{"start":{"line":827,"column":4},"end":{"line":827,"column":18}},"281":{"start":{"line":828,"column":4},"end":{"line":838,"column":7}},"282":{"start":{"line":839,"column":4},"end":{"line":885,"column":7}},"283":{"start":{"line":840,"column":8},"end":{"line":884,"column":9}},"284":{"start":{"line":843,"column":12},"end":{"line":843,"column":27}},"285":{"start":{"line":844,"column":12},"end":{"line":847,"column":14}},"286":{"start":{"line":849,"column":12},"end":{"line":851,"column":29}},"287":{"start":{"line":852,"column":12},"end":{"line":852,"column":18}},"288":{"start":{"line":855,"column":12},"end":{"line":855,"column":55}},"289":{"start":{"line":857,"column":12},"end":{"line":861,"column":14}},"290":{"start":{"line":862,"column":12},"end":{"line":866,"column":14}},"291":{"start":{"line":868,"column":12},"end":{"line":872,"column":14}},"292":{"start":{"line":873,"column":12},"end":{"line":877,"column":14}},"293":{"start":{"line":879,"column":12},"end":{"line":879,"column":55}},"294":{"start":{"line":880,"column":12},"end":{"line":880,"column":69}},"295":{"start":{"line":881,"column":12},"end":{"line":881,"column":18}},"296":{"start":{"line":883,"column":12},"end":{"line":883,"column":31}},"297":{"start":{"line":886,"column":4},"end":{"line":886,"column":22}},"298":{"start":{"line":887,"column":4},"end":{"line":887,"column":19}},"299":{"start":{"line":890,"column":0},"end":{"line":978,"column":2}},"300":{"start":{"line":894,"column":4},"end":{"line":894,"column":18}},"301":{"start":{"line":895,"column":4},"end":{"line":905,"column":7}},"302":{"start":{"line":906,"column":4},"end":{"line":975,"column":7}},"303":{"start":{"line":907,"column":8},"end":{"line":974,"column":9}},"304":{"start":{"line":910,"column":12},"end":{"line":910,"column":55}},"305":{"start":{"line":911,"column":12},"end":{"line":922,"column":13}},"306":{"start":{"line":913,"column":16},"end":{"line":920,"column":33}},"307":{"start":{"line":921,"column":16},"end":{"line":921,"column":23}},"308":{"start":{"line":923,"column":12},"end":{"line":923,"column":27}},"309":{"start":{"line":924,"column":12},"end":{"line":924,"column":18}},"310":{"start":{"line":926,"column":12},"end":{"line":926,"column":69}},"311":{"start":{"line":927,"column":12},"end":{"line":927,"column":18}},"312":{"start":{"line":929,"column":12},"end":{"line":929,"column":70}},"313":{"start":{"line":930,"column":12},"end":{"line":930,"column":70}},"314":{"start":{"line":932,"column":12},"end":{"line":932,"column":54}},"315":{"start":{"line":933,"column":12},"end":{"line":936,"column":14}},"316":{"start":{"line":938,"column":12},"end":{"line":938,"column":63}},"317":{"start":{"line":940,"column":12},"end":{"line":942,"column":29}},"318":{"start":{"line":943,"column":12},"end":{"line":943,"column":18}},"319":{"start":{"line":946,"column":12},"end":{"line":949,"column":14}},"320":{"start":{"line":950,"column":12},"end":{"line":954,"column":14}},"321":{"start":{"line":956,"column":12},"end":{"line":959,"column":14}},"322":{"start":{"line":960,"column":12},"end":{"line":964,"column":14}},"323":{"start":{"line":966,"column":12},"end":{"line":969,"column":14}},"324":{"start":{"line":970,"column":12},"end":{"line":970,"column":69}},"325":{"start":{"line":971,"column":12},"end":{"line":971,"column":18}},"326":{"start":{"line":973,"column":12},"end":{"line":973,"column":31}},"327":{"start":{"line":976,"column":4},"end":{"line":976,"column":22}},"328":{"start":{"line":977,"column":4},"end":{"line":977,"column":19}},"329":{"start":{"line":980,"column":0},"end":{"line":992,"column":2}},"330":{"start":{"line":984,"column":4},"end":{"line":987,"column":5}},"331":{"start":{"line":985,"column":8},"end":{"line":985,"column":27}},"332":{"start":{"line":986,"column":8},"end":{"line":986,"column":15}},"333":{"start":{"line":988,"column":4},"end":{"line":990,"column":7}},"334":{"start":{"line":991,"column":4},"end":{"line":991,"column":30}},"335":{"start":{"line":994,"column":0},"end":{"line":1044,"column":2}},"336":{"start":{"line":998,"column":4},"end":{"line":998,"column":17}},"337":{"start":{"line":999,"column":4},"end":{"line":999,"column":18}},"338":{"start":{"line":1000,"column":4},"end":{"line":1000,"column":18}},"339":{"start":{"line":1001,"column":4},"end":{"line":1042,"column":6}},"340":{"start":{"line":1002,"column":8},"end":{"line":1002,"column":23}},"341":{"start":{"line":1003,"column":8},"end":{"line":1041,"column":9}},"342":{"start":{"line":1005,"column":12},"end":{"line":1007,"column":15}},"343":{"start":{"line":1009,"column":12},"end":{"line":1011,"column":25}},"344":{"start":{"line":1012,"column":12},"end":{"line":1012,"column":18}},"345":{"start":{"line":1015,"column":12},"end":{"line":1015,"column":43}},"346":{"start":{"line":1017,"column":12},"end":{"line":1017,"column":55}},"347":{"start":{"line":1018,"column":12},"end":{"line":1018,"column":57}},"348":{"start":{"line":1020,"column":12},"end":{"line":1020,"column":67}},"349":{"start":{"line":1021,"column":12},"end":{"line":1024,"column":14}},"350":{"start":{"line":1026,"column":12},"end":{"line":1030,"column":25}},"351":{"start":{"line":1031,"column":12},"end":{"line":1031,"column":18}},"352":{"start":{"line":1034,"column":12},"end":{"line":1034,"column":42}},"353":{"start":{"line":1036,"column":12},"end":{"line":1036,"column":56}},"354":{"start":{"line":1037,"column":12},"end":{"line":1037,"column":23}},"355":{"start":{"line":1038,"column":12},"end":{"line":1038,"column":18}},"356":{"start":{"line":1040,"column":12},"end":{"line":1040,"column":31}},"357":{"start":{"line":1043,"column":4},"end":{"line":1043,"column":15}},"358":{"start":{"line":1046,"column":0},"end":{"line":1093,"column":2}},"359":{"start":{"line":1050,"column":4},"end":{"line":1050,"column":13}},"360":{"start":{"line":1051,"column":4},"end":{"line":1090,"column":7}},"361":{"start":{"line":1052,"column":8},"end":{"line":1089,"column":9}},"362":{"start":{"line":1054,"column":12},"end":{"line":1058,"column":15}},"363":{"start":{"line":1059,"column":12},"end":{"line":1059,"column":38}},"364":{"start":{"line":1061,"column":12},"end":{"line":1068,"column":29}},"365":{"start":{"line":1069,"column":12},"end":{"line":1069,"column":18}},"366":{"start":{"line":1072,"column":12},"end":{"line":1072,"column":68}},"367":{"start":{"line":1073,"column":12},"end":{"line":1076,"column":14}},"368":{"start":{"line":1077,"column":12},"end":{"line":1079,"column":15}},"369":{"start":{"line":1081,"column":12},"end":{"line":1081,"column":69}},"370":{"start":{"line":1082,"column":12},"end":{"line":1082,"column":18}},"371":{"start":{"line":1085,"column":12},"end":{"line":1085,"column":72}},"372":{"start":{"line":1086,"column":12},"end":{"line":1086,"column":18}},"373":{"start":{"line":1088,"column":12},"end":{"line":1088,"column":25}},"374":{"start":{"line":1091,"column":4},"end":{"line":1091,"column":22}},"375":{"start":{"line":1092,"column":4},"end":{"line":1092,"column":19}},"376":{"start":{"line":1095,"column":0},"end":{"line":1120,"column":2}},"377":{"start":{"line":1099,"column":4},"end":{"line":1099,"column":13}},"378":{"start":{"line":1100,"column":4},"end":{"line":1117,"column":7}},"379":{"start":{"line":1101,"column":8},"end":{"line":1116,"column":9}},"380":{"start":{"line":1104,"column":12},"end":{"line":1107,"column":14}},"381":{"start":{"line":1108,"column":12},"end":{"line":1108,"column":18}},"382":{"start":{"line":1111,"column":12},"end":{"line":1111,"column":68}},"383":{"start":{"line":1112,"column":12},"end":{"line":1112,"column":27}},"384":{"start":{"line":1113,"column":12},"end":{"line":1113,"column":18}},"385":{"start":{"line":1115,"column":12},"end":{"line":1115,"column":25}},"386":{"start":{"line":1118,"column":4},"end":{"line":1118,"column":22}},"387":{"start":{"line":1119,"column":4},"end":{"line":1119,"column":19}},"388":{"start":{"line":1122,"column":0},"end":{"line":1155,"column":2}},"389":{"start":{"line":1126,"column":4},"end":{"line":1126,"column":19}},"390":{"start":{"line":1127,"column":4},"end":{"line":1127,"column":43}},"391":{"start":{"line":1128,"column":4},"end":{"line":1128,"column":28}},"392":{"start":{"line":1129,"column":4},"end":{"line":1153,"column":7}},"393":{"start":{"line":1141,"column":8},"end":{"line":1141,"column":32}},"394":{"start":{"line":1142,"column":8},"end":{"line":1152,"column":11}},"395":{"start":{"line":1148,"column":12},"end":{"line":1148,"column":43}},"396":{"start":{"line":1150,"column":12},"end":{"line":1150,"column":70}},"397":{"start":{"line":1151,"column":12},"end":{"line":1151,"column":25}},"398":{"start":{"line":1154,"column":4},"end":{"line":1154,"column":26}},"399":{"start":{"line":1157,"column":0},"end":{"line":1198,"column":2}},"400":{"start":{"line":1161,"column":4},"end":{"line":1161,"column":19}},"401":{"start":{"line":1162,"column":4},"end":{"line":1162,"column":43}},"402":{"start":{"line":1163,"column":4},"end":{"line":1163,"column":28}},"403":{"start":{"line":1164,"column":4},"end":{"line":1164,"column":28}},"404":{"start":{"line":1165,"column":4},"end":{"line":1178,"column":7}},"405":{"start":{"line":1174,"column":8},"end":{"line":1174,"column":39}},"406":{"start":{"line":1176,"column":8},"end":{"line":1176,"column":68}},"407":{"start":{"line":1177,"column":8},"end":{"line":1177,"column":21}},"408":{"start":{"line":1179,"column":4},"end":{"line":1179,"column":28}},"409":{"start":{"line":1180,"column":4},"end":{"line":1196,"column":7}},"410":{"start":{"line":1189,"column":8},"end":{"line":1189,"column":38}},"411":{"start":{"line":1191,"column":8},"end":{"line":1194,"column":10}},"412":{"start":{"line":1195,"column":8},"end":{"line":1195,"column":21}},"413":{"start":{"line":1197,"column":4},"end":{"line":1197,"column":26}},"414":{"start":{"line":1200,"column":0},"end":{"line":1246,"column":2}},"415":{"start":{"line":1204,"column":4},"end":{"line":1204,"column":19}},"416":{"start":{"line":1205,"column":4},"end":{"line":1205,"column":43}},"417":{"start":{"line":1206,"column":4},"end":{"line":1206,"column":28}},"418":{"start":{"line":1207,"column":4},"end":{"line":1244,"column":7}},"419":{"start":{"line":1226,"column":8},"end":{"line":1226,"column":32}},"420":{"start":{"line":1227,"column":8},"end":{"line":1243,"column":11}},"421":{"start":{"line":1236,"column":12},"end":{"line":1236,"column":42}},"422":{"start":{"line":1238,"column":12},"end":{"line":1241,"column":14}},"423":{"start":{"line":1242,"column":12},"end":{"line":1242,"column":25}},"424":{"start":{"line":1245,"column":4},"end":{"line":1245,"column":26}},"425":{"start":{"line":1248,"column":0},"end":{"line":1270,"column":2}},"426":{"start":{"line":1252,"column":4},"end":{"line":1252,"column":13}},"427":{"start":{"line":1253,"column":4},"end":{"line":1267,"column":7}},"428":{"start":{"line":1254,"column":8},"end":{"line":1266,"column":9}},"429":{"start":{"line":1256,"column":12},"end":{"line":1256,"column":78}},"430":{"start":{"line":1257,"column":12},"end":{"line":1257,"column":18}},"431":{"start":{"line":1260,"column":12},"end":{"line":1260,"column":68}},"432":{"start":{"line":1261,"column":12},"end":{"line":1261,"column":59}},"433":{"start":{"line":1262,"column":12},"end":{"line":1262,"column":27}},"434":{"start":{"line":1263,"column":12},"end":{"line":1263,"column":18}},"435":{"start":{"line":1265,"column":12},"end":{"line":1265,"column":25}},"436":{"start":{"line":1268,"column":4},"end":{"line":1268,"column":22}},"437":{"start":{"line":1269,"column":4},"end":{"line":1269,"column":19}},"438":{"start":{"line":1272,"column":0},"end":{"line":1510,"column":2}},"439":{"start":{"line":1276,"column":4},"end":{"line":1300,"column":14}},"440":{"start":{"line":1301,"column":12},"end":{"line":1301,"column":39}},"441":{"start":{"line":1302,"column":12},"end":{"line":1508,"column":6}},"442":{"start":{"line":1509,"column":4},"end":{"line":1509,"column":23}},"443":{"start":{"line":1512,"column":0},"end":{"line":1548,"column":2}},"444":{"start":{"line":1517,"column":4},"end":{"line":1517,"column":19}},"445":{"start":{"line":1518,"column":4},"end":{"line":1518,"column":43}},"446":{"start":{"line":1519,"column":4},"end":{"line":1519,"column":28}},"447":{"start":{"line":1520,"column":4},"end":{"line":1546,"column":7}},"448":{"start":{"line":1521,"column":8},"end":{"line":1523,"column":9}},"449":{"start":{"line":1522,"column":12},"end":{"line":1522,"column":19}},"450":{"start":{"line":1525,"column":8},"end":{"line":1525,"column":32}},"451":{"start":{"line":1526,"column":8},"end":{"line":1530,"column":11}},"452":{"start":{"line":1528,"column":12},"end":{"line":1528,"column":44}},"453":{"start":{"line":1529,"column":12},"end":{"line":1529,"column":34}},"454":{"start":{"line":1531,"column":8},"end":{"line":1531,"column":32}},"455":{"start":{"line":1532,"column":8},"end":{"line":1545,"column":11}},"456":{"start":{"line":1536,"column":12},"end":{"line":1538,"column":15}},"457":{"start":{"line":1540,"column":12},"end":{"line":1540,"column":34}},"458":{"start":{"line":1541,"column":12},"end":{"line":1543,"column":15}},"459":{"start":{"line":1544,"column":12},"end":{"line":1544,"column":34}},"460":{"start":{"line":1547,"column":4},"end":{"line":1547,"column":26}},"461":{"start":{"line":1550,"column":0},"end":{"line":1712,"column":2}},"462":{"start":{"line":1554,"column":4},"end":{"line":1554,"column":19}},"463":{"start":{"line":1555,"column":4},"end":{"line":1555,"column":43}},"464":{"start":{"line":1556,"column":4},"end":{"line":1556,"column":28}},"465":{"start":{"line":1557,"column":4},"end":{"line":1660,"column":7}},"466":{"start":{"line":1644,"column":8},"end":{"line":1644,"column":32}},"467":{"start":{"line":1645,"column":8},"end":{"line":1659,"column":11}},"468":{"start":{"line":1649,"column":12},"end":{"line":1649,"column":64}},"469":{"start":{"line":1651,"column":12},"end":{"line":1651,"column":55}},"470":{"start":{"line":1653,"column":12},"end":{"line":1653,"column":79}},"471":{"start":{"line":1658,"column":12},"end":{"line":1658,"column":34}},"472":{"start":{"line":1661,"column":4},"end":{"line":1710,"column":7}},"473":{"start":{"line":1696,"column":8},"end":{"line":1696,"column":32}},"474":{"start":{"line":1697,"column":8},"end":{"line":1709,"column":11}},"475":{"start":{"line":1701,"column":12},"end":{"line":1701,"column":64}},"476":{"start":{"line":1703,"column":12},"end":{"line":1703,"column":55}},"477":{"start":{"line":1705,"column":12},"end":{"line":1705,"column":79}},"478":{"start":{"line":1707,"column":12},"end":{"line":1707,"column":43}},"479":{"start":{"line":1708,"column":12},"end":{"line":1708,"column":34}},"480":{"start":{"line":1711,"column":4},"end":{"line":1711,"column":26}},"481":{"start":{"line":1714,"column":0},"end":{"line":1749,"column":2}},"482":{"start":{"line":1718,"column":4},"end":{"line":1721,"column":5}},"483":{"start":{"line":1719,"column":8},"end":{"line":1719,"column":27}},"484":{"start":{"line":1720,"column":8},"end":{"line":1720,"column":15}},"485":{"start":{"line":1722,"column":4},"end":{"line":1748,"column":16}},"486":{"start":{"line":1742,"column":8},"end":{"line":1742,"column":32}},"487":{"start":{"line":1743,"column":8},"end":{"line":1747,"column":11}},"488":{"start":{"line":1745,"column":12},"end":{"line":1745,"column":78}},"489":{"start":{"line":1746,"column":12},"end":{"line":1746,"column":34}},"490":{"start":{"line":1751,"column":0},"end":{"line":2707,"column":2}},"491":{"start":{"line":1755,"column":4},"end":{"line":1755,"column":12}},"492":{"start":{"line":1757,"column":4},"end":{"line":1774,"column":7}},"493":{"start":{"line":1776,"column":4},"end":{"line":1806,"column":7}},"494":{"start":{"line":1810,"column":4},"end":{"line":2705,"column":7}},"495":{"start":{"line":2694,"column":8},"end":{"line":2696,"column":22}},"496":{"start":{"line":2695,"column":12},"end":{"line":2695,"column":40}},"497":{"start":{"line":2697,"column":8},"end":{"line":2697,"column":49}},"498":{"start":{"line":2699,"column":8},"end":{"line":2699,"column":39}},"499":{"start":{"line":2701,"column":8},"end":{"line":2703,"column":9}},"500":{"start":{"line":2702,"column":12},"end":{"line":2702,"column":79}},"501":{"start":{"line":2704,"column":8},"end":{"line":2704,"column":71}},"502":{"start":{"line":2706,"column":4},"end":{"line":2706,"column":23}},"503":{"start":{"line":2709,"column":0},"end":{"line":2726,"column":2}},"504":{"start":{"line":2713,"column":4},"end":{"line":2716,"column":5}},"505":{"start":{"line":2714,"column":8},"end":{"line":2714,"column":27}},"506":{"start":{"line":2715,"column":8},"end":{"line":2715,"column":15}},"507":{"start":{"line":2717,"column":4},"end":{"line":2717,"column":57}},"508":{"start":{"line":2718,"column":4},"end":{"line":2724,"column":7}},"509":{"start":{"line":2725,"column":4},"end":{"line":2725,"column":23}},"510":{"start":{"line":2728,"column":0},"end":{"line":2750,"column":2}},"511":{"start":{"line":2732,"column":4},"end":{"line":2735,"column":5}},"512":{"start":{"line":2733,"column":8},"end":{"line":2733,"column":27}},"513":{"start":{"line":2734,"column":8},"end":{"line":2734,"column":15}},"514":{"start":{"line":2736,"column":4},"end":{"line":2748,"column":7}},"515":{"start":{"line":2741,"column":8},"end":{"line":2743,"column":21}},"516":{"start":{"line":2744,"column":8},"end":{"line":2747,"column":18}},"517":{"start":{"line":2749,"column":4},"end":{"line":2749,"column":23}},"518":{"start":{"line":2752,"column":0},"end":{"line":2873,"column":2}},"519":{"start":{"line":2756,"column":4},"end":{"line":2756,"column":17}},"520":{"start":{"line":2757,"column":4},"end":{"line":2757,"column":18}},"521":{"start":{"line":2758,"column":4},"end":{"line":2758,"column":18}},"522":{"start":{"line":2759,"column":4},"end":{"line":2871,"column":6}},"523":{"start":{"line":2760,"column":8},"end":{"line":2760,"column":23}},"524":{"start":{"line":2761,"column":8},"end":{"line":2870,"column":9}},"525":{"start":{"line":2764,"column":12},"end":{"line":2764,"column":42}},"526":{"start":{"line":2766,"column":12},"end":{"line":2766,"column":43}},"527":{"start":{"line":2767,"column":12},"end":{"line":2767,"column":18}},"528":{"start":{"line":2770,"column":12},"end":{"line":2770,"column":42}},"529":{"start":{"line":2772,"column":12},"end":{"line":2775,"column":25}},"530":{"start":{"line":2776,"column":12},"end":{"line":2776,"column":18}},"531":{"start":{"line":2779,"column":12},"end":{"line":2779,"column":42}},"532":{"start":{"line":2781,"column":12},"end":{"line":2781,"column":56}},"533":{"start":{"line":2783,"column":12},"end":{"line":2786,"column":14}},"534":{"start":{"line":2788,"column":12},"end":{"line":2788,"column":43}},"535":{"start":{"line":2789,"column":12},"end":{"line":2789,"column":18}},"536":{"start":{"line":2792,"column":12},"end":{"line":2792,"column":42}},"537":{"start":{"line":2794,"column":12},"end":{"line":2794,"column":56}},"538":{"start":{"line":2796,"column":12},"end":{"line":2799,"column":14}},"539":{"start":{"line":2801,"column":12},"end":{"line":2804,"column":25}},"540":{"start":{"line":2805,"column":12},"end":{"line":2805,"column":18}},"541":{"start":{"line":2808,"column":12},"end":{"line":2808,"column":43}},"542":{"start":{"line":2810,"column":12},"end":{"line":2810,"column":56}},"543":{"start":{"line":2812,"column":12},"end":{"line":2812,"column":80}},"544":{"start":{"line":2814,"column":12},"end":{"line":2814,"column":79}},"545":{"start":{"line":2815,"column":12},"end":{"line":2815,"column":18}},"546":{"start":{"line":2818,"column":12},"end":{"line":2818,"column":43}},"547":{"start":{"line":2820,"column":12},"end":{"line":2820,"column":56}},"548":{"start":{"line":2822,"column":12},"end":{"line":2822,"column":80}},"549":{"start":{"line":2825,"column":12},"end":{"line":2829,"column":25}},"550":{"start":{"line":2830,"column":12},"end":{"line":2830,"column":18}},"551":{"start":{"line":2833,"column":12},"end":{"line":2833,"column":43}},"552":{"start":{"line":2835,"column":12},"end":{"line":2835,"column":56}},"553":{"start":{"line":2837,"column":12},"end":{"line":2837,"column":80}},"554":{"start":{"line":2839,"column":12},"end":{"line":2839,"column":43}},"555":{"start":{"line":2840,"column":12},"end":{"line":2840,"column":18}},"556":{"start":{"line":2843,"column":12},"end":{"line":2843,"column":42}},"557":{"start":{"line":2845,"column":12},"end":{"line":2845,"column":56}},"558":{"start":{"line":2847,"column":12},"end":{"line":2849,"column":25}},"559":{"start":{"line":2850,"column":12},"end":{"line":2850,"column":18}},"560":{"start":{"line":2853,"column":12},"end":{"line":2853,"column":42}},"561":{"start":{"line":2855,"column":12},"end":{"line":2855,"column":56}},"562":{"start":{"line":2857,"column":12},"end":{"line":2861,"column":25}},"563":{"start":{"line":2862,"column":12},"end":{"line":2862,"column":18}},"564":{"start":{"line":2865,"column":12},"end":{"line":2865,"column":42}},"565":{"start":{"line":2867,"column":12},"end":{"line":2867,"column":56}},"566":{"start":{"line":2868,"column":12},"end":{"line":2868,"column":31}},"567":{"start":{"line":2869,"column":12},"end":{"line":2869,"column":18}},"568":{"start":{"line":2872,"column":4},"end":{"line":2872,"column":15}},"569":{"start":{"line":2879,"column":0},"end":{"line":5451,"column":5}},"570":{"start":{"line":2881,"column":0},"end":{"line":2881,"column":18}},"571":{"start":{"line":2883,"column":0},"end":{"line":2885,"column":3}},"572":{"start":{"line":2886,"column":0},"end":{"line":2886,"column":53}},"573":{"start":{"line":2888,"column":0},"end":{"line":2923,"column":23}},"574":{"start":{"line":2893,"column":4},"end":{"line":2921,"column":7}},"575":{"start":{"line":2922,"column":4},"end":{"line":2922,"column":14}},"576":{"start":{"line":2925,"column":0},"end":{"line":3672,"column":5}},"577":{"start":{"line":2926,"column":4},"end":{"line":3671,"column":6}},"578":{"start":{"line":3676,"column":0},"end":{"line":3693,"column":3}},"579":{"start":{"line":3679,"column":4},"end":{"line":3682,"column":6}},"580":{"start":{"line":3683,"column":4},"end":{"line":3687,"column":7}},"581":{"start":{"line":3688,"column":4},"end":{"line":3692,"column":6}},"582":{"start":{"line":3694,"column":0},"end":{"line":3696,"column":2}},"583":{"start":{"line":3697,"column":0},"end":{"line":3701,"column":2}},"584":{"start":{"line":3703,"column":0},"end":{"line":3705,"column":2}},"585":{"start":{"line":3707,"column":0},"end":{"line":3707,"column":80}},"586":{"start":{"line":3709,"column":0},"end":{"line":3709,"column":53}},"587":{"start":{"line":3711,"column":0},"end":{"line":3734,"column":3}},"588":{"start":{"line":3712,"column":4},"end":{"line":3733,"column":5}},"589":{"start":{"line":3715,"column":8},"end":{"line":3720,"column":10}},"590":{"start":{"line":3716,"column":12},"end":{"line":3716,"column":65}},"591":{"start":{"line":3721,"column":8},"end":{"line":3721,"column":14}},"592":{"start":{"line":3728,"column":8},"end":{"line":3728,"column":76}},"593":{"start":{"line":3729,"column":8},"end":{"line":3729,"column":14}},"594":{"start":{"line":3732,"column":8},"end":{"line":3732,"column":66}},"595":{"start":{"line":3737,"column":0},"end":{"line":3737,"column":26}},"596":{"start":{"line":3738,"column":0},"end":{"line":5438,"column":4}},"597":{"start":{"line":3759,"column":12},"end":{"line":3761,"column":14}},"598":{"start":{"line":5440,"column":0},"end":{"line":5440,"column":68}}},"branchMap":{"1":{"line":9,"type":"binary-expr","locations":[{"start":{"line":9,"column":28},"end":{"line":9,"column":49},"skip":true},{"start":{"line":9,"column":53},"end":{"line":9,"column":63},"skip":true}]},"2":{"line":11,"type":"if","locations":[{"start":{"line":11,"column":4},"end":{"line":11,"column":4},"skip":true},{"start":{"line":11,"column":4},"end":{"line":11,"column":4},"skip":true}]},"3":{"line":33,"type":"binary-expr","locations":[{"start":{"line":33,"column":8},"end":{"line":33,"column":55},"skip":true},{"start":{"line":34,"column":11},"end":{"line":34,"column":31},"skip":true},{"start":{"line":35,"column":11},"end":{"line":35,"column":61},"skip":true}]},"4":{"line":43,"type":"if","locations":[{"start":{"line":43,"column":8},"end":{"line":43,"column":8},"skip":true},{"start":{"line":43,"column":8},"end":{"line":43,"column":8},"skip":true}]},"5":{"line":47,"type":"cond-expr","locations":[{"start":{"line":53,"column":14},"end":{"line":53,"column":21},"skip":true},{"start":{"line":54,"column":14},"end":{"line":60,"column":13},"skip":true}]},"6":{"line":48,"type":"binary-expr","locations":[{"start":{"line":48,"column":16},"end":{"line":48,"column":23},"skip":true},{"start":{"line":49,"column":19},"end":{"line":49,"column":54},"skip":true},{"start":{"line":50,"column":19},"end":{"line":50,"column":52},"skip":true}]},"7":{"line":55,"type":"cond-expr","locations":[{"start":{"line":57,"column":18},"end":{"line":57,"column":25},"skip":true},{"start":{"line":59,"column":18},"end":{"line":59,"column":50},"skip":true}]},"8":{"line":118,"type":"binary-expr","locations":[{"start":{"line":118,"column":15},"end":{"line":118,"column":18},"skip":true},{"start":{"line":118,"column":22},"end":{"line":118,"column":31},"skip":true}]},"9":{"line":132,"type":"binary-expr","locations":[{"start":{"line":132,"column":17},"end":{"line":132,"column":23},"skip":true},{"start":{"line":132,"column":27},"end":{"line":132,"column":29},"skip":true}]},"10":{"line":133,"type":"binary-expr","locations":[{"start":{"line":133,"column":20},"end":{"line":133,"column":26},"skip":true},{"start":{"line":133,"column":30},"end":{"line":133,"column":32},"skip":true}]},"11":{"line":134,"type":"if","locations":[{"start":{"line":134,"column":12},"end":{"line":134,"column":12},"skip":true},{"start":{"line":134,"column":12},"end":{"line":134,"column":12},"skip":true}]},"12":{"line":135,"type":"binary-expr","locations":[{"start":{"line":135,"column":16},"end":{"line":135,"column":36},"skip":true},{"start":{"line":136,"column":19},"end":{"line":136,"column":44},"skip":true},{"start":{"line":137,"column":19},"end":{"line":137,"column":37},"skip":true}]},"13":{"line":139,"type":"binary-expr","locations":[{"start":{"line":139,"column":30},"end":{"line":139,"column":41},"skip":true},{"start":{"line":139,"column":45},"end":{"line":139,"column":56},"skip":true}]},"14":{"line":154,"type":"binary-expr","locations":[{"start":{"line":154,"column":15},"end":{"line":154,"column":18},"skip":true},{"start":{"line":154,"column":22},"end":{"line":154,"column":24},"skip":true}]},"15":{"line":160,"type":"binary-expr","locations":[{"start":{"line":160,"column":15},"end":{"line":160,"column":18},"skip":true},{"start":{"line":160,"column":22},"end":{"line":160,"column":24},"skip":true}]},"16":{"line":166,"type":"binary-expr","locations":[{"start":{"line":166,"column":15},"end":{"line":166,"column":18},"skip":true},{"start":{"line":166,"column":22},"end":{"line":166,"column":24},"skip":true}]},"17":{"line":169,"type":"if","locations":[{"start":{"line":169,"column":4},"end":{"line":169,"column":4},"skip":true},{"start":{"line":169,"column":4},"end":{"line":169,"column":4},"skip":true}]},"18":{"line":198,"type":"binary-expr","locations":[{"start":{"line":198,"column":3},"end":{"line":198,"column":33},"skip":true},{"start":{"line":198,"column":37},"end":{"line":198,"column":47},"skip":true},{"start":{"line":198,"column":53},"end":{"line":200,"column":3},"skip":true}]},"19":{"line":213,"type":"binary-expr","locations":[{"start":{"line":213,"column":4},"end":{"line":213,"column":23}},{"start":{"line":213,"column":27},"end":{"line":213,"column":65}}]},"20":{"line":229,"type":"switch","locations":[{"start":{"line":230,"column":4},"end":{"line":240,"column":14}},{"start":{"line":241,"column":4},"end":{"line":253,"column":14}},{"start":{"line":254,"column":4},"end":{"line":264,"column":14}},{"start":{"line":265,"column":4},"end":{"line":277,"column":11}}]},"21":{"line":270,"type":"binary-expr","locations":[{"start":{"line":270,"column":30},"end":{"line":270,"column":41}},{"start":{"line":270,"column":45},"end":{"line":270,"column":63}}]},"22":{"line":321,"type":"if","locations":[{"start":{"line":321,"column":12},"end":{"line":321,"column":12}},{"start":{"line":321,"column":12},"end":{"line":321,"column":12}}]},"23":{"line":338,"type":"if","locations":[{"start":{"line":338,"column":4},"end":{"line":338,"column":4}},{"start":{"line":338,"column":4},"end":{"line":338,"column":4}}]},"24":{"line":366,"type":"switch","locations":[{"start":{"line":367,"column":8},"end":{"line":374,"column":18}},{"start":{"line":375,"column":8},"end":{"line":383,"column":18}},{"start":{"line":384,"column":8},"end":{"line":385,"column":31}}]},"25":{"line":482,"type":"switch","locations":[{"start":{"line":483,"column":8},"end":{"line":486,"column":18}},{"start":{"line":487,"column":8},"end":{"line":490,"column":18}},{"start":{"line":491,"column":8},"end":{"line":494,"column":18}},{"start":{"line":495,"column":8},"end":{"line":498,"column":18}},{"start":{"line":499,"column":8},"end":{"line":500,"column":31}}]},"26":{"line":545,"type":"switch","locations":[{"start":{"line":546,"column":8},"end":{"line":553,"column":18}},{"start":{"line":554,"column":8},"end":{"line":562,"column":18}},{"start":{"line":563,"column":8},"end":{"line":564,"column":31}}]},"27":{"line":580,"type":"switch","locations":[{"start":{"line":581,"column":8},"end":{"line":586,"column":18}},{"start":{"line":587,"column":8},"end":{"line":608,"column":18}},{"start":{"line":609,"column":8},"end":{"line":610,"column":31}}]},"28":{"line":625,"type":"switch","locations":[{"start":{"line":626,"column":8},"end":{"line":633,"column":18}},{"start":{"line":634,"column":8},"end":{"line":642,"column":18}},{"start":{"line":643,"column":8},"end":{"line":644,"column":31}}]},"29":{"line":681,"type":"switch","locations":[{"start":{"line":682,"column":8},"end":{"line":692,"column":18}},{"start":{"line":693,"column":8},"end":{"line":700,"column":18}},{"start":{"line":701,"column":8},"end":{"line":706,"column":18}},{"start":{"line":707,"column":8},"end":{"line":715,"column":18}},{"start":{"line":716,"column":8},"end":{"line":717,"column":31}}]},"30":{"line":732,"type":"switch","locations":[{"start":{"line":733,"column":8},"end":{"line":747,"column":18}},{"start":{"line":748,"column":8},"end":{"line":753,"column":18}},{"start":{"line":754,"column":8},"end":{"line":759,"column":18}},{"start":{"line":760,"column":8},"end":{"line":768,"column":18}},{"start":{"line":769,"column":8},"end":{"line":770,"column":31}}]},"31":{"line":734,"type":"if","locations":[{"start":{"line":734,"column":12},"end":{"line":734,"column":12}},{"start":{"line":734,"column":12},"end":{"line":734,"column":12}}]},"32":{"line":794,"type":"switch","locations":[{"start":{"line":795,"column":8},"end":{"line":802,"column":18}},{"start":{"line":803,"column":8},"end":{"line":814,"column":18}},{"start":{"line":815,"column":8},"end":{"line":816,"column":31}}]},"33":{"line":840,"type":"switch","locations":[{"start":{"line":841,"column":8},"end":{"line":852,"column":18}},{"start":{"line":853,"column":8},"end":{"line":881,"column":18}},{"start":{"line":882,"column":8},"end":{"line":883,"column":31}}]},"34":{"line":907,"type":"switch","locations":[{"start":{"line":908,"column":8},"end":{"line":924,"column":18}},{"start":{"line":925,"column":8},"end":{"line":927,"column":18}},{"start":{"line":928,"column":8},"end":{"line":943,"column":18}},{"start":{"line":944,"column":8},"end":{"line":971,"column":18}},{"start":{"line":972,"column":8},"end":{"line":973,"column":31}}]},"35":{"line":911,"type":"if","locations":[{"start":{"line":911,"column":12},"end":{"line":911,"column":12}},{"start":{"line":911,"column":12},"end":{"line":911,"column":12}}]},"36":{"line":984,"type":"if","locations":[{"start":{"line":984,"column":4},"end":{"line":984,"column":4}},{"start":{"line":984,"column":4},"end":{"line":984,"column":4}}]},"37":{"line":1003,"type":"switch","locations":[{"start":{"line":1004,"column":8},"end":{"line":1012,"column":18}},{"start":{"line":1013,"column":8},"end":{"line":1031,"column":18}},{"start":{"line":1032,"column":8},"end":{"line":1038,"column":18}},{"start":{"line":1039,"column":8},"end":{"line":1040,"column":31}}]},"38":{"line":1052,"type":"switch","locations":[{"start":{"line":1053,"column":8},"end":{"line":1069,"column":18}},{"start":{"line":1070,"column":8},"end":{"line":1082,"column":18}},{"start":{"line":1083,"column":8},"end":{"line":1086,"column":18}},{"start":{"line":1087,"column":8},"end":{"line":1088,"column":25}}]},"39":{"line":1101,"type":"switch","locations":[{"start":{"line":1102,"column":8},"end":{"line":1108,"column":18}},{"start":{"line":1109,"column":8},"end":{"line":1113,"column":18}},{"start":{"line":1114,"column":8},"end":{"line":1115,"column":25}}]},"40":{"line":1254,"type":"switch","locations":[{"start":{"line":1255,"column":8},"end":{"line":1257,"column":18}},{"start":{"line":1258,"column":8},"end":{"line":1263,"column":18}},{"start":{"line":1264,"column":8},"end":{"line":1265,"column":25}}]},"41":{"line":1521,"type":"if","locations":[{"start":{"line":1521,"column":8},"end":{"line":1521,"column":8}},{"start":{"line":1521,"column":8},"end":{"line":1521,"column":8}}]},"42":{"line":1718,"type":"if","locations":[{"start":{"line":1718,"column":4},"end":{"line":1718,"column":4}},{"start":{"line":1718,"column":4},"end":{"line":1718,"column":4}}]},"43":{"line":1745,"type":"binary-expr","locations":[{"start":{"line":1745,"column":32},"end":{"line":1745,"column":36}},{"start":{"line":1745,"column":40},"end":{"line":1745,"column":71}}]},"44":{"line":2701,"type":"if","locations":[{"start":{"line":2701,"column":8},"end":{"line":2701,"column":8}},{"start":{"line":2701,"column":8},"end":{"line":2701,"column":8}}]},"45":{"line":2701,"type":"binary-expr","locations":[{"start":{"line":2701,"column":12},"end":{"line":2701,"column":16}},{"start":{"line":2701,"column":20},"end":{"line":2701,"column":39}}]},"46":{"line":2713,"type":"if","locations":[{"start":{"line":2713,"column":4},"end":{"line":2713,"column":4}},{"start":{"line":2713,"column":4},"end":{"line":2713,"column":4}}]},"47":{"line":2732,"type":"if","locations":[{"start":{"line":2732,"column":4},"end":{"line":2732,"column":4}},{"start":{"line":2732,"column":4},"end":{"line":2732,"column":4}}]},"48":{"line":2761,"type":"switch","locations":[{"start":{"line":2762,"column":8},"end":{"line":2767,"column":18}},{"start":{"line":2768,"column":8},"end":{"line":2776,"column":18}},{"start":{"line":2777,"column":8},"end":{"line":2789,"column":18}},{"start":{"line":2790,"column":8},"end":{"line":2805,"column":18}},{"start":{"line":2806,"column":8},"end":{"line":2815,"column":18}},{"start":{"line":2816,"column":8},"end":{"line":2830,"column":18}},{"start":{"line":2831,"column":8},"end":{"line":2840,"column":18}},{"start":{"line":2841,"column":8},"end":{"line":2850,"column":18}},{"start":{"line":2851,"column":8},"end":{"line":2862,"column":18}},{"start":{"line":2863,"column":8},"end":{"line":2869,"column":18}}]},"49":{"line":3712,"type":"switch","locations":[{"start":{"line":3713,"column":4},"end":{"line":3721,"column":14}},{"start":{"line":3722,"column":4},"end":{"line":3722,"column":36}},{"start":{"line":3723,"column":4},"end":{"line":3723,"column":49}},{"start":{"line":3724,"column":4},"end":{"line":3724,"column":41}},{"start":{"line":3725,"column":4},"end":{"line":3725,"column":41}},{"start":{"line":3726,"column":4},"end":{"line":3729,"column":14}},{"start":{"line":3730,"column":4},"end":{"line":3732,"column":66}}]},"50":{"line":3712,"type":"binary-expr","locations":[{"start":{"line":3712,"column":12},"end":{"line":3712,"column":30}},{"start":{"line":3712,"column":34},"end":{"line":3712,"column":64}}]},"51":{"line":3718,"type":"binary-expr","locations":[{"start":{"line":3718,"column":23},"end":{"line":3718,"column":47}},{"start":{"line":3718,"column":51},"end":{"line":3718,"column":57}}]},"52":{"line":3719,"type":"binary-expr","locations":[{"start":{"line":3719,"column":23},"end":{"line":3719,"column":46}},{"start":{"line":3719,"column":50},"end":{"line":3719,"column":56}}]}},"code":["/* istanbul instrument in package swgg */","/* istanbul ignore next */","/* jslint utility2:true */","(function (globalThis) {","    \"use strict\";","    let consoleError;","    let local;","    // init globalThis","    globalThis.globalThis = globalThis.globalThis || globalThis;","    // init debug_inline","    if (!globalThis[\"debug\\u0049nline\"]) {","        consoleError = console.error;","        globalThis[\"debug\\u0049nline\"] = function (...argList) {","        /*","         * this function will both print <argList> to stderr","         * and return <argList>[0]","         */","            // debug argList","            globalThis[\"debug\\u0049nlineArgList\"] = argList;","            consoleError(\"\\n\\ndebug\\u0049nline\");","            consoleError.apply(console, argList);","            consoleError(\"\\n\");","            // return arg0 for inspection","            return argList[0];","        };","    }","    // init local","    local = {};","    local.local = local;","    globalThis.globalLocal = local;","    // init isBrowser","    local.isBrowser = (","        typeof globalThis.XMLHttpRequest === \"function\"","        && globalThis.navigator","        && typeof globalThis.navigator.userAgent === \"string\"","    );","    // init function","    local.assertOrThrow = function (passed, message) {","    /*","     * this function will throw err.<message> if <passed> is falsy","     */","        let err;","        if (passed) {","            return;","        }","        err = (","            (","                message","                && typeof message.message === \"string\"","                && typeof message.stack === \"string\"","            )","            // if message is errObj, then leave as is","            ? message","            : new Error(","                typeof message === \"string\"","                // if message is a string, then leave as is","                ? message","                // else JSON.stringify message","                : JSON.stringify(message, null, 4)","            )","        );","        throw err;","    };","    local.fsRmrfSync = function (dir) {","    /*","     * this function will sync \"rm -rf\" <dir>","     */","        let child_process;","        try {","            child_process = require(\"child_process\");","        } catch (ignore) {","            return;","        }","        child_process.spawnSync(\"rm\", [","            \"-rf\", dir","        ], {","            stdio: [","                \"ignore\", 1, 2","            ]","        });","    };","    local.fsWriteFileWithMkdirpSync = function (file, data) {","    /*","     * this function will sync write <data> to <file> with \"mkdir -p\"","     */","        let fs;","        try {","            fs = require(\"fs\");","        } catch (ignore) {","            return;","        }","        // try to write file","        try {","            fs.writeFileSync(file, data);","        } catch (ignore) {","            // mkdir -p","            require(\"child_process\").spawnSync(","                \"mkdir\",","                [","                    \"-p\", require(\"path\").dirname(file)","                ],","                {","                    stdio: [","                        \"ignore\", 1, 2","                    ]","                }","            );","            // rewrite file","            fs.writeFileSync(file, data);","        }","    };","    local.functionOrNop = function (fnc) {","    /*","     * this function will if <fnc> exists,","     * return <fnc>,","     * else return <nop>","     */","        return fnc || local.nop;","    };","    local.nop = function () {","    /*","     * this function will do nothing","     */","        return;","    };","    local.objectAssignDefault = function (target, source) {","    /*","     * this function will if items from <target> are","     * null, undefined, or empty-string,","     * then overwrite them with items from <source>","     */","        target = target || {};","        Object.keys(source || {}).forEach(function (key) {","            if (","                target[key] === null","                || target[key] === undefined","                || target[key] === \"\"","            ) {","                target[key] = target[key] || source[key];","            }","        });","        return target;","    };","    local.value = function (val) {","    /*","     * this function will return <val>","     */","        return val;","    };","    local.valueOrEmptyList = function (val) {","    /*","     * this function will return <val> or []","     */","        return val || [];","    };","    local.valueOrEmptyObject = function (val) {","    /*","     * this function will return <val> or {}","     */","        return val || {};","    };","    local.valueOrEmptyString = function (val) {","    /*","     * this function will return <val> or \"\"","     */","        return val || \"\";","    };","    // require builtin","    if (!local.isBrowser) {","        local.assert = require(\"assert\");","        local.buffer = require(\"buffer\");","        local.child_process = require(\"child_process\");","        local.cluster = require(\"cluster\");","        local.crypto = require(\"crypto\");","        local.dgram = require(\"dgram\");","        local.dns = require(\"dns\");","        local.domain = require(\"domain\");","        local.events = require(\"events\")
[...]
   ],","            properties: {","                _id: {","                    readOnly: true,","                    type: \"string\"","                },","                _timeCreated: {","                    format: \"date-time\",","                    readOnly: true,","                    type: \"string\"","                },","                _timeUpdated: {","                    format: \"date-time\",","                    readOnly: true,","                    type: \"string\"","                },","                email: {","                    default: \"a@a.com\",","                    format: \"email\"","                },","                id: {","                    default: 1,","                    minimum: 1","                }","            }","        }","    },","    tags: [","        {","            description: \"builtin-file model\",","            name: \"file\"","        }","    ],","    \"x-swgg-apiDict\": {","        \"operationId.file.crudCountManyByQuery\": {","            _schemaName: \"File\"","        },","        \"operationId.file.crudSetOneById.id.id\": {","            _schemaName: \"File\"","        },","        \"operationId.file.crudGetManyByQuery\": {","            _schemaName: \"File\"","        },","        \"operationId.file.crudRemoveOneById.id.id\": {","            _schemaName: \"File\"","        },","        \"operationId.file.crudUpdateOneById.id.id\": {","            _schemaName: \"File\"","        },","        \"operationId.file.fileGetOneById.id.id\": {","            _schemaName: \"File\"","        },","        \"operationId.file.fileUploadManyByForm.1\": {","            _schemaName: \"File\"","        },","        \"operationId.addPet\": {","            _crudType: [","                \"crudSetOneById\", \"petId\", \"id\"","            ],","            _schemaName: \"Pet\"","        },","        \"operationId.pet.crudGetManyByQuery\": {","            _schemaName: \"Pet\"","        },","        \"operationId.deletePet\": {","            _crudType: [","                \"crudRemoveOneById\", \"petId\", \"id\"","            ],","            _schemaName: \"Pet\"","        },","        \"operationId.findPetsByStatus\": {","            _crudType: [","                \"crudGetManyByQuery\"","            ],","            _queryWhere: \"{\\\"status\\\":{\\\"$in\\\":{{status jsonStringify}}}}\",","            _schemaName: \"Pet\"","        },","        \"operationId.findPetsByTags\": {","            _crudType: [","                \"crudGetManyByQuery\"","            ],","            _queryWhere: \"{\\\"tags.name\\\":{\\\"$in\\\":{{tags jsonStringify}}}}\",","            _schemaName: \"Pet\"","        },","        \"operationId.getPetById\": {","            _crudType: [","                \"crudGetOneById\", \"petId\", \"id\"","            ],","            _schemaName: \"Pet\"","        },","        \"operationId.updatePet\": {","            _crudType: [","                \"crudUpdateOneById\", \"petId\", \"id\"","            ],","            _schemaName: \"Pet\"","        },","        \"operationId.updatePetWithForm\": {","            _crudType: [","                \"crudUpdateOneById\", \"petId\", \"id\"","            ],","            _schemaName: \"Pet\"","        },","        \"operationId.uploadFile\": {","            _crudType: [","                \"fileUploadManyByForm\"","            ],","            _schemaName: \"User\"","        },","        \"operationId.store.crudGetManyByQuery\": {","            _schemaName: \"Order\"","        },","        \"operationId.store.crudUpdateOneById.id.id\": {","            _schemaName: \"Order\"","        },","        \"operationId.deleteOrder\": {","            _crudType: [","                \"crudRemoveOneById\", \"orderId\", \"id\"","            ],","            _schemaName: \"Order\"","        },","        \"operationId.getInventory\": {","            _schemaName: \"Order\"","        },","        \"operationId.getOrderById\": {","            _crudType: [","                \"crudGetOneById\", \"orderId\", \"id\"","            ],","            _schemaName: \"Order\"","        },","        \"operationId.placeOrder\": {","            _crudType: [","                \"crudSetOneById\", \"orderId\", \"id\"","            ],","            _schemaName: \"Order\"","        },","        \"operationId.createUser\": {","            _crudType: [","                \"crudSetOneById\", \"username\", \"username\"","            ],","            _schemaName: \"User\"","        },","        \"operationId.createUsersWithArrayInput\": {","            _crudType: [","                \"crudSetManyById\"","            ],","            _schemaName: \"User\"","        },","        \"operationId.createUsersWithListInput\": {","            _crudType: [","                \"crudSetManyById\"","            ],","            _schemaName: \"User\"","        },","        \"operationId.user.crudCountManyByQuery\": {","            _schemaName: \"User\"","        },","        \"operationId.user.crudSetOneById.username.username\": {","            _schemaName: \"User\"","        },","        \"operationId.user.crudRemoveOneById.username.username\": {","            _schemaName: \"User\"","        },","        \"operationId.user.crudGetManyByQuery\": {","            _schemaName: \"User\"","        },","        \"operationId.user.crudUpdateOneById.username.username\": {","            _schemaName: \"User\"","        },","        \"operationId.deleteUser\": {","            _crudType: [","                \"crudRemoveOneById\", \"username\", \"username\"","            ],","            _schemaName: \"User\"","        },","        \"operationId.getUserByName\": {","            _crudType: [","                \"crudGetOneById\", \"username\", \"username\"","            ],","            _schemaName: \"User\"","        },","        \"operationId.loginUser\": {","            _crudType: [","                \"userLoginByPassword\"","            ],","            _schemaName: \"User\"","        },","        \"operationId.logoutUser\": {","            _crudType: [","                \"userLogout\"","            ],","            _schemaName: \"User\"","        },","        \"operationId.updateUser\": {","            _crudType: [","                \"crudUpdateOneById\", \"username\", \"username\"","            ],","            _schemaName: \"User\"","        },","        \"operationId.user.userLoginByPassword\": {","            _schemaName: \"User\"","        },","        \"operationId.user.userLogout\": {","            _schemaName: \"User\"","        }","    }","});","/* validateLineSortedReset */","// init db","globalThis.utility2_dbSeedList = [{","    dbRowList: [","        {","            id: \"testCase_swaggerUiLogoSmall\",","            fileBlob: local.swgg.templateSwaggerUiLogoSmallBase64,","            fileContentType: \"image/png\",","            fileDescription: \"swagger-ui logo\",","            fileFilename: \"swaggerUiLogoSmall.png\"","        }","    ],","    idIndexCreateList: [","        {","            name: \"id\"","        }","    ],","    name: \"File\"","}, {","    dbRowList: local.swgg.dbRowListRandomCreate({","        dbRowList: [","            {","                id: 0,","                name: \"birdie\",","                photoUrls: [],","                status: \"available\",","                tags: [","                    {","                        name: \"bird\"","                    }","                ]","            }, {","                id: 1,","                name: \"doggie\",","                status: \"pending\",","                photoUrls: [],","                tags: [","                    {","                        name: \"dog\"","                    }","                ]","            }, {","                id: 2,","                name: \"fishie\",","                photoUrls: [],","                status: \"sold\",","                tags: [","                    {","                        name: \"fish\"","                    }","                ]","            }","        ],","        // init 100 extra random pets","        length: 100,","        override: function (opt) {","            return {","                id: opt.ii + 100,","                name: local.listGetElementRandom([","                    \"birdie\", \"doggie\", \"fishie\"","                ]) + \"-\" + (opt.ii + 100),","                tags: [","                    {","                        name: local.listGetElementRandom([","                            \"female\", \"male\"","                        ])","                    }","                ]","            };","        },","        schema: local.swgg.swaggerJson.definitions.Pet","    }),","    idIndexCreateList: [","        {","            isInteger: true,","            name: \"id\"","        }","    ],","    name: \"Pet\"","}, {","    dbRowList: local.swgg.dbRowListRandomCreate({","        dbRowList: [","            {","                id: 0,","                petId: 0,","                status: \"available\"","            }, {","                id: 1,","                petId: 1,","                status: \"pending\"","            }, {","                id: 2,","                petId: 2,","                status: \"sold\"","            }","        ],","        // init 100 extra random orders","        length: 100,","        override: function (opt) {","            return {","                id: opt.ii + 100,","                petId: opt.ii + 100","            };","        },","        schema: local.swgg.swaggerJson.definitions.Order","    }),","    idIndexCreateList: [","        {","            isInteger: true,","            name: \"id\"","        }","    ],","    name: \"Order\"","}, {","    dbRowList: local.swgg.dbRowListRandomCreate({","        dbRowList: [","            {","                email: \"admin@admin.com\",","                firstName: \"admin\",","                id: 0,","                lastName: \"\",","                password: local.sjclHashScryptCreate(\"secret\"),","                phone: \"1234-5678\",","                username: \"admin\"","            }, {","                email: \"jane@doe.com\",","                firstName: \"jane\",","                id: 1,","                lastName: \"doe\",","                password: local.sjclHashScryptCreate(\"secret\"),","                phone: \"1234-5678\",","                username: \"jane.doe\"","            }, {","                email: \"john@doe.com\",","                firstName: \"john\",","                id: 2,","                lastName: \"doe\",","                password: local.sjclHashScryptCreate(\"secret\"),","                phone: \"1234-5678\",","                username: \"john.doe\"","            }","        ],","        // init 100 extra random users","        length: 100,","        override: function (opt) {","            return {","                firstName: local.listGetElementRandom([","                    \"alice\", \"bob\", \"jane\", \"john\"","                ]) + \"-\" + (opt.ii + 100),","                id: opt.ii + 100,","                lastName: local.listGetElementRandom([","                    \"doe\", \"smith\"","                ]) + \"-\" + (opt.ii + 100),","                password: local.sjclHashScryptCreate(\"secret\"),","                tags: [","                    {","                        name: local.listGetElementRandom([","                            \"female\", \"male\"","                        ])","                    }, {","                        name: Math.random().toString(36).slice(2)","                    }","                ]","            };","        },","        schema: local.swgg.swaggerJson.definitions.User","    }),","    idIndexCreateList: [","        {","            name: \"email\"","        }, {","            name: \"id\",","            isInteger: true","        }, {","            name: \"username\"","        }","    ],","    name: \"User\"","}];","// seed db","local.db.dbSeed(globalThis.utility2_dbSeedList, local.onErrorThrow);","// init serverLocal","local.utility2.serverLocalUrlTest = function (url) {","    url = local.urlParse(url).pathname;","    return (","        local.isBrowser","        && !local.env.npm_config_mode_backend","        && (","            /^\\/test\\.|\\/api\\/v0\\//","        ).test(url)","    );","};","}());","","","","/* istanbul ignore next */","// run browser js-env code - init-test","(function () {","if (!local.isBrowser) {","    return;","}","// log stderr and stdout to #outputStdout1","[\"error\", \"log\"].forEach(function (key) {","    let elem;","    let fnc;","    elem = document.querySelector(","        \"#outputStdout1\"","    );","    if (!elem) {","        return;","    }","    fnc = console[key];","    console[key] = function (...argList) {","        fnc.apply(console, argList);","        // append text to #outputStdout1","        elem.textContent += argList.map(function (arg) {","            return (","                typeof arg === \"string\"","                ? arg","                : JSON.stringify(arg, null, 4)","            );","        }).join(\" \").replace((","            /\\u001b\\[\\d*m/g","        ), \"\") + \"\\n\";","        // scroll textarea to bottom","        elem.scrollTop = elem.scrollHeight;","    };","});","local.objectAssignDefault(local, globalThis.domOnEventDelegateDict);","globalThis.domOnEventDelegateDict = local;","local.onEventDomDb = local.db && local.db.onEventDomDb;","local.testRunBrowser = function (evt) {","/*"," * this function will run browser-tests"," */","    switch (","        !evt.ctrlKey","        && !evt.metaKey","        && (","            evt.modeInit","            || (evt.type + \".\" + (evt.target && evt.target.id))","        )","    ) {","    // custom-case","    case true:","        // init ui","        globalThis.utility2_onReadyBefore.counter += 1;","        local.swgg.uiEventListenerDict.onEventUiReload(","            null,","            globalThis.utility2_onReadyBefore","        );","        return;","    // run browser-tests","    default:","        if (","            (evt.target && evt.target.id) !== \"buttonTestRun1\"","            && !(evt.modeInit && (","                /\\bmodeTest=1\\b/","            ).test(location.search))","        ) {","            return;","        }","        // show browser-tests","        if (document.querySelector(","            \"#htmlTestReport1\"","        ).style.maxHeight === \"0px\") {","            globalThis.domOnEventDelegateDict.domOnEventResetOutput();","            local.uiAnimateSlideDown(document.querySelector(","                \"#htmlTestReport1\"","            ));","            document.querySelector(","                \"#buttonTestRun1\"","            ).textContent = \"hide internal test\";","            local.modeTest = 1;","            local.testRunDefault(local);","            return;","        }","        // hide browser-tests","        local.uiAnimateSlideUp(document.querySelector(","            \"#htmlTestReport1\"","        ));","        document.querySelector(","            \"#buttonTestRun1\"","        ).textContent = \"run internal test\";","    }","};","","local.testRunBrowser({","    modeInit: true","});","}());","","","","/* istanbul ignore next */","// run node js-env code - init-test","(function () {","if (local.isBrowser) {","    return;","}","// init exports","module.exports = local;","/* validateLineSortedReset */","// init assets","local.assetsDict = local.assetsDict || {};","[","    \"assets.index.template.html\",","    \"assets.swgg.swagger.json\",","    \"assets.swgg.swagger.server.json\"","].forEach(function (file) {","    file = \"/\" + file;","    local.assetsDict[file] = local.assetsDict[file] || \"\";","    if (local.fs.existsSync(local.__dirname + file)) {","        local.assetsDict[file] = local.fs.readFileSync(","            local.__dirname + file,","            \"utf8\"","        );","    }","});","/* validateLineSortedReset */","/* jslint ignore:start */","local.assetsDict[\"/assets.swgg.js\"] =","    local.assetsDict[\"/assets.swgg.js\"] ||","    local.fs.readFileSync(local.__dirname + \"/lib.swgg.js\", \"utf8\"",").replace((/^#!\\//), \"// \");","/* jslint ignore:end */","/* validateLineSortedReset */","local.assetsDict[\"/\"] = local.assetsDict[","    \"/assets.index.template.html\"","].replace((","    /\\{\\{env\\.(\\w+?)\\}\\}/g","), function (match0, match1) {","    switch (match1) {","    case \"npm_package_description\":","        return \"the greatest app in the world!\";","    case \"npm_package_name\":","        return \"swgg\";","    case \"npm_package_nameLib\":","        return \"swgg\";","    case \"npm_package_version\":","        return \"0.0.1\";","    default:","        return match0;","    }","});","local.assetsDict[\"/assets.example.html\"] = local.assetsDict[\"/\"];","local.assetsDict[\"/index.html\"] = local.assetsDict[\"/\"];","// init cli","if (module !== require.main || globalThis.utility2_rollup) {","    return;","}","/* validateLineSortedReset */","local.assetsDict[\"/assets.example.js\"] = (","    local.assetsDict[\"/assets.example.js\"]","    || local.fs.readFileSync(__filename, \"utf8\")",");","local.assetsDict[\"/favicon.ico\"] = local.assetsDict[\"/favicon.ico\"] || \"\";","// if $npm_config_timeout_exit exists,","// then exit this process after $npm_config_timeout_exit ms","if (Number(process.env.npm_config_timeout_exit)) {","    setTimeout(process.exit, Number(process.env.npm_config_timeout_exit));","}","// start server","if (globalThis.utility2_serverHttp1) {","    return;","}","process.env.PORT = process.env.PORT || \"8081\";","console.error(\"http-server listening on port \" + process.env.PORT);","local.http.createServer(function (req, res) {","    req.urlParsed = local.url.parse(req.url);","    if (local.assetsDict[req.urlParsed.pathname] !== undefined) {","        res.end(local.assetsDict[req.urlParsed.pathname]);","        return;","    }","    res.statusCode = 404;","    res.end();","}).listen(process.env.PORT);","}());","}());"],"l":{"146":2,"148":2,"149":2,"151":2,"153":2,"154":1,"155":1,"161":1,"162":1,"163":1,"164":1,"166":1,"170":2,"171":2,"172":2,"174":2,"180":2,"184":1,"185":1,"186":1,"188":1,"204":1,"206":2,"210":1,"211":1,"212":1,"214":1,"216":1,"224":2,"228":1,"229":1,"230":1,"232":1,"235":1,"236":1,"239":1,"251":1,"254":2,"260":1,"262":2,"266":1,"268":2,"274":1,"275":1,"276":1,"281":1,"284":1,"286":2,"290":1,"292":2,"296":1,"298":2,"302":1,"304":2,"308":1,"311":2,"312":1,"313":1,"314":1,"315":1,"316":1,"317":1,"318":1,"319":1,"320":1,"321":1,"322":1,"323":1,"324":1,"325":1,"326":1,"327":1,"328":1,"329":1,"330":1,"331":1,"332":1,"333":1,"334":1,"335":1,"336":1,"337":1,"338":1,"341":1,"346":2,"352":2,"354":2,"360":2,"362":2,"366":2,"367":2,"374":2,"375":2,"379":238,"380":238,"381":238,"382":238,"383":238,"384":478,"386":238,"387":238,"390":2,"391":2,"393":2,"399":2,"401":234,"402":234,"404":236,"406":2,"408":2,"409":2,"410":407,"411":407,"413":2,"414":2,"416":2,"418":2,"419":2,"421":236,"424":238,"425":238,"428":2,"434":246,"438":246,"440":246,"442":246,"443":2,"444":2,"446":244,"453":2,"456":2,"504":2,"519":2,"521":2,"524":2,"525":2,"526":2,"527":2,"528":2,"530":2,"796":2,"850":200,"893":200,"939":200,"974":2,"976":2,"977":125,"978":125,"992":2,"993":2,"994":1,"997":1,"998":2,"999":2,"1000":2,"1003":2,"1004":2,"1006":1,"1007":1,"1008":1,"1010":1,"1011":1,"1020":1,"1023":1,"1024":1,"1025":1,"1026":1,"1030":1,"1041":1,"1042":1,"1046":1,"1049":1,"1055":1,"1058":1,"1061":1,"1062":1,"1065":1,"1068":1,"1069":1,"1070":1,"1073":1,"1076":1,"1082":1,"1091":2,"1092":2,"1093":1,"1096":1,"1099":1,"1100":1,"1105":3,"1106":3,"1107":3,"1108":1,"1116":1,"1122":1,"1127":4,"1129":1,"1131":1,"1133":1,"1135":1,"1137":1,"1140":1,"1141":1,"1143":1,"1144":1,"1147":1,"1151":1,"1154":1,"1155":1,"1158":1,"1159":1,"1161":1,"1162":1,"1163":1,"1164":1,"1165":1,"1166":1,"1167":1,"1169":1,"1170":1}}}