{"/home/travis/build/kaizhu256/node-swgg/test.js":{"path":"/home/travis/build/kaizhu256/node-swgg/test.js","s":{"1":2,"2":2,"3":2,"4":2,"5":2,"6":2,"7":2,"8":2,"9":2,"10":2,"11":126,"12":126,"13":18,"14":18,"15":18,"16":18,"17":18,"18":18,"19":72,"20":10656,"21":2448,"22":2448,"23":72,"24":126,"25":126,"26":2,"27":2,"28":2,"29":2,"30":2,"31":8,"32":8,"33":8,"34":8,"35":8,"36":2,"37":2,"38":8,"39":2,"40":2,"41":2,"42":1,"43":1,"44":1,"45":1,"46":1,"47":1,"48":1,"49":2,"50":2,"51":2,"52":6,"53":2,"54":2,"55":2,"56":2,"57":2,"58":2,"59":2,"60":2,"61":2,"62":2,"63":2,"64":2,"65":2,"66":2,"67":8,"68":8,"69":2,"70":2,"71":10,"72":10,"73":50,"74":10,"75":10,"76":10,"77":10,"78":10,"79":10,"80":10,"81":10,"82":10,"83":10,"84":10,"85":2,"86":2,"87":2,"88":2,"89":2,"90":18,"91":18,"92":18,"93":18,"94":18,"95":2,"96":2,"97":2,"98":2,"99":6,"100":2,"101":2,"102":2,"103":2,"104":2,"105":2,"106":2,"107":2,"108":2,"109":2,"110":52,"111":52,"112":156,"113":52,"114":52,"115":52,"116":52,"117":52,"118":70,"119":52,"120":52,"121":52,"122":52,"123":52,"124":52,"125":2,"126":2,"127":2,"128":6,"129":2,"130":2,"131":2,"132":2,"133":2,"134":2,"135":2,"136":2,"137":2,"138":2,"139":2,"140":2,"141":2,"142":2,"143":14,"144":14,"145":2,"146":2,"147":2,"148":2,"149":10,"150":2,"151":2,"152":2,"153":2,"154":2,"155":2,"156":2,"157":2,"158":2,"159":2,"160":2,"161":2,"162":2,"163":2,"164":14,"165":14,"166":70,"167":14,"168":2,"169":2,"170":12,"171":12,"172":14,"173":14,"174":14,"175":14,"176":14,"177":14,"178":14,"179":14,"180":14,"181":14,"182":14,"183":2,"184":2,"185":2,"186":2,"187":6,"188":2,"189":2,"190":2,"191":2,"192":2,"193":4,"194":4,"195":2,"196":2,"197":2,"198":2,"199":2,"200":2,"201":22,"202":22,"203":22,"204":66,"205":22,"206":22,"207":22,"208":22,"209":22,"210":22,"211":22,"212":22,"213":22,"214":22,"215":22,"216":22,"217":22,"218":22,"219":22,"220":2,"221":12,"222":12,"223":12,"224":60,"225":12,"226":12,"227":2,"228":2,"229":10,"230":10,"231":12,"232":12,"233":12,"234":12,"235":12,"236":12,"237":12,"238":12,"239":12,"240":12,"241":12,"242":12,"243":12,"244":12,"245":12,"246":12,"247":12,"248":12,"249":12,"250":2,"251":2,"252":1,"253":1,"254":1,"255":1,"256":2,"257":4,"258":4,"259":4,"260":16,"261":16,"262":4,"263":4,"264":4,"265":4,"266":4,"267":4,"268":4,"269":4,"270":4,"271":4,"272":4,"273":4,"274":4,"275":4,"276":4,"277":4,"278":2,"279":2,"280":2,"281":8,"282":2,"283":2,"284":2,"285":2,"286":2,"287":2,"288":2,"289":2,"290":2,"291":2,"292":2,"293":2,"294":2,"295":2,"296":2,"297":2,"298":2,"299":6,"300":2,"301":2,"302":2,"303":2,"304":2,"305":2,"306":2,"307":2,"308":2,"309":2,"310":2,"311":2,"312":2,"313":6,"314":6,"315":6,"316":6,"317":6,"318":2,"319":2,"320":2,"321":2,"322":2,"323":2,"324":2,"325":2,"326":2,"327":2,"328":2,"329":2,"330":2,"331":2,"332":2,"333":2,"334":2,"335":2,"336":2,"337":2,"338":2,"339":8,"340":8,"341":8,"342":8,"343":8,"344":2,"345":2,"346":2,"347":2,"348":6,"349":2,"350":2,"351":2,"352":2,"353":2,"354":2,"355":2,"356":2,"357":2,"358":2,"359":2,"360":2,"361":2,"362":2,"363":2,"364":2,"365":2,"366":2,"367":2,"368":296,"369":286,"370":10,"371":10,"372":10,"373":10,"374":10,"375":10,"376":10,"377":10,"378":10,"379":10,"380":2,"381":2,"382":2,"383":2,"384":2,"385":2,"386":28,"387":28,"388":28,"389":28,"390":28,"391":28,"392":28,"393":2,"394":6,"395":6,"396":6,"397":6,"398":6,"399":6,"400":6,"401":2,"402":2,"403":2,"404":1,"405":1,"406":1,"407":4,"408":4,"409":4,"410":4,"411":2,"412":2,"413":2,"414":2,"415":2,"416":74,"417":74,"418":74,"419":74,"420":74,"421":68,"422":74,"423":2,"424":2,"425":2,"426":1,"427":1,"428":1,"429":1,"430":1,"431":2,"432":2,"433":2,"434":1,"435":1,"436":1,"437":1,"438":1,"439":1,"440":1,"441":1,"442":1,"443":7,"444":1,"445":6,"446":423,"447":423,"448":423,"449":423,"450":53,"451":423,"452":1,"453":1,"454":1,"455":1,"456":1,"457":1,"458":1,"459":1,"460":1,"461":1,"462":1,"463":1,"464":1,"465":2,"466":2,"467":1,"468":1,"469":1,"470":3,"471":3,"472":1,"473":2,"474":2,"475":1,"476":1,"477":1,"478":1,"479":2,"480":2,"481":2,"482":2,"483":20,"484":20,"485":2,"486":2,"487":2,"488":2,"489":2,"490":2,"491":2,"492":2,"493":2,"494":2,"495":2,"496":2,"497":2,"498":2,"499":2,"500":2,"501":2,"502":2,"503":2,"504":2,"505":2,"506":2,"507":2,"508":2,"509":2,"510":2,"511":2,"512":2,"513":2,"514":2,"515":2,"516":2,"517":2,"518":2,"519":2,"520":2,"521":2,"522":2,"523":2,"524":2,"525":2,"526":2,"527":2,"528":2,"529":2,"530":2,"531":2,"532":2,"533":2,"534":2,"535":2,"536":2,"537":2,"538":2,"539":76,"540":76,"541":76,"542":2,"543":2,"544":2,"545":2,"546":2,"547":54,"548":19,"549":19,"550":19,"551":25,"552":25,"553":10,"554":2,"555":2,"556":200,"557":2},"b":{"1":[2,1,1,1],"2":[1,1],"3":[2,1],"4":[18,18,18,72],"5":[2448,1020],"6":[2,6],"7":[1,1],"8":[2,2,2],"9":[10,10,10,10,10],"10":[2,2,2],"11":[52,52,52],"12":[2,2,2],"13":[2,2,2,2,2],"14":[14,14,14,14,14],"15":[2,12],"16":[2,2,2],"17":[22,22,22],"18":[12,12,12,12,12],"19":[2,10],"20":[1,1],"21":[4,4,4,4],"22":[2,2,2,2],"23":[2,2,2],"24":[2,2,2],"25":[286,10],"26":[1,1],"27":[4,1],"28":[68,6],"29":[74,70],"30":[1,1],"31":[1,1],"32":[1,6],"33":[53,370],"34":[1,1],"35":[1,1],"36":[2,2,2,2,2,2,2,2,2,2],"37":[19,5,10,15,20,25,10],"38":[54,51],"39":[19,8],"40":[19,10]},"f":{"1":2,"2":2,"3":2,"4":126,"5":10656,"6":2448,"7":2,"8":8,"9":8,"10":2,"11":2,"12":6,"13":2,"14":8,"15":10,"16":50,"17":2,"18":18,"19":18,"20":2,"21":6,"22":52,"23":156,"24":70,"25":2,"26":6,"27":2,"28":14,"29":2,"30":10,"31":14,"32":70,"33":2,"34":6,"35":4,"36":22,"37":66,"38":12,"39":60,"40":2,"41":4,"42":16,"43":2,"44":8,"45":2,"46":6,"47":2,"48":6,"49":6,"50":2,"51":2,"52":2,"53":2,"54":8,"55":8,"56":2,"57":6,"58":2,"59":2,"60":296,"61":10,"62":10,"63":2,"64":28,"65":28,"66":6,"67":6,"68":2,"69":4,"70":4,"71":2,"72":74,"73":74,"74":2,"75":2,"76":1,"77":1,"78":7,"79":423,"80":423,"81":2,"82":3,"83":2,"84":2,"85":20,"86":2,"87":2,"88":2,"89":76,"90":54,"91":19,"92":200},"fnMap":{"1":{"name":"(anonymous_1)","line":13,"loc":{"start":{"line":13,"column":1},"end":{"line":13,"column":13}}},"2":{"name":"(anonymous_2)","line":20,"loc":{"start":{"line":20,"column":5},"end":{"line":20,"column":17}}},"3":{"name":"(anonymous_3)","line":42,"loc":{"start":{"line":42,"column":5},"end":{"line":42,"column":17}}},"4":{"name":"(anonymous_4)","line":43,"loc":{"start":{"line":43,"column":38},"end":{"line":43,"column":67}}},"5":{"name":"(anonymous_5)","line":77,"loc":{"start":{"line":77,"column":51},"end":{"line":77,"column":66}}},"6":{"name":"(anonymous_6)","line":78,"loc":{"start":{"line":78,"column":65},"end":{"line":78,"column":91}}},"7":{"name":"(anonymous_7)","line":90,"loc":{"start":{"line":90,"column":36},"end":{"line":90,"column":64}}},"8":{"name":"(anonymous_8)","line":114,"loc":{"start":{"line":114,"column":23},"end":{"line":114,"column":42}}},"9":{"name":"(anonymous_9)","line":116,"loc":{"start":{"line":116,"column":36},"end":{"line":116,"column":58}}},"10":{"name":"(anonymous_10)","line":133,"loc":{"start":{"line":133,"column":42},"end":{"line":133,"column":70}}},"11":{"name":"(anonymous_11)","line":154,"loc":{"start":{"line":154,"column":54},"end":{"line":154,"column":82}}},"12":{"name":"(anonymous_12)","line":161,"loc":{"start":{"line":161,"column":34},"end":{"line":161,"column":57}}},"13":{"name":"(anonymous_13)","line":183,"loc":{"start":{"line":183,"column":67},"end":{"line":183,"column":95}}},"14":{"name":"(anonymous_14)","line":211,"loc":{"start":{"line":211,"column":23},"end":{"line":211,"column":42}}},"15":{"name":"(anonymous_15)","line":219,"loc":{"start":{"line":219,"column":66},"end":{"line":219,"column":94}}},"16":{"name":"(anonymous_16)","line":224,"loc":{"start":{"line":224,"column":34},"end":{"line":224,"column":57}}},"17":{"name":"(anonymous_17)","line":256,"loc":{"start":{"line":256,"column":46},"end":{"line":256,"column":74}}},"18":{"name":"(anonymous_18)","line":273,"loc":{"start":{"line":273,"column":22},"end":{"line":273,"column":37}}},"19":{"name":"(anonymous_19)","line":275,"loc":{"start":{"line":275,"column":44},"end":{"line":275,"column":67}}},"20":{"name":"(anonymous_20)","line":286,"loc":{"start":{"line":286,"column":52},"end":{"line":286,"column":80}}},"21":{"name":"(anonymous_21)","line":293,"loc":{"start":{"line":293,"column":34},"end":{"line":293,"column":57}}},"22":{"name":"(anonymous_22)","line":318,"loc":{"start":{"line":318,"column":48},"end":{"line":318,"column":76}}},"23":{"name":"(anonymous_23)","line":326,"loc":{"start":{"line":326,"column":34},"end":{"line":326,"column":57}}},"24":{"name":"(anonymous_24)","line":342,"loc":{"start":{"line":342,"column":62},"end":{"line":342,"column":77}}},"25":{"name":"(anonymous_25)","line":360,"loc":{"start":{"line":360,"column":51},"end":{"line":360,"column":79}}},"26":{"name":"(anonymous_26)","line":367,"loc":{"start":{"line":367,"column":34},"end":{"line":367,"column":57}}},"27":{"name":"(anonymous_27)","line":392,"loc":{"start":{"line":392,"column":45},"end":{"line":392,"column":73}}},"28":{"name":"(anonymous_28)","line":407,"loc":{"start":{"line":407,"column":22},"end":{"line":407,"column":37}}},"29":{"name":"(anonymous_29)","line":414,"loc":{"start":{"line":414,"column":55},"end":{"line":414,"column":83}}},"30":{"name":"(anonymous_30)","line":421,"loc":{"start":{"line":421,"column":34},"end":{"line":421,"column":57}}},"31":{"name":"(anonymous_31)","line":458,"loc":{"start":{"line":458,"column":51},"end":{"line":458,"column":79}}},"32":{"name":"(anonymous_32)","line":465,"loc":{"start":{"line":465,"column":34},"end":{"line":465,"column":57}}},"33":{"name":"(anonymous_33)","line":506,"loc":{"start":{"line":506,"column":49},"end":{"line":506,"column":77}}},"34":{"name":"(anonymous_34)","line":520,"loc":{"start":{"line":520,"column":34},"end":{"line":520,"column":57}}},"35":{"name":"(anonymous_35)","line":531,"loc":{"start":{"line":531,"column":41},"end":{"line":531,"column":60}}},"36":{"name":"(anonymous_36)","line":548,"loc":{"start":{"line":548,"column":48},"end":{"line":548,"column":76}}},"37":{"name":"(anonymous_37)","line":562,"loc":{"start":{"line":562,"column":34},"end":{"line":562,"column":57}}},"38":{"name":"(anonymous_38)","line":607,"loc":{"start":{"line":607,"column":51},"end":{"line":607,"column":79}}},"39":{"name":"(anonymous_39)","line":617,"loc":{"start":{"line":617,"column":34},"end":{"line":617,"column":57}}},"40":{"name":"(anonymous_40)","line":687,"loc":{"start":{"line":687,"column":49},"end":{"line":687,"column":77}}},"41":{"name":"(anonymous_41)","line":699,"loc":{"start":{"line":699,"column":48},"end":{"line":699,"column":76}}},"42":{"name":"(anonymous_42)","line":705,"loc":{"start":{"line":705,"column":21},"end":{"line":705,"column":44}}},"43":{"name":"(anonymous_43)","line":745,"loc":{"start":{"line":745,"column":54},"end":{"line":745,"column":82}}},"44":{"name":"(anonymous_44)","line":750,"loc":{"start":{"line":750,"column":34},"end":{"line":750,"column":57}}},"45":{"name":"(anonymous_45)","line":790,"loc":{"start":{"line":790,"column":55},"end":{"line":790,"column":83}}},"46":{"name":"(anonymous_46)","line":795,"loc":{"start":{"line":795,"column":34},"end":{"line":795,"column":57}}},"47":{"name":"(anonymous_47)","line":817,"loc":{"start":{"line":817,"column":48},"end":{"line":817,"column":76}}},"48":{"name":"(anonymous_48)","line":828,"loc":{"start":{"line":828,"column":22},"end":{"line":828,"column":38}}},"49":{"name":"(anonymous_49)","line":832,"loc":{"start":{"line":832,"column":19},"end":{"line":832,"column":42}}},"50":{"name":"(anonymous_50)","line":843,"loc":{"start":{"line":843,"column":51},"end":{"line":843,"column":79}}},"51":{"name":"(anonymous_51)","line":853,"loc":{"start":{"line":853,"column":15},"end":{"line":856,"column":14}}},"52":{"name":"(anonymous_52)","line":866,"loc":{"start":{"line":866,"column":15},"end":{"line":869,"column":14}}},"53":{"name":"(anonymous_53)","line":879,"loc":{"start":{"line":879,"column":46},"end":{"line":879,"column":74}}},"54":{"name":"(anonymous_54)","line":895,"loc":{"start":{"line":895,"column":22},"end":{"line":895,"column":38}}},"55":{"name":"(anonymous_55)","line":899,"loc":{"start":{"line":899,"column":19},"end":{"line":902,"column":18}}},"56":{"name":"(anonymous_56)","line":913,"loc":{"start":{"line":913,"column":59},"end":{"line":913,"column":87}}},"57":{"name":"(anonymous_57)","line":918,"loc":{"start":{"line":918,"column":34},"end":{"line":918,"column":57}}},"58":{"name":"(anonymous_58)","line":937,"loc":{"start":{"line":937,"column":53},"end":{"line":937,"column":81}}},"59":{"name":"(anonymous_59)","line":1177,"loc":{"start":{"line":1177,"column":63},"end":{"line":1177,"column":91}}},"60":{"name":"(anonymous_60)","line":1184,"loc":{"start":{"line":1184,"column":47},"end":{"line":1184,"column":62}}},"61":{"name":"(anonymous_61)","line":1190,"loc":{"start":{"line":1190,"column":44},"end":{"line":1190,"column":67}}},"62":{"name":"(anonymous_62)","line":1196,"loc":{"start":{"line":1196,"column":63},"end":{"line":1196,"column":86}}},"63":{"name":"(anonymous_63)","line":1208,"loc":{"start":{"line":1208,"column":61},"end":{"line":1208,"column":89}}},"64":{"name":"(anonymous_64)","line":1258,"loc":{"start":{"line":1258,"column":22},"end":{"line":1258,"column":47}}},"65":{"name":"(anonymous_65)","line":1262,"loc":{"start":{"line":1262,"column":19},"end":{"line":1262,"column":36}}},"66":{"name":"(anonymous_66)","line":1292,"loc":{"start":{"line":1292,"column":22},"end":{"line":1292,"column":47}}},"67":{"name":"(anonymous_67)","line":1296,"loc":{"start":{"line":1296,"column":19},"end":{"line":1296,"column":36}}},"68":{"name":"(anonymous_68)","line":1311,"loc":{"start":{"line":1311,"column":53},"end":{"line":1311,"column":81}}},"69":{"name":"(anonymous_69)","line":1333,"loc":{"start":{"line":1333,"column":18},"end":{"line":1333,"column":50}}},"70":{"name":"(anonymous_70)","line":1335,"loc":{"start":{"line":1335,"column":65},"end":{"line":1335,"column":82}}},"71":{"name":"(anonymous_71)","line":1343,"loc":{"start":{"line":1343,"column":49},"end":{"line":1343,"column":77}}},"72":{"name":"(anonymous_72)","line":1709,"loc":{"start":{"line":1709,"column":23},"end":{"line":1709,"column":46}}},"73":{"name":"(anonymous_73)","line":1710,"loc":{"start":{"line":1710,"column":38},"end":{"line":1710,"column":50}}},"74":{"name":"(anonymous_74)","line":1725,"loc":{"start":{"line":1725,"column":35},"end":{"line":1725,"column":63}}},"75":{"name":"(anonymous_75)","line":1742,"loc":{"start":{"line":1742,"column":34},"end":{"line":1742,"column":62}}},"76":{"name":"(anonymous_76)","line":1751,"loc":{"start":{"line":1751,"column":42},"end":{"line":1751,"column":59}}},"77":{"name":"(anonymous_77)","line":1752,"loc":{"start":{"line":1752,"column":27},"end":{"line":1752,"column":39}}},"78":{"name":"(anonymous_78)","line":1761,"loc":{"start":{"line":1761,"column":66},"end":{"line":1761,"column":86}}},"79":{"name":"(anonymous_79)","line":1765,"loc":{"start":{"line":1765,"column":72},"end":{"line":1769,"column":18}}},"80":{"name":"(anonymous_80)","line":1771,"loc":{"start":{"line":1771,"column":31},"end":{"line":1771,"column":43}}},"81":{"name":"(anonymous_81)","line":1804,"loc":{"start":{"line":1804,"column":38},"end":{"line":1804,"column":66}}},"82":{"name":"(anonymous_82)","line":1816,"loc":{"start":{"line":1816,"column":22},"end":{"line":1816,"column":36}}},"83":{"name":"(anonymous_83)","line":1825,"loc":{"start":{"line":1825,"column":34},"end":{"line":1825,"column":62}}},"84":{"name":"(anonymous_84)","line":1837,"loc":{"start":{"line":1837,"column":46},"end":{"line":1837,"column":74}}},"85":{"name":"(anonymous_85)","line":1843,"loc":{"start":{"line":1843,"column":21},"end":{"line":1843,"column":44}}},"86":{"name":"(anonymous_86)","line":1951,"loc":{"start":{"line":1951,"column":5},"end":{"line":1951,"column":17}}},"87":{"name":"(anonymous_87)","line":1960,"loc":{"start":{"line":1960,"column":11},"end":{"line":1960,"column":30}}},"88":{"name":"(anonymous_88)","line":1974,"loc":{"start":{"line":1974,"column":62},"end":{"line":1974,"column":74}}},"89":{"name":"(anonymous_89)","line":2724,"loc":{"start":{"line":2724,"column":18},"end":{"line":2724,"column":33}}},"90":{"name":"(anonymous_90)","line":2752,"loc":{"start":{"line":2752,"column":34},"end":{"line":2752,"column":79}}},"91":{"name":"(anonymous_91)","line":2756,"loc":{"start":{"line":2756,"column":37},"end":{"line":2756,"column":60}}},"92":{"name":"(anonymous_92)","line":2797,"loc":{"start":{"line":2797,"column":26},"end":{"line":2797,"column":45}}}},"statementMap":{"1":{"start":{"line":13,"column":0},"end":{"line":4482,"column":5}},"2":{"start":{"line":15,"column":4},"end":{"line":15,"column":14}},"3":{"start":{"line":20,"column":4},"end":{"line":37,"column":9}},"4":{"start":{"line":22,"column":8},"end":{"line":22,"column":19}},"5":{"start":{"line":24,"column":8},"end":{"line":27,"column":67}},"6":{"start":{"line":29,"column":8},"end":{"line":31,"column":21}},"7":{"start":{"line":33,"column":8},"end":{"line":34,"column":68}},"8":{"start":{"line":36,"column":8},"end":{"line":36,"column":36}},"9":{"start":{"line":42,"column":4},"end":{"line":1946,"column":9}},"10":{"start":{"line":43,"column":8},"end":{"line":88,"column":10}},"11":{"start":{"line":47,"column":12},"end":{"line":47,"column":64}},"12":{"start":{"line":48,"column":12},"end":{"line":84,"column":13}},"13":{"start":{"line":50,"column":16},"end":{"line":56,"column":19}},"14":{"start":{"line":57,"column":16},"end":{"line":57,"column":22}},"15":{"start":{"line":59,"column":16},"end":{"line":65,"column":19}},"16":{"start":{"line":66,"column":16},"end":{"line":66,"column":22}},"17":{"start":{"line":68,"column":16},"end":{"line":74,"column":19}},"18":{"start":{"line":75,"column":16},"end":{"line":75,"column":22}},"19":{"start":{"line":77,"column":16},"end":{"line":82,"column":19}},"20":{"start":{"line":78,"column":20},"end":{"line":81,"column":23}},"21":{"start":{"line":79,"column":24},"end":{"line":79,"column":40}},"22":{"start":{"line":80,"column":24},"end":{"line":80,"column":80}},"23":{"start":{"line":83,"column":16},"end":{"line":83,"column":89}},"24":{"start":{"line":85,"column":12},"end":{"line":85,"column":38}},"25":{"start":{"line":87,"column":12},"end":{"line":87,"column":55}},"26":{"start":{"line":90,"column":8},"end":{"line":131,"column":10}},"27":{"start":{"line":94,"column":12},"end":{"line":94,"column":27}},"28":{"start":{"line":95,"column":12},"end":{"line":95,"column":51}},"29":{"start":{"line":96,"column":12},"end":{"line":96,"column":36}},"30":{"start":{"line":97,"column":12},"end":{"line":129,"column":15}},"31":{"start":{"line":115,"column":16},"end":{"line":115,"column":40}},"32":{"start":{"line":116,"column":16},"end":{"line":128,"column":19}},"33":{"start":{"line":118,"column":20},"end":{"line":118,"column":49}},"34":{"start":{"line":120,"column":20},"end":{"line":120,"column":80}},"35":{"start":{"line":122,"column":20},"end":{"line":126,"column":21}},"36":{"start":{"line":124,"column":24},"end":{"line":124,"column":61}},"37":{"start":{"line":125,"column":24},"end":{"line":125,"column":61}},"38":{"start":{"line":127,"column":20},"end":{"line":127,"column":33}},"39":{"start":{"line":130,"column":12},"end":{"line":130,"column":38}},"40":{"start":{"line":133,"column":8},"end":{"line":152,"column":10}},"41":{"start":{"line":137,"column":12},"end":{"line":140,"column":13}},"42":{"start":{"line":138,"column":16},"end":{"line":138,"column":39}},"43":{"start":{"line":139,"column":16},"end":{"line":139,"column":23}},"44":{"start":{"line":141,"column":12},"end":{"line":141,"column":76}},"45":{"start":{"line":142,"column":12},"end":{"line":142,"column":73}},"46":{"start":{"line":143,"column":12},"end":{"line":143,"column":74}},"47":{"start":{"line":144,"column":12},"end":{"line":144,"column":79}},"48":{"start":{"line":145,"column":12},"end":{"line":151,"column":27}},"49":{"start":{"line":154,"column":8},"end":{"line":181,"column":10}},"50":{"start":{"line":158,"column":12},"end":{"line":160,"column":15}},"51":{"start":{"line":161,"column":12},"end":{"line":178,"column":15}},"52":{"start":{"line":162,"column":16},"end":{"line":177,"column":17}},"53":{"start":{"line":165,"column":20},"end":{"line":167,"column":39}},"54":{"start":{"line":168,"column":20},"end":{"line":168,"column":26}},"55":{"start":{"line":171,"column":20},"end":{"line":171,"column":76}},"56":{"start":{"line":172,"column":20},"end":{"line":172,"column":85}},"57":{"start":{"line":173,"column":20},"end":{"line":173,"column":37}},"58":{"start":{"line":174,"column":20},"end":{"line":174,"column":26}},"59":{"start":{"line":176,"column":20},"end":{"line":176,"column":41}},"60":{"start":{"line":179,"column":12},"end":{"line":179,"column":33}},"61":{"start":{"line":180,"column":12},"end":{"line":180,"column":29}},"62":{"start":{"line":183,"column":8},"end":{"line":217,"column":10}},"63":{"start":{"line":187,"column":12},"end":{"line":187,"column":27}},"64":{"start":{"line":188,"column":12},"end":{"line":188,"column":51}},"65":{"start":{"line":189,"column":12},"end":{"line":189,"column":36}},"66":{"start":{"line":190,"column":12},"end":{"line":215,"column":15}},"67":{"start":{"line":212,"column":16},"end":{"line":212,"column":40}},"68":{"start":{"line":214,"column":16},"end":{"line":214,"column":93}},"69":{"start":{"line":216,"column":12},"end":{"line":216,"column":38}},"70":{"start":{"line":219,"column":8},"end":{"line":254,"column":10}},"71":{"start":{"line":223,"column":12},"end":{"line":223,"column":73}},"72":{"start":{"line":224,"column":12},"end":{"line":251,"column":15}},"73":{"start":{"line":225,"column":16},"end":{"line":250,"column":17}},"74":{"start":{"line":228,"column":20},"end":{"line":231,"column":22}},"75":{"start":{"line":232,"column":20},"end":{"line":232,"column":26}},"76":{"start":{"line":235,"column":20},"end":{"line":238,"column":22}},"77":{"start":{"line":239,"column":20},"end":{"line":239,"column":26}},"78":{"start":{"line":242,"column":20},"end":{"line":242,"column":86}},"79":{"start":{"line":243,"column":20},"end":{"line":243,"column":26}},"80":{"start":{"line":246,"column":20},"end":{"line":246,"column":86}},"81":{"start":{"line":247,"column":20},"end":{"line":247,"column":26}},"82":{"start":{"line":249,"column":20},"end":{"line":249,"column":41}},"83":{"start":{"line":252,"column":12},"end":{"line":252,"column":33}},"84":{"start":{"line":253,"column":12},"end":{"line":253,"column":29}},"85":{"start":{"line":256,"column":8},"end":{"line":284,"column":10}},"86":{"start":{"line":260,"column":12},"end":{"line":260,"column":27}},"87":{"start":{"line":261,"column":12},"end":{"line":261,"column":51}},"88":{"start":{"line":262,"column":12},"end":{"line":262,"column":36}},"89":{"start":{"line":263,"column":12},"end":{"line":282,"column":15}},"90":{"start":{"line":274,"column":16},"end":{"line":274,"column":40}},"91":{"start":{"line":275,"column":16},"end":{"line":281,"column":19}},"92":{"start":{"line":277,"column":20},"end":{"line":277,"column":47}},"93":{"start":{"line":279,"column":20},"end":{"line":279,"column":64}},"94":{"start":{"line":280,"column":20},"end":{"line":280,"column":33}},"95":{"start":{"line":283,"column":12},"end":{"line":283,"column":38}},"96":{"start":{"line":286,"column":8},"end":{"line":316,"column":10}},"97":{"start":{"line":290,"column":12},"end":{"line":292,"column":15}},"98":{"start":{"line":293,"column":12},"end":{"line":313,"column":15}},"99":{"start":{"line":294,"column":16},"end":{"line":312,"column":17}},"100":{"start":{"line":297,"column":20},"end":{"line":299,"column":39}},"101":{"start":{"line":300,"column":20},"end":{"line":300,"column":26}},"102":{"start":{"line":303,"column":20},"end":{"line":303,"column":76}},"103":{"start":{"line":304,"column":20},"end":{"line":307,"column":22}},"104":{"start":{"line":308,"column":20},"end":{"line":308,"column":37}},"105":{"start":{"line":309,"column":20},"end":{"line":309,"column":26}},"106":{"start":{"line":311,"column":20},"end":{"line":311,"column":41}},"107":{"start":{"line":314,"column":12},"end":{"line":314,"column":33}},"108":{"start":{"line":315,"column":12},"end":{"line":315,"column":29}},"109":{"start":{"line":318,"column":8},"end":{"line":358,"column":10}},"110":{"start":{"line":322,"column":12},"end":{"line":325,"column":15}},"111":{"start":{"line":326,"column":12},"end":{"line":355,"column":15}},"112":{"start":{"line":327,"column":16},"end":{"line":354,"column":17}},"113":{"start":{"line":330,"column":20},"end":{"line":332,"column":39}},"114":{"start":{"line":333,"column":20},"end":{"line":333,"column":26}},"115":{"start":{"line":336,"column":20},"end":{"line":336,"column":76}},"116":{"start":{"line":337,"column":20},"end":{"line":340,"column":22}},"117":{"start":{"line":342,"column":20},"end":{"line":347,"column":23}},"118":{"start":{"line":343,"column":24},"end":{"line":346,"column":26}},"119":{"start":{"line":349,"column":20},"end":{"line":349,"column":46}},"120":{"start":{"line":350,"column":20},"end":{"line":350,"column":47}},"121":{"start":{"line":351,"column":20},"end":{"line":351,"column":26}},"122":{"start":{"line":353,"column":20},"end":{"line":353,"column":41}},"123":{"start":{"line":356,"column":12},"end":{"line":356,"column":33}},"124":{"start":{"line":357,"column":12},"end":{"line":357,"column":29}},"125":{"start":{"line":360,"column":8},"end":{"line":390,"column":10}},"126":{"start":{"line":364,"column":12},"end":{"line":366,"column":15}},"127":{"start":{"line":367,"column":12},"end":{"line":387,"column":15}},"128":{"start":{"line":368,"column":16},"end":{"line":386,"column":17}},"129":{"start":{"line":371,"column":20},"end":{"line":373,"column":39}},"130":{"start":{"line":374,"column":20},"end":{"line":374,"column":26}},"131":{"start":{"line":377,"column":20},"end":{"line":377,"column":76}},"132":{"start":{"line":378,"column":20},"end":{"line":381,"column":22}},"133":{"start":{"line":382,"column":20},"end":{"line":382,"column":37}},"134":{"start":{"line":383,"column":20},"end":{"line":383,"column":26}},"135":{"start":{"line":385,"column":20},"end":{"line":385,"column":41}},"136":{"start":{"line":388,"column":12},"end":{"line":388,"column":33}},"137":{"start":{"line":389,"column":12},"end":{"line":389,"column":29}},"138":{"start":{"line":392,"column":8},"end":{"line":412,"column":10}},"139":{"start":{"line":396,"column":12},"end":{"line":396,"column":27}},"140":{"start":{"line":397,"column":12},"end":{"line":397,"column":51}},"141":{"start":{"line":398,"column":12},"end":{"line":398,"column":36}},"142":{"start":{"line":399,"column":12},"end":{"line":410,"column":15}},"143":{"start":{"line":408,"column":16},"end":{"line":408,"column":40}},"144":{"start":{"line":409,"column":16},"end":{"line":409,"column":56}},"145":{"start":{"line":411,"column":12},"end":{"line":411,"column":38}},"146":{"start":{"line":414,"column":8},"end":{"line":456,"column":10}},"147":{"start":{"line":418,"column":12},"end":{"line":420,"column":15}},"148":{"start":{"line":421,"column":12},"end":{"line":453,"column":15}},"149":{"start":{"line":422,"column":16},"end":{"line":452,"column":17}},"150":{"start":{"line":425,"column":20},"end":{"line":430,"column":39}},"151":{"start":{"line":431,"column":20},"end":{"line":431,"column":26}},"152":{"start":{"line":434,"column":20},"end":{"line":436,"column":39}},"153":{"start":{"line":437,"column":20},"end":{"line":437,"column":26}},"154":{"start":{"line":440,"column":20},"end":{"line":442,"column":39}},"155":{"start":{"line":443,"column":20},"end":{"line":443,"column":26}},"156":{"start":{"line":446,"column":20},"end":{"line":446,"column":76}},"157":{"start":{"line":447,"column":20},"end":{"line":447,"column":88}},"158":{"start":{"line":448,"column":20},"end":{"line":448,"column":37}},"159":{"start":{"line":449,"column":20},"end":{"line":449,"column":26}},"160":{"start":{"line":451,"column":20},"end":{"line":451,"column":41}},"161":{"start":{"line":454,"column":12},"end":{"line":454,"column":33}},"162":{"start":{"line":455,"column":12},"end":{"line":455,"column":29}},"163":{"start":{"line":458,"column":8},"end":{"line":504,"column":10}},"164":{"start":{"line":462,"column":12},"end":{"line":464,"column":15}},"165":{"start":{"line":465,"column":12},"end":{"line":501,"column":15}},"166":{"start":{"line":466,"column":16},"end":{"line":500,"column":17}},"167":{"start":{"line":468,"column":20},"end":{"line":477,"column":21}},"168":{"start":{"line":470,"column":24},"end":{"line":475,"column":43}},"169":{"start":{"line":476,"column":24},"end":{"line":476,"column":31}},"170":{"start":{"line":478,"column":20},"end":{"line":478,"column":37}},"171":{"start":{"line":479,"column":20},"end":{"line":479,"column":26}},"172":{"start":{"line":482,"column":20},"end":{"line":484,"column":39}},"173":{"start":{"line":485,"column":20},"end":{"line":485,"column":26}},"174":{"start":{"line":488,"column":20},"end":{"line":490,"column":39}},"175":{"start":{"line":491,"column":20},"end":{"line":491,"column":26}},"176":{"start":{"line":494,"column":20},"end":{"line":494,"column":76}},"177":{"start":{"line":495,"column":20},"end":{"line":495,"column":88}},"178":{"start":{"line":496,"column":20},"end":{"line":496,"column":37}},"179":{"start":{"line":497,"column":20},"end":{"line":497,"column":26}},"180":{"start":{"line":499,"column":20},"end":{"line":499,"column":41}},"181":{"start":{"line":502,"column":12},"end":{"line":502,"column":33}},"182":{"start":{"line":503,"column":12},"end":{"line":503,"column":29}},"183":{"start":{"line":506,"column":8},"end":{"line":546,"column":10}},"184":{"start":{"line":510,"column":12},"end":{"line":510,"column":27}},"185":{"start":{"line":511,"column":12},"end":{"line":519,"column":15}},"186":{"start":{"line":520,"column":12},"end":{"line":543,"column":15}},"187":{"start":{"line":521,"column":16},"end":{"line":542,"column":17}},"188":{"start":{"line":524,"column":20},"end":{"line":526,"column":39}},"189":{"start":{"line":527,"column":20},"end":{"line":527,"column":26}},"190":{"start":{"line":529,"column":20},"end":{"line":529,"column":66}},"191":{"start":{"line":530,"column":20},"end":{"line":530,"column":44}},"192":{"start":{"line":531,"column":20},"end":{"line":537,"column":23}},"193":{"start":{"line":532,"column":24},"end":{"line":532,"column":48}},"194":{"start":{"line":534,"column":24},"end":{"line":536,"column":39}},"195":{"start":{"line":538,"column":20},"end":{"line":538,"column":33}},"196":{"start":{"line":539,"column":20},"end":{"line":539,"column":26}},"197":{"start":{"line":541,"column":20},"end":{"line":541,"column":41}},"198":{"start":{"line":544,"column":12},"end":{"line":544,"column":33}},"199":{"start":{"line":545,"column":12},"end":{"line":545,"column":29}},"200":{"start":{"line":548,"column":8},"end":{"line":605,"column":10}},"201":{"start":{"line":552,"column":12},"end":{"line":552,"column":26}},"202":{"start":{"line":553,"column":12},"end":{"line":561,"column":15}},"203":{"start":{"line":562,"column":12},"end":{"line":602,"column":15}},"204":{"start":{"line":563,"column":16},"end":{"line":601,"column":17}},"205":{"start":{"line":566,"column":20},"end":{"line":566,"column":35}},"206":{"start":{"line":567,"column":20},"end":{"line":570,"column":22}},"207":{"start":{"line":572,"column":20},"end":{"line":572,"column":90}},"208":{"start":{"line":573,"column":20},"end":{"line":573,"column":26}},"209":{"start":{"line":576,"column":20},"end":{"line":576,"column":67}},"210":{"start":{"line":578,"column":20},"end":{"line":581,"column":22}},"211":{"start":{"line":582,"column":20},"end":{"line":585,"column":22}},"212":{"start":{"line":587,"column":20},"end":{"line":590,"column":22}},"213":{"start":{"line":591,"column":20},"end":{"line":594,"column":22}},"214":{"start":{"line":596,"column":20},"end":{"line":596,"column":71}},"215":{"start":{"line":597,"column":20},"end":{"line":597,"column":83}},"216":{"start":{"line":598,"column":20},"end":{"line":598,"column":26}},"217":{"start":{"line":600,"column":20},"end":{"line":600,"column":41}},"218":{"start":{"line":603,"column":12},"end":{"line":603,"column":33}},"219":{"start":{"line":604,"column":12},"end":{"line":604,"column":29}},"220":{"start":{"line":607,"column":8},"end":{"line":685,"column":10}},"221":{"start":{"line":611,"column":12},"end":{"line":611,"column":26}},"222":{"start":{"line":612,"column":12},"end":{"line":616,"column":15}},"223":{"start":{"line":617,"column":12},"end":{"line":682,"column":15}},"224":{"start":{"line":618,"column":16},"end":{"line":681,"column":17}},"225":{"start":{"line":621,"column":20},"end":{"line":621,"column":71}},"226":{"start":{"line":622,"column":20},"end":{"line":631,"column":21}},"227":{"start":{"line":624,"column":24},"end":{"line":629,"column":43}},"228":{"start":{"line":630,"column":24},"end":{"line":630,"column":31}},"229":{"start":{"line":632,"column":20},"end":{"line":632,"column":37}},"230":{"start":{"line":633,"column":20},"end":{"line":633,"column":26}},"231":{"start":{"line":635,"column":20},"end":{"line":635,"column":83}},"232":{"start":{"line":636,"column":20},"end":{"line":636,"column":26}},"233":{"start":{"line":638,"column":20},"end":{"line":638,"column":82}},"234":{"start":{"line":639,"column":20},"end":{"line":639,"column":82}},"235":{"start":{"line":641,"column":20},"end":{"line":641,"column":66}},"236":{"start":{"line":642,"column":20},"end":{"line":645,"column":22}},"237":{"start":{"line":647,"column":20},"end":{"line":647,"column":71}},"238":{"start":{"line":649,"column":20},"end":{"line":651,"column":39}},"239":{"start":{"line":652,"column":20},"end":{"line":652,"column":26}},"240":{"start":{"line":655,"column":20},"end":{"line":658,"column":22}},"241":{"start":{"line":659,"column":20},"end":{"line":662,"column":22}},"242":{"start":{"line":664,"column":20},"end":{"line":667,"column":22}},"243":{"start":{"line":668,"column":20},"end":{"line":671,"column":22}},"244":{"start":{"line":673,"column":20},"end":{"line":676,"column":22}},"245":{"start":{"line":677,"column":20},"end":{"line":677,"column":83}},"246":{"start":{"line":678,"column":20},"end":{"line":678,"column":26}},"247":{"start":{"line":680,"column":20},"end":{"line":680,"column":41}},"248":{"start":{"line":683,"column":12},"end":{"line":683,"column":33}},"249":{"start":{"line":684,"column":12},"end":{"line":684,"column":29}},"250":{"start":{"line":687,"column":8},"end":{"line":697,"column":10}},"251":{"start":{"line":691,"column":12},"end":{"line":694,"column":13}},"252":{"start":{"line":692,"column":16},"end":{"line":692,"column":39}},"253":{"start":{"line":693,"column":16},"end":{"line":693,"column":23}},"254":{"start":{"line":695,"column":12},"end":{"line":695,"column":64}},"255":{"start":{"line":696,"column":12},"end":{"line":696,"column":38}},"256":{"start":{"line":699,"column":8},"end":{"line":743,"column":10}},"257":{"start":{"line":703,"column":12},"end":{"line":703,"column":33}},"258":{"start":{"line":704,"column":12},"end":{"line":704,"column":25}},"259":{"start":{"line":705,"column":12},"end":{"line":741,"column":14}},"260":{"start":{"line":706,"column":16},"end":{"line":706,"column":30}},"261":{"start":{"line":707,"column":16},"end":{"line":740,"column":17}},"262":{"start":{"line":709,"column":20},"end":{"line":711,"column":23}},"263":{"start":{"line":713,"column":20},"end":{"line":715,"column":31}},"264":{"start":{"line":716,"column":20},"end":{"line":716,"column":26}},"265":{"start":{"line":719,"column":20},"end":{"line":719,"column":48}},"266":{"start":{"line":721,"column":20},"end":{"line":721,"column":72}},"267":{"start":{"line":722,"column":20},"end":{"line":722,"column":69}},"268":{"start":{"line":724,"column":20},"end":{"line":724,"column":79}},"269":{"start":{"line":725,"column":20},"end":{"line":725,"column":96}},"270":{"start":{"line":727,"column":20},"end":{"line":729,"column":31}},"271":{"start":{"line":730,"column":20},"end":{"line":730,"column":26}},"272":{"start":{"line":733,"column":20},"end":{"line":733,"column":47}},"273":{"start":{"line":735,"column":20},"end":{"line":735,"column":64}},"274":{"start":{"line":736,"column":20},"end":{"line":736,"column":29}},"275":{"start":{"line":737,"column":20},"end":{"line":737,"column":26}},"276":{"start":{"line":739,"column":20},"end":{"line":739,"column":41}},"277":{"start":{"line":742,"column":12},"end":{"line":742,"column":21}},"278":{"start":{"line":745,"column":8},"end":{"line":788,"column":10}},"279":{"start":{"line":749,"column":12},"end":{"line":749,"column":25}},"280":{"start":{"line":750,"column":12},"end":{"line":785,"column":15}},"281":{"start":{"line":751,"column":16},"end":{"line":784,"column":17}},"282":{"start":{"line":753,"column":20},"end":{"line":756,"column":22}},"283":{"start":{"line":757,"column":20},"end":{"line":757,"column":50}},"284":{"start":{"line":759,"column":20},"end":{"line":766,"column":39}},"285":{"start":{"line":767,"column":20},"end":{"line":767,"column":26}},"286":{"start":{"line":770,"column":20},"end":{"line":770,"column":76}},"287":{"start":{"line":771,"column":20},"end":{"line":771,"column":94}},"288":{"start":{"line":772,"column":20},"end":{"line":774,"column":23}},"289":{"start":{"line":776,"column":20},"end":{"line":776,"column":83}},"290":{"start":{"line":777,"column":20},"end":{"line":777,"column":26}},"291":{"start":{"line":780,"column":20},"end":{"line":780,"column":86}},"292":{"start":{"line":781,"column":20},"end":{"line":781,"column":26}},"293":{"start":{"line":783,"column":20},"end":{"line":783,"column":35}},"294":{"start":{"line":786,"column":12},"end":{"line":786,"column":33}},"295":{"start":{"line":787,"column":12},"end":{"line":787,"column":29}},"296":{"start":{"line":790,"column":8},"end":{"line":815,"column":10}},"297":{"start":{"line":794,"column":12},"end":{"line":794,"column":25}},"298":{"start":{"line":795,"column":12},"end":{"line":812,"column":15}},"299":{"start":{"line":796,"column":16},"end":{"line":811,"column":17}},"300":{"start":{"line":799,"column":20},"end":{"line":802,"column":22}},"301":{"start":{"line":803,"column":20},"end":{"line":803,"column":26}},"302":{"start":{"line":806,"column":20},"end":{"line":806,"column":76}},"303":{"start":{"line":807,"column":20},"end":{"line":807,"column":37}},"304":{"start":{"line":808,"column":20},"end":{"line":808,"column":26}},"305":{"start":{"line":810,"column":20},"end":{"line":810,"column":35}},"306":{"start":{"line":813,"column":12},"end":{"line":813,"column":33}},"307":{"start":{"line":814,"column":12},"end":{"line":814,"column":29}},"308":{"start":{"line":817,"column":8},"end":{"line":841,"column":10}},"309":{"start":{"line":821,"column":12},"end":{"line":821,"column":27}},"310":{"start":{"line":822,"column":12},"end":{"line":822,"column":51}},"311":{"start":{"line":823,"column":12},"end":{"line":823,"column":36}},"312":{"start":{"line":824,"column":12},"end":{"line":839,"column":15}},"313":{"start":{"line":829,"column":16},"end":{"line":829,"column":40}},"314":{"start":{"line":830,"column":16},"end":{"line":838,"column":19}},"315":{"start":{"line":834,"column":20},"end":{"line":834,"column":48}},"316":{"start":{"line":836,"column":20},"end":{"line":836,"column":78}},"317":{"start":{"line":837,"column":20},"end":{"line":837,"column":33}},"318":{"start":{"line":840,"column":12},"end":{"line":840,"column":38}},"319":{"start":{"line":843,"column":8},"end":{"line":877,"column":10}},"320":{"start":{"line":847,"column":12},"end":{"line":847,"column":27}},"321":{"start":{"line":848,"column":12},"end":{"line":848,"column":51}},"322":{"start":{"line":849,"column":12},"end":{"line":849,"column":36}},"323":{"start":{"line":850,"column":12},"end":{"line":850,"column":36}},"324":{"start":{"line":851,"column":12},"end":{"line":862,"column":15}},"325":{"start":{"line":858,"column":16},"end":{"line":858,"column":44}},"326":{"start":{"line":860,"column":16},"end":{"line":860,"column":76}},"327":{"start":{"line":861,"column":16},"end":{"line":861,"column":29}},"328":{"start":{"line":863,"column":12},"end":{"line":863,"column":36}},"329":{"start":{"line":864,"column":12},"end":{"line":875,"column":15}},"330":{"start":{"line":871,"column":16},"end":{"line":871,"column":43}},"331":{"start":{"line":873,"column":16},"end":{"line":873,"column":84}},"332":{"start":{"line":874,"column":16},"end":{"line":874,"column":29}},"333":{"start":{"line":876,"column":12},"end":{"line":876,"column":38}},"334":{"start":{"line":879,"column":8},"end":{"line":911,"column":10}},"335":{"start":{"line":883,"column":12},"end":{"line":883,"column":27}},"336":{"start":{"line":884,"column":12},"end":{"line":884,"column":51}},"337":{"start":{"line":885,"column":12},"end":{"line":885,"column":36}},"338":{"start":{"line":886,"column":12},"end":{"line":909,"column":15}},"339":{"start":{"line":896,"column":16},"end":{"line":896,"column":40}},"340":{"start":{"line":897,"column":16},"end":{"line":908,"column":19}},"341":{"start":{"line":904,"column":20},"end":{"line":904,"column":47}},"342":{"start":{"line":906,"column":20},"end":{"line":906,"column":89}},"343":{"start":{"line":907,"column":20},"end":{"line":907,"column":33}},"344":{"start":{"line":910,"column":12},"end":{"line":910,"column":38}},"345":{"start":{"line":913,"column":8},"end":{"line":935,"column":10}},"346":{"start":{"line":917,"column":12},"end":{"line":917,"column":25}},"347":{"start":{"line":918,"column":12},"end":{"line":932,"column":15}},"348":{"start":{"line":919,"column":16},"end":{"line":931,"column":17}},"349":{"start":{"line":921,"column":20},"end":{"line":921,"column":92}},"350":{"start":{"line":922,"column":20},"end":{"line":922,"column":26}},"351":{"start":{"line":925,"column":20},"end":{"line":925,"column":76}},"352":{"start":{"line":926,"column":20},"end":{"line":926,"column":60}},"353":{"start":{"line":927,"column":20},"end":{"line":927,"column":37}},"354":{"start":{"line":928,"column":20},"end":{"line":928,"column":26}},"355":{"start":{"line":930,"column":20},"end":{"line":930,"column":35}},"356":{"start":{"line":933,"column":12},"end":{"line":933,"column":33}},"357":{"start":{"line":934,"column":12},"end":{"line":934,"column":29}},"358":{"start":{"line":937,"column":8},"end":{"line":1175,"column":10}},"359":{"start":{"line":941,"column":12},"end":{"line":965,"column":14}},"360":{"start":{"line":966,"column":12},"end":{"line":966,"column":43}},"361":{"start":{"line":967,"column":12},"end":{"line":1173,"column":14}},"362":{"start":{"line":1174,"column":12},"end":{"line":1174,"column":35}},"363":{"start":{"line":1177,"column":8},"end":{"line":1206,"column":10}},"364":{"start":{"line":1181,"column":12},"end":{"line":1181,"column":27}},"365":{"start":{"line":1182,"column":12},"end":{"line":1182,"column":51}},"366":{"start":{"line":1183,"column":12},"end":{"line":1183,"column":36}},"367":{"start":{"line":1184,"column":12},"end":{"line":1204,"column":15}},"368":{"start":{"line":1185,"column":16},"end":{"line":1187,"column":17}},"369":{"start":{"line":1186,"column":20},"end":{"line":1186,"column":27}},"370":{"start":{"line":1189,"column":16},"end":{"line":1189,"column":40}},"371":{"start":{"line":1190,"column":16},"end":{"line":1194,"column":19}},"372":{"start":{"line":1192,"column":20},"end":{"line":1192,"column":47}},"373":{"start":{"line":1193,"column":20},"end":{"line":1193,"column":46}},"374":{"start":{"line":1195,"column":16},"end":{"line":1195,"column":40}},"375":{"start":{"line":1196,"column":16},"end":{"line":1203,"column":19}},"376":{"start":{"line":1198,"column":20},"end":{"line":1198,"column":55}},"377":{"start":{"line":1200,"column":20},"end":{"line":1200,"column":42}},"378":{"start":{"line":1201,"column":20},"end":{"line":1201,"column":52}},"379":{"start":{"line":1202,"column":20},"end":{"line":1202,"column":46}},"380":{"start":{"line":1205,"column":12},"end":{"line":1205,"column":38}},"381":{"start":{"line":1208,"column":8},"end":{"line":1309,"column":10}},"382":{"start":{"line":1212,"column":12},"end":{"line":1212,"column":27}},"383":{"start":{"line":1213,"column":12},"end":{"line":1213,"column":51}},"384":{"start":{"line":1214,"column":12},"end":{"line":1214,"column":36}},"385":{"start":{"line":1215,"column":12},"end":{"line":1273,"column":15}},"386":{"start":{"line":1259,"column":16},"end":{"line":1259,"column":40}},"387":{"start":{"line":1260,"column":16},"end":{"line":1272,"column":19}},"388":{"start":{"line":1264,"column":20},"end":{"line":1264,"column":67}},"389":{"start":{"line":1266,"column":20},"end":{"line":1266,"column":65}},"390":{"start":{"line":1268,"column":20},"end":{"line":1268,"column":93}},"391":{"start":{"line":1270,"column":20},"end":{"line":1270,"column":99}},"392":{"start":{"line":1271,"column":20},"end":{"line":1271,"column":46}},"393":{"start":{"line":1274,"column":12},"end":{"line":1307,"column":15}},"394":{"start":{"line":1293,"column":16},"end":{"line":1293,"column":40}},"395":{"start":{"line":1294,"column":16},"end":{"line":1306,"column":19}},"396":{"start":{"line":1298,"column":20},"end":{"line":1298,"column":67}},"397":{"start":{"line":1300,"column":20},"end":{"line":1300,"column":65}},"398":{"start":{"line":1302,"column":20},"end":{"line":1302,"column":93}},"399":{"start":{"line":1304,"column":20},"end":{"line":1304,"column":53}},"400":{"start":{"line":1305,"column":20},"end":{"line":1305,"column":46}},"401":{"start":{"line":1308,"column":12},"end":{"line":1308,"column":38}},"402":{"start":{"line":1311,"column":8},"end":{"line":1341,"column":10}},"403":{"start":{"line":1315,"column":12},"end":{"line":1318,"column":13}},"404":{"start":{"line":1316,"column":16},"end":{"line":1316,"column":39}},"405":{"start":{"line":1317,"column":16},"end":{"line":1317,"column":23}},"406":{"start":{"line":1319,"column":12},"end":{"line":1340,"column":24}},"407":{"start":{"line":1334,"column":16},"end":{"line":1334,"column":40}},"408":{"start":{"line":1335,"column":16},"end":{"line":1339,"column":19}},"409":{"start":{"line":1337,"column":20},"end":{"line":1337,"column":90}},"410":{"start":{"line":1338,"column":20},"end":{"line":1338,"column":46}},"411":{"start":{"line":1343,"column":8},"end":{"line":1723,"column":10}},"412":{"start":{"line":1347,"column":12},"end":{"line":1347,"column":22}},"413":{"start":{"line":1349,"column":12},"end":{"line":1353,"column":15}},"414":{"start":{"line":1355,"column":12},"end":{"line":1368,"column":15}},"415":{"start":{"line":1372,"column":12},"end":{"line":1721,"column":15}},"416":{"start":{"line":1710,"column":16},"end":{"line":1712,"column":30}},"417":{"start":{"line":1711,"column":20},"end":{"line":1711,"column":51}},"418":{"start":{"line":1713,"column":16},"end":{"line":1713,"column":59}},"419":{"start":{"line":1715,"column":16},"end":{"line":1715,"column":45}},"420":{"start":{"line":1717,"column":16},"end":{"line":1719,"column":17}},"421":{"start":{"line":1718,"column":20},"end":{"line":1718,"column":98}},"422":{"start":{"line":1720,"column":16},"end":{"line":1720,"column":81}},"423":{"start":{"line":1722,"column":12},"end":{"line":1722,"column":35}},"424":{"start":{"line":1725,"column":8},"end":{"line":1740,"column":10}},"425":{"start":{"line":1729,"column":12},"end":{"line":1732,"column":13}},"426":{"start":{"line":1730,"column":16},"end":{"line":1730,"column":39}},"427":{"start":{"line":1731,"column":16},"end":{"line":1731,"column":23}},"428":{"start":{"line":1733,"column":12},"end":{"line":1733,"column":65}},"429":{"start":{"line":1734,"column":12},"end":{"line":1738,"column":15}},"430":{"start":{"line":1739,"column":12},"end":{"line":1739,"column":35}},"431":{"start":{"line":1742,"column":8},"end":{"line":1802,"column":10}},"432":{"start":{"line":1746,"column":12},"end":{"line":1746,"column":27}},"433":{"start":{"line":1747,"column":12},"end":{"line":1750,"column":13}},"434":{"start":{"line":1748,"column":16},"end":{"line":1748,"column":39}},"435":{"start":{"line":1749,"column":16},"end":{"line":1749,"column":23}},"436":{"start":{"line":1751,"column":12},"end":{"line":1757,"column":15}},"437":{"start":{"line":1752,"column":16},"end":{"line":1756,"column":25}},"438":{"start":{"line":1754,"column":20},"end":{"line":1754,"column":74}},"439":{"start":{"line":1755,"column":20},"end":{"line":1755,"column":35}},"440":{"start":{"line":1758,"column":12},"end":{"line":1758,"column":36}},"441":{"start":{"line":1759,"column":12},"end":{"line":1759,"column":25}},"442":{"start":{"line":1761,"column":12},"end":{"line":1780,"column":15}},"443":{"start":{"line":1762,"column":16},"end":{"line":1764,"column":17}},"444":{"start":{"line":1763,"column":20},"end":{"line":1763,"column":27}},"445":{"start":{"line":1765,"column":16},"end":{"line":1779,"column":19}},"446":{"start":{"line":1770,"column":20},"end":{"line":1770,"column":44}},"447":{"start":{"line":1771,"column":20},"end":{"line":1778,"column":48}},"448":{"start":{"line":1772,"column":24},"end":{"line":1772,"column":40}},"449":{"start":{"line":1774,"column":24},"end":{"line":1776,"column":25}},"450":{"start":{"line":1775,"column":28},"end":{"line":1775,"column":44}},"451":{"start":{"line":1777,"column":24},"end":{"line":1777,"column":37}},"452":{"start":{"line":1782,"column":12},"end":{"line":1782,"column":86}},"453":{"start":{"line":1783,"column":12},"end":{"line":1783,"column":39}},"454":{"start":{"line":1784,"column":12},"end":{"line":1784,"column":97}},"455":{"start":{"line":1786,"column":12},"end":{"line":1786,"column":51}},"456":{"start":{"line":1787,"column":12},"end":{"line":1787,"column":97}},"457":{"start":{"line":1789,"column":12},"end":{"line":1789,"column":74}},"458":{"start":{"line":1790,"column":12},"end":{"line":1790,"column":39}},"459":{"start":{"line":1791,"column":12},"end":{"line":1793,"column":15}},"460":{"start":{"line":1794,"column":12},"end":{"line":1794,"column":97}},"461":{"start":{"line":1796,"column":12},"end":{"line":1796,"column":41}},"462":{"start":{"line":1797,"column":12},"end":{"line":1799,"column":15}},"463":{"start":{"line":1800,"column":12},"end":{"line":1800,"column":97}},"464":{"start":{"line":1801,"column":12},"end":{"line":1801,"column":38}},"465":{"start":{"line":1804,"column":8},"end":{"line":1823,"column":10}},"466":{"start":{"line":1808,"column":12},"end":{"line":1811,"column":13}},"467":{"start":{"line":1809,"column":16},"end":{"line":1809,"column":39}},"468":{"start":{"line":1810,"column":16},"end":{"line":1810,"column":23}},"469":{"start":{"line":1812,"column":12},"end":{"line":1821,"column":15}},"470":{"start":{"line":1817,"column":16},"end":{"line":1817,"column":97}},"471":{"start":{"line":1818,"column":16},"end":{"line":1820,"column":26}},"472":{"start":{"line":1822,"column":12},"end":{"line":1822,"column":35}},"473":{"start":{"line":1825,"column":8},"end":{"line":1835,"column":10}},"474":{"start":{"line":1829,"column":12},"end":{"line":1832,"column":13}},"475":{"start":{"line":1830,"column":16},"end":{"line":1830,"column":39}},"476":{"start":{"line":1831,"column":16},"end":{"line":1831,"column":23}},"477":{"start":{"line":1833,"column":12},"end":{"line":1833,"column":97}},"478":{"start":{"line":1834,"column":12},"end":{"line":1834,"column":35}},"479":{"start":{"line":1837,"column":8},"end":{"line":1945,"column":10}},"480":{"start":{"line":1841,"column":12},"end":{"line":1841,"column":33}},"481":{"start":{"line":1842,"column":12},"end":{"line":1842,"column":25}},"482":{"start":{"line":1843,"column":12},"end":{"line":1943,"column":14}},"483":{"start":{"line":1844,"column":16},"end":{"line":1844,"column":30}},"484":{"start":{"line":1845,"column":16},"end":{"line":1942,"column":17}},"485":{"start":{"line":1848,"column":20},"end":{"line":1848,"column":50}},"486":{"start":{"line":1850,"column":20},"end":{"line":1850,"column":49}},"487":{"start":{"line":1851,"column":20},"end":{"line":1851,"column":26}},"488":{"start":{"line":1854,"column":20},"end":{"line":1854,"column":47}},"489":{"start":{"line":1856,"column":20},"end":{"line":1859,"column":31}},"490":{"start":{"line":1860,"column":20},"end":{"line":1860,"column":26}},"491":{"start":{"line":1863,"column":20},"end":{"line":1863,"column":47}},"492":{"start":{"line":1865,"column":20},"end":{"line":1865,"column":64}},"493":{"start":{"line":1867,"column":20},"end":{"line":1867,"column":82}},"494":{"start":{"line":1869,"column":20},"end":{"line":1869,"column":49}},"495":{"start":{"line":1870,"column":20},"end":{"line":1870,"column":26}},"496":{"start":{"line":1873,"column":20},"end":{"line":1873,"column":47}},"497":{"start":{"line":1875,"column":20},"end":{"line":1875,"column":64}},"498":{"start":{"line":1877,"column":20},"end":{"line":1877,"column":82}},"499":{"start":{"line":1879,"column":20},"end":{"line":1882,"column":31}},"500":{"start":{"line":1883,"column":20},"end":{"line":1883,"column":26}},"501":{"start":{"line":1886,"column":20},"end":{"line":1886,"column":48}},"502":{"start":{"line":1888,"column":20},"end":{"line":1888,"column":64}},"503":{"start":{"line":1890,"column":20},"end":{"line":1890,"column":81}},"504":{"start":{"line":1892,"column":20},"end":{"line":1892,"column":85}},"505":{"start":{"line":1893,"column":20},"end":{"line":1893,"column":26}},"506":{"start":{"line":1896,"column":20},"end":{"line":1896,"column":48}},"507":{"start":{"line":1898,"column":20},"end":{"line":1898,"column":64}},"508":{"start":{"line":1900,"column":20},"end":{"line":1900,"column":81}},"509":{"start":{"line":1903,"column":20},"end":{"line":1905,"column":31}},"510":{"start":{"line":1906,"column":20},"end":{"line":1906,"column":26}},"511":{"start":{"line":1909,"column":20},"end":{"line":1909,"column":48}},"512":{"start":{"line":1911,"column":20},"end":{"line":1911,"column":64}},"513":{"start":{"line":1913,"column":20},"end":{"line":1913,"column":81}},"514":{"start":{"line":1915,"column":20},"end":{"line":1915,"column":49}},"515":{"start":{"line":1916,"column":20},"end":{"line":1916,"column":26}},"516":{"start":{"line":1919,"column":20},"end":{"line":1919,"column":47}},"517":{"start":{"line":1921,"column":20},"end":{"line":1921,"column":64}},"518":{"start":{"line":1923,"column":20},"end":{"line":1923,"column":95}},"519":{"start":{"line":1924,"column":20},"end":{"line":1924,"column":26}},"520":{"start":{"line":1927,"column":20},"end":{"line":1927,"column":47}},"521":{"start":{"line":1929,"column":20},"end":{"line":1929,"column":64}},"522":{"start":{"line":1931,"column":20},"end":{"line":1933,"column":31}},"523":{"start":{"line":1934,"column":20},"end":{"line":1934,"column":26}},"524":{"start":{"line":1937,"column":20},"end":{"line":1937,"column":47}},"525":{"start":{"line":1939,"column":20},"end":{"line":1939,"column":64}},"526":{"start":{"line":1940,"column":20},"end":{"line":1940,"column":43}},"527":{"start":{"line":1941,"column":20},"end":{"line":1941,"column":26}},"528":{"start":{"line":1944,"column":12},"end":{"line":1944,"column":21}},"529":{"start":{"line":1951,"column":4},"end":{"line":4481,"column":9}},"530":{"start":{"line":1953,"column":8},"end":{"line":1953,"column":26}},"531":{"start":{"line":1955,"column":8},"end":{"line":1955,"column":43}},"532":{"start":{"line":1956,"column":8},"end":{"line":1956,"column":61}},"533":{"start":{"line":1958,"column":8},"end":{"line":1972,"column":31}},"534":{"start":{"line":1961,"column":12},"end":{"line":1970,"column":15}},"535":{"start":{"line":1971,"column":12},"end":{"line":1971,"column":22}},"536":{"start":{"line":1974,"column":8},"end":{"line":2721,"column":13}},"537":{"start":{"line":1975,"column":12},"end":{"line":2720,"column":14}},"538":{"start":{"line":2722,"column":8},"end":{"line":2738,"column":11}},"539":{"start":{"line":2725,"column":12},"end":{"line":2728,"column":14}},"540":{"start":{"line":2729,"column":12},"end":{"line":2733,"column":55}},"541":{"start":{"line":2734,"column":12},"end":{"line":2737,"column":67}},"542":{"start":{"line":2739,"column":8},"end":{"line":2743,"column":67}},"543":{"start":{"line":2744,"column":8},"end":{"line":2746,"column":10}},"544":{"start":{"line":2748,"column":8},"end":{"line":2748,"column":88}},"545":{"start":{"line":2750,"column":8},"end":{"line":2750,"column":61}},"546":{"start":{"line":2752,"column":8},"end":{"line":2775,"column":11}},"547":{"start":{"line":2753,"column":12},"end":{"line":2774,"column":13}},"548":{"start":{"line":2756,"column":16},"end":{"line":2761,"column":18}},"549":{"start":{"line":2757,"column":20},"end":{"line":2757,"column":79}},"550":{"start":{"line":2762,"column":16},"end":{"line":2762,"column":22}},"551":{"start":{"line":2769,"column":16},"end":{"line":2769,"column":92}},"552":{"start":{"line":2770,"column":16},"end":{"line":2770,"column":22}},"553":{"start":{"line":2773,"column":16},"end":{"line":2773,"column":78}},"554":{"start":{"line":2778,"column":8},"end":{"line":2778,"column":34}},"555":{"start":{"line":2779,"column":8},"end":{"line":4471,"column":12}},"556":{"start":{"line":2798,"column":20},"end":{"line":2800,"column":22}},"557":{"start":{"line":4473,"column":8},"end":{"line":4473,"column":78}}},"branchMap":{"1":{"line":24,"type":"binary-expr","locations":[{"start":{"line":24,"column":26},"end":{"line":24,"column":52}},{"start":{"line":25,"column":12},"end":{"line":25,"column":55}},{"start":{"line":26,"column":12},"end":{"line":26,"column":27}},{"start":{"line":27,"column":12},"end":{"line":27,"column":66}}]},"2":{"line":29,"type":"cond-expr","locations":[{"start":{"line":30,"column":14},"end":{"line":30,"column":20}},{"start":{"line":31,"column":14},"end":{"line":31,"column":20}}]},"3":{"line":33,"type":"binary-expr","locations":[{"start":{"line":33,"column":38},"end":{"line":33,"column":59}},{"start":{"line":34,"column":12},"end":{"line":34,"column":50}}]},"4":{"line":48,"type":"switch","locations":[{"start":{"line":49,"column":12},"end":{"line":57,"column":22}},{"start":{"line":58,"column":12},"end":{"line":66,"column":22}},{"start":{"line":67,"column":12},"end":{"line":75,"column":22}},{"start":{"line":76,"column":12},"end":{"line":83,"column":89}}]},"5":{"line":80,"type":"binary-expr","locations":[{"start":{"line":80,"column":42},"end":{"line":80,"column":57}},{"start":{"line":80,"column":61},"end":{"line":80,"column":79}}]},"6":{"line":122,"type":"if","locations":[{"start":{"line":122,"column":20},"end":{"line":122,"column":20}},{"start":{"line":122,"column":20},"end":{"line":122,"column":20}}]},"7":{"line":137,"type":"if","locations":[{"start":{"line":137,"column":12},"end":{"line":137,"column":12}},{"start":{"line":137,"column":12},"end":{"line":137,"column":12}}]},"8":{"line":162,"type":"switch","locations":[{"start":{"line":163,"column":16},"end":{"line":168,"column":26}},{"start":{"line":169,"column":16},"end":{"line":174,"column":26}},{"start":{"line":175,"column":16},"end":{"line":176,"column":41}}]},"9":{"line":225,"type":"switch","locations":[{"start":{"line":226,"column":16},"end":{"line":232,"column":26}},{"start":{"line":233,"column":16},"end":{"line":239,"column":26}},{"start":{"line":240,"column":16},"end":{"line":243,"column":26}},{"start":{"line":244,"column":16},"end":{"line":247,"column":26}},{"start":{"line":248,"column":16},"end":{"line":249,"column":41}}]},"10":{"line":294,"type":"switch","locations":[{"start":{"line":295,"column":16},"end":{"line":300,"column":26}},{"start":{"line":301,"column":16},"end":{"line":309,"column":26}},{"start":{"line":310,"column":16},"end":{"line":311,"column":41}}]},"11":{"line":327,"type":"switch","locations":[{"start":{"line":328,"column":16},"end":{"line":333,"column":26}},{"start":{"line":334,"column":16},"end":{"line":351,"column":26}},{"start":{"line":352,"column":16},"end":{"line":353,"column":41}}]},"12":{"line":368,"type":"switch","locations":[{"start":{"line":369,"column":16},"end":{"line":374,"column":26}},{"start":{"line":375,"column":16},"end":{"line":383,"column":26}},{"start":{"line":384,"column":16},"end":{"line":385,"column":41}}]},"13":{"line":422,"type":"switch","locations":[{"start":{"line":423,"column":16},"end":{"line":431,"column":26}},{"start":{"line":432,"column":16},"end":{"line":437,"column":26}},{"start":{"line":438,"column":16},"end":{"line":443,"column":26}},{"start":{"line":444,"column":16},"end":{"line":449,"column":26}},{"start":{"line":450,"column":16},"end":{"line":451,"column":41}}]},"14":{"line":466,"type":"switch","locations":[{"start":{"line":467,"column":16},"end":{"line":479,"column":26}},{"start":{"line":480,"column":16},"end":{"line":485,"column":26}},{"start":{"line":486,"column":16},"end":{"line":491,"column":26}},{"start":{"line":492,"column":16},"end":{"line":497,"column":26}},{"start":{"line":498,"column":16},"end":{"line":499,"column":41}}]},"15":{"line":468,"type":"if","locations":[{"start":{"line":468,"column":20},"end":{"line":468,"column":20}},{"start":{"line":468,"column":20},"end":{"line":468,"column":20}}]},"16":{"line":521,"type":"switch","locations":[{"start":{"line":522,"column":16},"end":{"line":527,"column":26}},{"start":{"line":528,"column":16},"end":{"line":539,"column":26}},{"start":{"line":540,"column":16},"end":{"line":541,"column":41}}]},"17":{"line":563,"type":"switch","locations":[{"start":{"line":564,"column":16},"end":{"line":573,"column":26}},{"start":{"line":574,"column":16},"end":{"line":598,"column":26}},{"start":{"line":599,"column":16},"end":{"line":600,"column":41}}]},"18":{"line":618,"type":"switch","locations":[{"start":{"line":619,"column":16},"end":{"line":633,"column":26}},{"start":{"line":634,"column":16},"end":{"line":636,"column":26}},{"start":{"line":637,"column":16},"end":{"line":652,"column":26}},{"start":{"line":653,"column":16},"end":{"line":678,"column":26}},{"start":{"line":679,"column":16},"end":{"line":680,"column":41}}]},"19":{"line":622,"type":"if","locations":[{"start":{"line":622,"column":20},"end":{"line":622,"column":20}},{"start":{"line":622,"column":20},"end":{"line":622,"column":20}}]},"20":{"line":691,"type":"if","locations":[{"start":{"line":691,"column":12},"end":{"line":691,"column":12}},{"start":{"line":691,"column":12},"end":{"line":691,"column":12}}]},"21":{"line":707,"type":"switch","locations":[{"start":{"line":708,"column":16},"end":{"line":716,"column":26}},{"start":{"line":717,"column":16},"end":{"line":730,"column":26}},{"start":{"line":731,"column":16},"end":{"line":737,"column":26}},{"start":{"line":738,"column":16},"end":{"line":739,"column":41}}]},"22":{"line":751,"type":"switch","locations":[{"start":{"line":752,"column":16},"end":{"line":767,"column":26}},{"start":{"line":768,"column":16},"end":{"line":777,"column":26}},{"start":{"line":778,"column":16},"end":{"line":781,"column":26}},{"start":{"line":782,"column":16},"end":{"line":783,"column":35}}]},"23":{"line":796,"type":"switch","locations":[{"start":{"line":797,"column":16},"end":{"line":803,"column":26}},{"start":{"line":804,"column":16},"end":{"line":808,"column":26}},{"start":{"line":809,"column":16},"end":{"line":810,"column":35}}]},"24":{"line":919,"type":"switch","locations":[{"start":{"line":920,"column":16},"end":{"line":922,"column":26}},{"start":{"line":923,"column":16},"end":{"line":928,"column":26}},{"start":{"line":929,"column":16},"end":{"line":930,"column":35}}]},"25":{"line":1185,"type":"if","locations":[{"start":{"line":1185,"column":16},"end":{"line":1185,"column":16}},{"start":{"line":1185,"column":16},"end":{"line":1185,"column":16}}]},"26":{"line":1315,"type":"if","locations":[{"start":{"line":1315,"column":12},"end":{"line":1315,"column":12}},{"start":{"line":1315,"column":12},"end":{"line":1315,"column":12}}]},"27":{"line":1337,"type":"binary-expr","locations":[{"start":{"line":1337,"column":33},"end":{"line":1337,"column":39}},{"start":{"line":1337,"column":43},"end":{"line":1337,"column":81}}]},"28":{"line":1717,"type":"if","locations":[{"start":{"line":1717,"column":16},"end":{"line":1717,"column":16}},{"start":{"line":1717,"column":16},"end":{"line":1717,"column":16}}]},"29":{"line":1717,"type":"binary-expr","locations":[{"start":{"line":1717,"column":20},"end":{"line":1717,"column":27}},{"start":{"line":1717,"column":31},"end":{"line":1717,"column":53}}]},"30":{"line":1729,"type":"if","locations":[{"start":{"line":1729,"column":12},"end":{"line":1729,"column":12}},{"start":{"line":1729,"column":12},"end":{"line":1729,"column":12}}]},"31":{"line":1747,"type":"if","locations":[{"start":{"line":1747,"column":12},"end":{"line":1747,"column":12}},{"start":{"line":1747,"column":12},"end":{"line":1747,"column":12}}]},"32":{"line":1762,"type":"if","locations":[{"start":{"line":1762,"column":16},"end":{"line":1762,"column":16}},{"start":{"line":1762,"column":16},"end":{"line":1762,"column":16}}]},"33":{"line":1774,"type":"if","locations":[{"start":{"line":1774,"column":24},"end":{"line":1774,"column":24}},{"start":{"line":1774,"column":24},"end":{"line":1774,"column":24}}]},"34":{"line":1808,"type":"if","locations":[{"start":{"line":1808,"column":12},"end":{"line":1808,"column":12}},{"start":{"line":1808,"column":12},"end":{"line":1808,"column":12}}]},"35":{"line":1829,"type":"if","locations":[{"start":{"line":1829,"column":12},"end":{"line":1829,"column":12}},{"start":{"line":1829,"column":12},"end":{"line":1829,"column":12}}]},"36":{"line":1845,"type":"switch","locations":[{"start":{"line":1846,"column":16},"end":{"line":1851,"column":26}},{"start":{"line":1852,"column":16},"end":{"line":1860,"column":26}},{"start":{"line":1861,"column":16},"end":{"line":1870,"column":26}},{"start":{"line":1871,"column":16},"end":{"line":1883,"column":26}},{"start":{"line":1884,"column":16},"end":{"line":1893,"column":26}},{"start":{"line":1894,"column":16},"end":{"line":1906,"column":26}},{"start":{"line":1907,"column":16},"end":{"line":1916,"column":26}},{"start":{"line":1917,"column":16},"end":{"line":1924,"column":26}},{"start":{"line":1925,"column":16},"end":{"line":1934,"column":26}},{"start":{"line":1935,"column":16},"end":{"line":1941,"column":26}}]},"37":{"line":2753,"type":"switch","locations":[{"start":{"line":2754,"column":12},"end":{"line":2762,"column":22}},{"start":{"line":2763,"column":12},"end":{"line":2763,"column":44}},{"start":{"line":2764,"column":12},"end":{"line":2764,"column":57}},{"start":{"line":2765,"column":12},"end":{"line":2765,"column":49}},{"start":{"line":2766,"column":12},"end":{"line":2766,"column":49}},{"start":{"line":2767,"column":12},"end":{"line":2770,"column":22}},{"start":{"line":2771,"column":12},"end":{"line":2773,"column":78}}]},"38":{"line":2753,"type":"binary-expr","locations":[{"start":{"line":2753,"column":20},"end":{"line":2753,"column":42}},{"start":{"line":2753,"column":46},"end":{"line":2753,"column":80}}]},"39":{"line":2759,"type":"binary-expr","locations":[{"start":{"line":2759,"column":31},"end":{"line":2759,"column":59}},{"start":{"line":2759,"column":63},"end":{"line":2759,"column":69}}]},"40":{"line":2760,"type":"binary-expr","locations":[{"start":{"line":2760,"column":31},"end":{"line":2760,"column":58}},{"start":{"line":2760,"column":62},"end":{"line":2760,"column":68}}]}},"code":["/* istanbul instrument in package swgg */","/* jslint-utility2 */","/*jslint","    bitwise: true,","    browser: true,","    maxerr: 4,","    maxlen: 100,","    node: true,","    nomen: true,","    regexp: true,","    stupid: true","*/","(function () {","    'use strict';","    var local;","","","","    // run shared js-env code - init-before","    (function () {","        // init local","        local = {};","        // init isBrowser","        local.isBrowser = typeof window === \"object\" &&","            typeof window.XMLHttpRequest === \"function\" &&","            window.document &&","            typeof window.document.querySelectorAll === \"function\";","        // init global","        local.global = local.isBrowser","            ? window","            : global;","        // re-init local","        local = local.global.local = (local.global.utility2 ||","            require('./assets.utility2.rollup.js')).requireReadme();","        // init test","        local.testRunDefault(local);","    }());","","","","    // run shared js-env code - function","    (function () {","        local.crudOptionsSetDefault = function (options, defaults) {","        /*","         * this function will set default-values for options","         */","            options = local.objectSetDefault(options, defaults);","            switch (options._tags0) {","            case 'pet':","                local.objectSetDefault(options, {","                    crudGetOneById: local.apiDict['operationId.getPetById'],","                    crudRemoveOneById: local.apiDict['operationId.deletePet'],","                    crudSetOneById: local.apiDict['operationId.addPet'],","                    crudType: ['undefined', 'petId', 'id'],","                    crudUpdateOneById: local.apiDict['operationId.updatePetWithForm']","                });","                break;","            case 'store':","                local.objectSetDefault(options, {","                    crudGetOneById: local.apiDict['operationId.getOrderById'],","                    crudRemoveOneById: local.apiDict['operationId.deleteOrder'],","                    crudSetOneById: local.apiDict['operationId.placeOrder'],","                    crudType: ['undefined', 'orderId', 'id'],","                    crudUpdateOneById: local.apiDict['operationId.store.crudUpdateOneById.id.id']","                });","                break;","            case 'user':","                local.objectSetDefault(options, {","                    crudGetOneById: local.apiDict['operationId.getUserByName'],","                    crudRemoveOneById: local.apiDict['operationId.deleteUser'],","                    crudSetOneById: local.apiDict['operationId.createUser'],","                    crudType: ['undefined', 'username', 'username'],","                    crudUpdateOneById: local.apiDict['operationId.updateUser']","                });","                break;","            default:","                Object.keys(local.apiDict).forEach(function (key) {","                    key.replace((/^operationId\\.x-test\\.(\\w+)/), function (match0, match1) {","                        match0 = match1;","                        options[match0] = options[match0] || local.apiDict[key];","                    });","                });","                local.objectSetDefault(options, { crudType: ['undefined', 'id', 'id'] });","            }","            local.idNameInit(options);","            // shallow-copy options","            return local.objectSetDefault({}, options);","        };","","        local.testCase_ajax_error = function (options, onError) {","        /*","         * this function will test ajax's error handling-behavior","         */","            var onParallel;","            onParallel = local.onParallel(onError);","            onParallel.counter += 1;","            [{","                // test 404 undefined-api-error-1 handling-behavior","                statusCode: 404,","                url: '/api/v0/x-test/errorUndefined'","            }, {","                // test 404 undefined-api-error-2 handling-behavior","                statusCode: 404,","                url: '/api/v0/x-test/errorUndefinedApi'","            }, {","                method: 'POST',","                // test 400 param-parse-error handling-behavior","                statusCode: 400,","                url: '/api/v0/x-test/parametersDefault/aa?typeStringFormatJson=syntax%20error'","            }, {","                // test 404 undefined-map-file handling-behavior","                statusCode: 404,","                url: '/api/v0/x-test/undefined.map'","            }].forEach(function (options) {","                onParallel.counter += 1;","                local.ajax(options, function (error, xhr) {","                    // validate error occurred","                    local.assert(error, options);","                    // validate statusCode","                    local.assertJsonEqual(error.statusCode, options.statusCode);","                    // validate error is in jsonapi-format","                    if (options.url === '/api/v0/x-test/parametersDefault/aa' +","                            '?typeStringFormatJson=syntax%20error') {","                        error = JSON.parse(xhr.responseText);","                        local.assert(error.errors[0], error);","                    }","                    onParallel();","                });","            });","            onParallel(null, options);","        };","","        local.testCase_buildApp_default = function (options, onError) {","        /*","         * this function will test buildApp's default handling-behavior","         */","            if (local.isBrowser) {","                onError(null, options);","                return;","            }","            local.testCase_buildReadme_default(options, local.onErrorThrow);","            local.testCase_buildLib_default(options, local.onErrorThrow);","            local.testCase_buildTest_default(options, local.onErrorThrow);","            local.testCase_buildCustomOrg_default(options, local.onErrorThrow);","            local.buildApp({ assetsList: [{","                file: '/assets.swagger-ui.logo.medium.png',","                url: '/assets.swagger-ui.logo.medium.png'","            }, {","                file: '/assets.swagger-ui.logo.small.png',","                url: '/assets.swagger-ui.logo.small.png'","            }] }, onError);","        };","","        local.testCase_crudCountManyByQuery_default = function (options, onError) {","        /*","         * this function will test crudCountManyByQuery's default handling-behavior","         */","            options = local.crudOptionsSetDefault(options, {","                idValue: 'testCase_crudCountManyByQuery_default'","            });","            local.onNext(options, function (error, data) {","                switch (options.modeNext) {","                case 1:","                    // ajax - crudCountManyByQuery","                    options.crudCountManyByQuery.ajax({","                        paramDict: { _queryWhere: JSON.stringify(options.queryById) }","                    }, options.onNext);","                    break;","                case 2:","                    // validate data","                    local.assertJsonEqual(data.responseJson.data.length, 1);","                    local.assert(data.responseJson.data[0] === 1, data.responseJson);","                    options.onNext();","                    break;","                default:","                    onError(error, data);","                }","            });","            options.modeNext = 0;","            options.onNext();","        };","","        local.testCase_crudCreateReplaceUpdateRemoveMany_default = function (options, onError) {","        /*","         * this function will test crudCreateReplaceUpdateRemoveMany's default handling-behavior","         */","            var onParallel;","            onParallel = local.onParallel(onError);","            onParallel.counter += 1;","            [{","                _tags0: 'x-test',","                data: {}","            }, {","                _tags0: 'pet',","                data: { name: 'name', photoUrls: ['photoUrls'] },","                dataValidateReplace: { name: 'name', status: 'available' },","                dataValidateUpdate1: { name: 'name', status: 'available' },","                dataValidateUpdate2: { status: 'pending' }","            }, {","                _tags0: 'store',","                data: { id: 10 },","                dataValidateReplace: { petId: 10, status: 'placed' },","                dataValidateUpdate1: { petId: 10, status: 'placed' },","                dataValidateUpdate2: { status: 'approved' }","            }, {","                _tags0: 'user',","                data: { username: 'testCase_crudCreateReplaceUpdateRemoveMany_default' },","                dataValidateReplace: { firstName: 'firstName', userStatus: 1 },","                dataValidateUpdate1: { firstName: 'firstName', userStatus: 1 },","                dataValidateUpdate2: { userStatus: 2 }","            }].forEach(function (options) {","                onParallel.counter += 1;","                // test crudCreateReplaceUpdateRemoveOne's default handling-behavior","                local.testCase_crudCreateReplaceUpdateRemoveOne_default(options, onParallel);","            });","            onParallel(null, options);","        };","","        local.testCase_crudCreateReplaceUpdateRemoveOne_default = function (options, onError) {","        /*","         * this function will test crudCreateReplaceUpdateRemoveOne's default handling-behavior","         */","            options = local.crudOptionsSetDefault(options, { data: {} });","            local.onNext(options, function (error, data) {","                switch (options.modeNext) {","                case 1:","                    // test crudSetOneById's create handling-behavior","                    local.testCase_crudSetOneById_default(","                        options,","                        options.onNext","                    );","                    break;","                case 2:","                    // test crudSetOneById's replace handling-behavior","                    local.testCase_crudSetOneById_default(","                        options,","                        options.onNext","                    );","                    break;","                case 3:","                    // test crudUpdateOneById's default handling-behavior","                    local.testCase_crudUpdateOneById_default(options, options.onNext);","                    break;","                case 4:","                    // test crudRemoveOneById's default handling-behavior","                    local.testCase_crudRemoveOneById_default(options, options.onNext);","                    break;","                default:","                    onError(error, data);","                }","            });","            options.modeNext = 0;","            options.onNext();","        };","","        local.testCase_crudErrorXxx_default = function (options, onError) {","        /*","         * this function will test crudErrorXxx's default handling-behavior","         */","            var onParallel;","            onParallel = local.onParallel(onError);","            onParallel.counter += 1;","            [","                'operationId.x-test.crudErrorDelete',","                'operationId.x-test.crudErrorGet',","                'operationId.x-test.crudErrorHead',","                'operationId.x-test.crudErrorLogin',","                'operationId.x-test.crudErrorOptions',","                'operationId.x-test.crudErrorPatch',","                'operationId.x-test.crudErrorPost',","                'operationId.x-test.crudErrorPre',","                'operationId.x-test.crudErrorPut'","            ].forEach(function (key) {","                onParallel.counter += 1;","                local.apiDict[key].ajax({}, function (error, data) {","                    // validate error occurred","                    local.assert(error, error);","                    // validate statusCode","                    local.assertJsonEqual(data.statusCode, 500);","                    onParallel();","                });","            });","            onParallel(null, options);","        };","","        local.testCase_crudGetManyByQuery_default = function (options, onError) {","        /*","         * this function will test crudGetManyByQuery's default handling-behavior","         */","            options = local.crudOptionsSetDefault(options, {","                idValue: 'testCase_crudGetManyByQuery_default'","            });","            local.onNext(options, function (error, data) {","                switch (options.modeNext) {","                case 1:","                    // ajax - crudGetManyByQuery","                    options.crudGetManyByQuery.ajax({","                        paramDict: { _queryWhere: JSON.stringify(options.queryById) }","                    }, options.onNext);","                    break;","                case 2:","                    // validate data","                    local.assertJsonEqual(data.response
[...]
r'","                },","                'operationId.store.crudGetManyByQuery': {","                    _schemaName: 'Order'","                },","                'operationId.store.crudUpdateOneById.id.id': {","                    _schemaName: 'Order'","                },","                'operationId.deleteOrder': {","                    _crudType: ['crudRemoveOneById', 'orderId', 'id'],","                    _schemaName: 'Order'","                },","                'operationId.getInventory': {","                    _schemaName: 'Order'","                },","                'operationId.getOrderById': {","                    _crudType: ['crudGetOneById', 'orderId', 'id'],","                    _schemaName: 'Order'","                },","                'operationId.placeOrder': {","                    _crudType: ['crudSetOneById', 'orderId', 'id'],","                    _schemaName: 'Order'","                },","                'operationId.createUser': {","                    _crudType: ['crudSetOneById', 'username', 'username'],","                    _schemaName: 'User'","                },","                'operationId.createUsersWithArrayInput': {","                    _crudType: ['crudSetManyById'],","                    _schemaName: 'User'","                },","                'operationId.createUsersWithListInput': {","                    _crudType: ['crudSetManyById'],","                    _schemaName: 'User'","                },","                'operationId.user.crudCountManyByQuery': {","                    _schemaName: 'User'","                },","                'operationId.user.crudSetOneById.username.username': {","                    _schemaName: 'User'","                },","                'operationId.user.crudRemoveOneById.username.username': {","                    _schemaName: 'User'","                },","                'operationId.user.crudGetManyByQuery': {","                    _schemaName: 'User'","                },","                'operationId.user.crudUpdateOneById.username.username': {","                    _schemaName: 'User'","                },","                'operationId.deleteUser': {","                    _crudType: ['crudRemoveOneById', 'username', 'username'],","                    _schemaName: 'User'","                },","                'operationId.getUserByName': {","                    _crudType: ['crudGetOneById', 'username', 'username'],","                    _schemaName: 'User'","                },","                'operationId.loginUser': {","                    _crudType: ['userLoginByPassword'],","                    _schemaName: 'User'","                },","                'operationId.logoutUser': {","                    _crudType: ['userLogout'],","                    _schemaName: 'User'","                },","                'operationId.updateUser': {","                    _crudType: ['crudUpdateOneById', 'username', 'username'],","                    _schemaName: 'User'","                },","                'operationId.user.userLoginByPassword': {","                    _schemaName: 'User'","                },","                'operationId.user.userLogout': {","                    _schemaName: 'User'","                }","            }","        });","        /* validateLineSortedReset */","        // init db","        local.global.utility2_dbSeedList = [{","            dbRowList: [{","                id: 'testCase_swaggerUiLogoSmall',","                fileBlob: local.swgg.templateSwaggerUiLogoSmallBase64,","                fileContentType: 'image/png',","                fileDescription: 'swagger-ui logo',","                fileFilename: 'swaggerUiLogoSmall.png'","            }],","            idIndexCreateList: [{","                name: 'id'","            }],","            name: 'File'","        }, {","            dbRowList: local.swgg.dbRowListRandomCreate({","                dbRowList: [{","                    id: 0,","                    name: 'birdie',","                    photoUrls: [],","                    status: 'available',","                    tags: [{ name: 'bird'}]","                }, {","                    id: 1,","                    name: 'doggie',","                    status: 'pending',","                    photoUrls: [],","                    tags: [{ name: 'dog'}]","                }, {","                    id: 2,","                    name: 'fishie',","                    photoUrls: [],","                    status: 'sold',","                    tags: [{ name: 'fish'}]","                }],","                // init 100 extra random pets","                length: 100,","                override: function (options) {","                    return {","                        id: options.ii + 100,","                        name: local.listGetElementRandom(","                            ['birdie', 'doggie', 'fishie']","                        ) + '-' + (options.ii + 100),","                        tags: [","                            { name: local.listGetElementRandom(['female', 'male']) }","                        ]","                    };","                },","                schema: local.swgg.swaggerJson.definitions.Pet","            }),","            idIndexCreateList: [{","                isInteger: true,","                name: 'id'","            }],","            name: 'Pet'","        }, {","            dbRowList: local.swgg.dbRowListRandomCreate({","                dbRowList: [{","                    id: 0,","                    petId: 0,","                    status: 'available'","                }, {","                    id: 1,","                    petId: 1,","                    status: 'pending'","                }, {","                    id: 2,","                    petId: 2,","                    status: 'sold'","                }],","                // init 100 extra random orders","                length: 100,","                override: function (options) {","                    return {","                        id: options.ii + 100,","                        petId: options.ii + 100","                    };","                },","                schema: local.swgg.swaggerJson.definitions.Order","            }),","            idIndexCreateList: [{","                isInteger: true,","                name: 'id'","            }],","            name: 'Order'","        }, {","            dbRowList: local.swgg.dbRowListRandomCreate({","                dbRowList: [{","                    email: 'admin@admin.com',","                    firstName: 'admin',","                    id: 0,","                    lastName: '',","                    password: local.sjclHashScryptCreate('secret'),","                    phone: '1234-5678',","                    username: 'admin'","                }, {","                    email: 'jane@doe.com',","                    firstName: 'jane',","                    id: 1,","                    lastName: 'doe',","                    password: local.sjclHashScryptCreate('secret'),","                    phone: '1234-5678',","                    username: 'jane.doe'","                }, {","                    email: 'john@doe.com',","                    firstName: 'john',","                    id: 2,","                    lastName: 'doe',","                    password: local.sjclHashScryptCreate('secret'),","                    phone: '1234-5678',","                    username: 'john.doe'","                }],","                // init 100 extra random users","                length: 100,","                override: function (options) {","                    return {","                        firstName: local.listGetElementRandom(","                            ['alice', 'bob', 'jane', 'john']","                        ) + '-' + (options.ii + 100),","                        id: options.ii + 100,","                        lastName: local.listGetElementRandom(['doe', 'smith']) +","                            '-' + (options.ii + 100),","                        password: local.sjclHashScryptCreate('secret'),","                        tags: [","                            { name: local.listGetElementRandom(['female', 'male']) },","                            { name: Math.random().toString(36).slice(2) }","                        ]","                    };","                },","                schema: local.swgg.swaggerJson.definitions.User","            }),","            idIndexCreateList: [{","                name: 'email'","            }, {","                name: 'id',","                isInteger: true","            }, {","                name: 'username'","            }],","            name: 'User'","        }];","        // seed db","        local.db.dbSeed(local.global.utility2_dbSeedList, local.onErrorThrow);","        // init serverLocal","        local.utility2.serverLocalUrlTest = function (url) {","            url = local.urlParse(url).pathname;","            return local.isBrowser &&","                !local.env.npm_config_mode_backend &&","                (/^\\/test\\.|\\/api\\/v0\\//).test(url);","        };","    }());","","","","    // run browser js-env code - init-test","    /* istanbul ignore next */","    (function () {","        if (!local.isBrowser) {","            return;","        }","        local.testRunBrowser = function (event) {","            if (!event || (event &&","                    event.currentTarget &&","                    event.currentTarget.className &&","                    event.currentTarget.className.includes &&","                    event.currentTarget.className.includes('onreset'))) {","                // reset output","                Array.from(document.querySelectorAll(","                    'body > .resettable'","                )).forEach(function (element) {","                    switch (element.tagName) {","                    case 'INPUT':","                    case 'TEXTAREA':","                        element.value = '';","                        break;","                    default:","                        element.textContent = '';","                    }","                });","            }","            switch (event && event.currentTarget && event.currentTarget.id) {","            case 'testRunButton1':","                // show tests","                if (document.querySelector('#testReportDiv1').style.maxHeight === '0px') {","                    local.uiAnimateSlideDown(document.querySelector('#testReportDiv1'));","                    document.querySelector('#testRunButton1').textContent = 'hide internal test';","                    local.modeTest = 1;","                    local.testRunDefault(local);","                // hide tests","                } else {","                    local.uiAnimateSlideUp(document.querySelector('#testReportDiv1'));","                    document.querySelector('#testRunButton1').textContent = 'run internal test';","                }","                break;","            // custom-case","            case 'dbExportButton1':","            case 'dbImportButton1':","            case 'dbImportInput1':","            case 'dbResetButton1':","                local.db.onEventDomDb(event);","                break;","            case undefined:","                // init ui","                local.global.utility2_onReadyBefore.counter += 1;","                local.swgg.uiEventListenerDict['.onEventUiReload'](","                    null,","                    local.global.utility2_onReadyBefore","                );","                // coverage-hack - ignore else-statement","                local.nop(local.modeTest && (function () {","                    document.querySelector('#testRunButton1').textContent =","                        'hide internal test';","                }()));","                break;","            }","            if (document.querySelector('#inputTextareaEval1') && (!event || (event &&","                    event.currentTarget &&","                    event.currentTarget.className &&","                    event.currentTarget.className.includes &&","                    event.currentTarget.className.includes('oneval')))) {","                // try to eval input-code","                try {","                    /*jslint evil: true*/","                    eval(document.querySelector('#inputTextareaEval1').value);","                } catch (errorCaught) {","                    console.error(errorCaught);","                }","            }","        };","","        // log stderr and stdout to #outputStdoutTextarea1","        ['error', 'log'].forEach(function (key) {","            console[key + '_original'] = console[key + '_original'] || console[key];","            console[key] = function () {","                var element;","                console[key + '_original'].apply(console, arguments);","                element = document.querySelector('#outputStdoutTextarea1');","                if (!element) {","                    return;","                }","                // append text to #outputStdoutTextarea1","                element.value += Array.from(arguments).map(function (arg) {","                    return typeof arg === 'string'","                        ? arg","                        : JSON.stringify(arg, null, 4);","                }).join(' ').replace((/\\u001b\\[\\d*m/g), '') + '\\n';","                // scroll textarea to bottom","                element.scrollTop = element.scrollHeight;","            };","        });","        // init event-handling","        ['change', 'click', 'keyup'].forEach(function (event) {","            Array.from(document.querySelectorAll('.on' + event)).forEach(function (element) {","                element.addEventListener(event, local.testRunBrowser);","            });","        });","        // run tests","        local.testRunBrowser();","    }());","","","","    // run node js-env code - init-test","    /* istanbul ignore next */","    (function () {","        if (local.isBrowser) {","            return;","        }","        // init exports","        module.exports = local;","        // require builtins","        // local.assert = require('assert');","        local.buffer = require('buffer');","        local.child_process = require('child_process');","        local.cluster = require('cluster');","        local.crypto = require('crypto');","        local.dgram = require('dgram');","        local.dns = require('dns');","        local.domain = require('domain');","        local.events = require('events');","        local.fs = require('fs');","        local.http = require('http');","        local.https = require('https');","        local.net = require('net');","        local.os = require('os');","        local.path = require('path');","        local.querystring = require('querystring');","        local.readline = require('readline');","        local.repl = require('repl');","        local.stream = require('stream');","        local.string_decoder = require('string_decoder');","        local.timers = require('timers');","        local.tls = require('tls');","        local.tty = require('tty');","        local.url = require('url');","        local.util = require('util');","        local.vm = require('vm');","        local.zlib = require('zlib');","        /* validateLineSortedReset */","        // init assets","        local.assetsDict = local.assetsDict || {};","        [","            'assets.index.template.html',","            'assets.swgg.swagger.json',","            'assets.swgg.swagger.server.json'","        ].forEach(function (file) {","            file = '/' + file;","            local.assetsDict[file] = local.assetsDict[file] || '';","            if (local.fs.existsSync(local.__dirname + file)) {","                local.assetsDict[file] = local.fs.readFileSync(","                    local.__dirname + file,","                    'utf8'","                );","            }","        });","        /* validateLineSortedReset */","        /* jslint-ignore-begin */","        // bug-workaround - long $npm_package_buildCustomOrg","        local.assetsDict['/assets.swgg.js'] =","            local.assetsDict['/assets.swgg.js'] ||","            local.fs.readFileSync(local.__dirname + '/lib.swgg.js', 'utf8'","        ).replace((/^#!\\//), '// ');","        /* jslint-ignore-end */","        /* validateLineSortedReset */","        local.assetsDict['/'] =","            local.assetsDict['/assets.example.html'] =","            local.assetsDict['/index.html'] =","            local.assetsDict['/assets.index.template.html']","            .replace((/\\{\\{env\\.(\\w+?)\\}\\}/g), function (match0, match1) {","                switch (match1) {","                case 'npm_package_description':","                    return 'the greatest app in the world!';","                case 'npm_package_name':","                    return 'swgg';","                case 'npm_package_nameLib':","                    return 'swgg';","                case 'npm_package_version':","                    return '0.0.1';","                default:","                    return match0;","                }","            });","        // init cli","        if (module !== require.main || local.global.utility2_rollup) {","            return;","        }","        local.assetsDict['/assets.example.js'] =","            local.assetsDict['/assets.example.js'] ||","            local.fs.readFileSync(__filename, 'utf8');","        local.assetsDict['/favicon.ico'] = local.assetsDict['/favicon.ico'] || '';","        // if $npm_config_timeout_exit exists,","        // then exit this process after $npm_config_timeout_exit ms","        if (Number(process.env.npm_config_timeout_exit)) {","            setTimeout(process.exit, Number(process.env.npm_config_timeout_exit));","        }","        // start server","        if (local.global.utility2_serverHttp1) {","            return;","        }","        process.env.PORT = process.env.PORT || '8081';","        console.error('server starting on port ' + process.env.PORT);","        local.http.createServer(function (request, response) {","            request.urlParsed = local.url.parse(request.url);","            if (local.assetsDict[request.urlParsed.pathname] !== undefined) {","                response.end(local.assetsDict[request.urlParsed.pathname]);","                return;","            }","            response.statusCode = 404;","            response.end();","        }).listen(process.env.PORT);","    }());","}());"],"l":{"153":2,"155":2,"160":2,"162":2,"164":2,"169":2,"173":2,"177":2,"179":2,"182":2,"183":2,"190":2,"191":2,"195":321,"196":321,"197":321,"198":645,"200":321,"201":321,"204":3,"205":3,"207":3,"211":3,"213":315,"214":315,"216":318,"218":3,"220":3,"221":3,"222":612,"223":612,"225":3,"226":3,"228":3,"230":3,"231":3,"233":318,"236":321,"237":321,"240":2,"246":331,"250":331,"252":331,"254":331,"255":2,"256":2,"258":329,"265":2,"268":2,"315":2,"331":2,"333":2,"334":2,"335":2,"336":2,"337":2,"339":2,"509":2,"545":200,"580":200,"622":200,"649":2,"651":2,"652":213,"653":213,"663":2,"664":2,"665":1,"667":1,"668":1,"674":1,"677":1,"680":1,"681":1,"683":1,"687":1,"690":1,"691":1,"692":1,"693":1,"694":1,"697":1,"698":1,"700":1,"706":1,"707":1,"710":1,"711":1,"716":1,"717":1,"720":1,"722":1,"728":1,"730":1,"732":1,"738":1,"739":2,"740":2,"741":386,"742":386,"743":386,"744":386,"745":386,"748":1,"749":1,"754":1,"758":1,"759":3,"760":5,"764":1,"771":2,"772":2,"773":1,"776":1,"779":1,"780":1,"781":1,"782":1,"783":1,"784":1,"785":1,"786":1,"787":1,"788":1,"789":1,"790":1,"791":1,"792":1,"793":1,"794":1,"795":1,"796":1,"797":1,"798":1,"799":1,"800":1,"801":1,"802":1,"803":1,"804":1,"807":1,"808":1,"813":3,"814":3,"815":3,"816":1,"825":1,"831":1,"836":4,"838":1,"840":1,"842":1,"844":1,"846":1,"850":1,"851":1,"853":1,"856":1,"859":1,"860":1,"863":1,"864":1,"866":1,"867":1,"868":1,"869":1,"870":1,"871":1,"872":1,"874":1,"875":1}}}