{"/home/travis/build/kaizhu256/node-swgg/test.js":{"path":"/home/travis/build/kaizhu256/node-swgg/test.js","s":{"1":2,"2":2,"3":2,"4":2,"5":2,"6":2,"7":2,"8":2,"9":0,"10":0,"11":0,"12":0,"13":0,"14":0,"15":0,"16":0,"17":0,"18":2,"19":2,"20":2,"21":2,"22":2,"23":0,"24":0,"25":0,"26":0,"27":0,"28":2,"29":0,"30":2,"31":0,"32":2,"33":0,"34":2,"35":0,"36":0,"37":0,"38":0,"39":0,"40":2,"41":1,"42":1,"43":1,"44":1,"45":1,"46":1,"47":1,"48":1,"49":1,"50":1,"51":1,"52":1,"53":1,"54":1,"55":1,"56":1,"57":1,"58":1,"59":1,"60":1,"61":1,"62":1,"63":1,"64":1,"65":1,"66":1,"67":1,"68":2,"69":2,"70":2,"71":2,"72":2,"73":2,"74":2,"75":126,"76":126,"77":18,"78":18,"79":18,"80":18,"81":18,"82":18,"83":72,"84":10656,"85":2448,"86":72,"87":126,"88":126,"89":2,"90":2,"91":2,"92":2,"93":2,"94":8,"95":8,"96":8,"97":8,"98":8,"99":2,"100":2,"101":8,"102":2,"103":2,"104":2,"105":1,"106":1,"107":1,"108":1,"109":1,"110":1,"111":2,"112":2,"113":2,"114":6,"115":2,"116":2,"117":2,"118":2,"119":2,"120":2,"121":2,"122":2,"123":2,"124":2,"125":2,"126":2,"127":2,"128":2,"129":8,"130":8,"131":2,"132":2,"133":10,"134":10,"135":50,"136":10,"137":10,"138":10,"139":10,"140":10,"141":10,"142":10,"143":10,"144":10,"145":10,"146":10,"147":2,"148":2,"149":2,"150":2,"151":2,"152":18,"153":18,"154":18,"155":18,"156":18,"157":2,"158":2,"159":2,"160":2,"161":6,"162":2,"163":2,"164":2,"165":2,"166":2,"167":2,"168":2,"169":2,"170":2,"171":2,"172":52,"173":52,"174":156,"175":52,"176":52,"177":52,"178":52,"179":52,"180":70,"181":52,"182":52,"183":52,"184":52,"185":52,"186":52,"187":2,"188":2,"189":2,"190":6,"191":2,"192":2,"193":2,"194":2,"195":2,"196":2,"197":2,"198":2,"199":2,"200":2,"201":2,"202":2,"203":2,"204":2,"205":14,"206":14,"207":2,"208":2,"209":2,"210":2,"211":10,"212":2,"213":2,"214":2,"215":2,"216":2,"217":2,"218":2,"219":2,"220":2,"221":2,"222":2,"223":2,"224":2,"225":2,"226":14,"227":14,"228":70,"229":14,"230":2,"231":2,"232":12,"233":12,"234":14,"235":14,"236":14,"237":14,"238":14,"239":14,"240":14,"241":14,"242":14,"243":14,"244":14,"245":2,"246":2,"247":2,"248":2,"249":6,"250":2,"251":2,"252":2,"253":2,"254":2,"255":4,"256":4,"257":2,"258":2,"259":2,"260":2,"261":2,"262":2,"263":22,"264":22,"265":22,"266":66,"267":22,"268":22,"269":22,"270":22,"271":22,"272":22,"273":22,"274":22,"275":22,"276":22,"277":22,"278":22,"279":22,"280":22,"281":22,"282":2,"283":12,"284":12,"285":12,"286":60,"287":12,"288":12,"289":2,"290":2,"291":10,"292":10,"293":12,"294":12,"295":12,"296":12,"297":12,"298":12,"299":12,"300":12,"301":12,"302":12,"303":12,"304":12,"305":12,"306":12,"307":12,"308":12,"309":12,"310":12,"311":12,"312":2,"313":2,"314":1,"315":1,"316":1,"317":1,"318":2,"319":4,"320":4,"321":4,"322":4,"323":16,"324":16,"325":4,"326":4,"327":4,"328":4,"329":4,"330":4,"331":4,"332":4,"333":4,"334":4,"335":4,"336":4,"337":4,"338":4,"339":4,"340":4,"341":2,"342":2,"343":2,"344":8,"345":2,"346":2,"347":2,"348":2,"349":2,"350":2,"351":2,"352":2,"353":2,"354":2,"355":2,"356":2,"357":2,"358":2,"359":2,"360":2,"361":2,"362":6,"363":2,"364":2,"365":2,"366":2,"367":2,"368":2,"369":2,"370":2,"371":2,"372":2,"373":2,"374":2,"375":2,"376":6,"377":6,"378":6,"379":6,"380":6,"381":2,"382":2,"383":2,"384":2,"385":2,"386":2,"387":2,"388":2,"389":2,"390":2,"391":2,"392":2,"393":2,"394":2,"395":2,"396":2,"397":2,"398":2,"399":2,"400":2,"401":2,"402":8,"403":8,"404":8,"405":8,"406":8,"407":2,"408":2,"409":2,"410":2,"411":6,"412":2,"413":2,"414":2,"415":2,"416":2,"417":2,"418":2,"419":2,"420":2,"421":2,"422":2,"423":2,"424":2,"425":2,"426":2,"427":2,"428":2,"429":2,"430":2,"431":296,"432":286,"433":10,"434":10,"435":10,"436":10,"437":10,"438":10,"439":10,"440":10,"441":10,"442":10,"443":2,"444":2,"445":2,"446":2,"447":2,"448":2,"449":28,"450":28,"451":28,"452":28,"453":28,"454":28,"455":2,"456":6,"457":6,"458":6,"459":6,"460":6,"461":6,"462":6,"463":2,"464":2,"465":2,"466":1,"467":1,"468":1,"469":4,"470":4,"471":4,"472":4,"473":2,"474":2,"475":2,"476":2,"477":2,"478":74,"479":74,"480":74,"481":74,"482":74,"483":68,"484":74,"485":2,"486":2,"487":2,"488":1,"489":1,"490":1,"491":1,"492":1,"493":2,"494":2,"495":1,"496":1,"497":1,"498":3,"499":3,"500":1,"501":2,"502":2,"503":2,"504":2,"505":2,"506":20,"507":20,"508":2,"509":2,"510":2,"511":2,"512":2,"513":2,"514":2,"515":2,"516":2,"517":2,"518":2,"519":2,"520":2,"521":2,"522":2,"523":2,"524":2,"525":2,"526":2,"527":2,"528":2,"529":2,"530":2,"531":2,"532":2,"533":2,"534":2,"535":2,"536":2,"537":2,"538":2,"539":2,"540":2,"541":2,"542":2,"543":2,"544":2,"545":2,"546":2,"547":2,"548":2,"549":2,"550":2,"551":2,"552":2,"553":2,"554":2,"555":2,"556":2,"557":2,"558":2,"559":2,"560":2,"561":2,"562":76,"563":76,"564":76,"565":2,"566":2,"567":2,"568":2,"569":2,"570":2,"571":43,"572":18,"573":18,"574":18,"575":20,"576":20,"577":5,"578":2,"579":2,"580":200,"581":2},"b":{"1":[0,2],"2":[2,1,1,1,1],"3":[0,0],"4":[0,0],"5":[0,0,0],"6":[0,0],"7":[0,0],"8":[0,0],"9":[0,0],"10":[0,0],"11":[0,0,0],"12":[0,0],"13":[1,1],"14":[2,1],"15":[18,18,18,72],"16":[2448,1020],"17":[2,6],"18":[1,1],"19":[2,2,2],"20":[10,10,10,10,10],"21":[2,2,2],"22":[52,52,52],"23":[2,2,2],"24":[2,2,2,2,2],"25":[14,14,14,14,14],"26":[2,12],"27":[2,2,2],"28":[22,22,22],"29":[12,12,12,12,12],"30":[2,10],"31":[1,1],"32":[4,4,4,4],"33":[2,2,2,2],"34":[2,2,2],"35":[2,2,2],"36":[286,10],"37":[1,1],"38":[4,1],"39":[68,6],"40":[74,70],"41":[1,1],"42":[1,1],"43":[2,2,2,2,2,2,2,2,2,2],"44":[18,4,8,12,16,20,5],"45":[43,40],"46":[18,8],"47":[18,10]},"f":{"1":2,"2":2,"3":0,"4":0,"5":0,"6":0,"7":0,"8":0,"9":0,"10":2,"11":2,"12":2,"13":126,"14":10656,"15":2448,"16":2,"17":8,"18":8,"19":2,"20":2,"21":6,"22":2,"23":8,"24":10,"25":50,"26":2,"27":18,"28":18,"29":2,"30":6,"31":52,"32":156,"33":70,"34":2,"35":6,"36":2,"37":14,"38":2,"39":10,"40":14,"41":70,"42":2,"43":6,"44":4,"45":22,"46":66,"47":12,"48":60,"49":2,"50":4,"51":16,"52":2,"53":8,"54":2,"55":6,"56":2,"57":6,"58":6,"59":2,"60":2,"61":2,"62":2,"63":8,"64":8,"65":2,"66":6,"67":2,"68":2,"69":296,"70":10,"71":10,"72":2,"73":28,"74":28,"75":6,"76":6,"77":2,"78":4,"79":4,"80":2,"81":74,"82":74,"83":2,"84":2,"85":3,"86":2,"87":20,"88":2,"89":2,"90":2,"91":76,"92":43,"93":18,"94":200},"fnMap":{"1":{"name":"(anonymous_1)","line":4,"loc":{"start":{"line":4,"column":1},"end":{"line":4,"column":23}},"skip":true},"2":{"name":"(anonymous_2)","line":9,"loc":{"start":{"line":9,"column":5},"end":{"line":9,"column":17}},"skip":true},"3":{"name":"(anonymous_3)","line":18,"loc":{"start":{"line":18,"column":41},"end":{"line":18,"column":53}},"skip":true},"4":{"name":"(anonymous_4)","line":47,"loc":{"start":{"line":47,"column":24},"end":{"line":47,"column":51}},"skip":true},"5":{"name":"(anonymous_5)","line":74,"loc":{"start":{"line":74,"column":26},"end":{"line":74,"column":41}},"skip":true},"6":{"name":"(anonymous_6)","line":82,"loc":{"start":{"line":82,"column":21},"end":{"line":82,"column":38}},"skip":true},"7":{"name":"(anonymous_7)","line":88,"loc":{"start":{"line":88,"column":16},"end":{"line":88,"column":28}},"skip":true},"8":{"name":"(anonymous_8)","line":94,"loc":{"start":{"line":94,"column":32},"end":{"line":94,"column":58}},"skip":true},"9":{"name":"(anonymous_9)","line":101,"loc":{"start":{"line":101,"column":42},"end":{"line":101,"column":57}},"skip":true},"10":{"name":"(anonymous_10)","line":146,"loc":{"start":{"line":146,"column":1},"end":{"line":146,"column":18}}},"11":{"name":"(anonymous_11)","line":152,"loc":{"start":{"line":152,"column":1},"end":{"line":152,"column":13}}},"12":{"name":"(anonymous_12)","line":165,"loc":{"start":{"line":165,"column":1},"end":{"line":165,"column":13}}},"13":{"name":"(anonymous_13)","line":166,"loc":{"start":{"line":166,"column":30},"end":{"line":166,"column":58}}},"14":{"name":"(anonymous_14)","line":200,"loc":{"start":{"line":200,"column":43},"end":{"line":200,"column":58}}},"15":{"name":"(anonymous_15)","line":203,"loc":{"start":{"line":203,"column":15},"end":{"line":203,"column":41}}},"16":{"name":"(anonymous_16)","line":216,"loc":{"start":{"line":216,"column":28},"end":{"line":216,"column":55}}},"17":{"name":"(anonymous_17)","line":240,"loc":{"start":{"line":240,"column":15},"end":{"line":240,"column":33}}},"18":{"name":"(anonymous_18)","line":242,"loc":{"start":{"line":242,"column":27},"end":{"line":242,"column":49}}},"19":{"name":"(anonymous_19)","line":261,"loc":{"start":{"line":261,"column":34},"end":{"line":261,"column":61}}},"20":{"name":"(anonymous_20)","line":283,"loc":{"start":{"line":283,"column":46},"end":{"line":283,"column":73}}},"21":{"name":"(anonymous_21)","line":290,"loc":{"start":{"line":290,"column":25},"end":{"line":290,"column":48}}},"22":{"name":"(anonymous_22)","line":314,"loc":{"start":{"line":314,"column":59},"end":{"line":314,"column":86}}},"23":{"name":"(anonymous_23)","line":373,"loc":{"start":{"line":373,"column":15},"end":{"line":373,"column":33}}},"24":{"name":"(anonymous_24)","line":381,"loc":{"start":{"line":381,"column":58},"end":{"line":381,"column":85}}},"25":{"name":"(anonymous_25)","line":388,"loc":{"start":{"line":388,"column":25},"end":{"line":388,"column":48}}},"26":{"name":"(anonymous_26)","line":420,"loc":{"start":{"line":420,"column":38},"end":{"line":420,"column":65}}},"27":{"name":"(anonymous_27)","line":437,"loc":{"start":{"line":437,"column":14},"end":{"line":437,"column":29}}},"28":{"name":"(anonymous_28)","line":439,"loc":{"start":{"line":439,"column":36},"end":{"line":439,"column":59}}},"29":{"name":"(anonymous_29)","line":450,"loc":{"start":{"line":450,"column":44},"end":{"line":450,"column":71}}},"30":{"name":"(anonymous_30)","line":457,"loc":{"start":{"line":457,"column":25},"end":{"line":457,"column":48}}},"31":{"name":"(anonymous_31)","line":484,"loc":{"start":{"line":484,"column":40},"end":{"line":484,"column":67}}},"32":{"name":"(anonymous_32)","line":492,"loc":{"start":{"line":492,"column":25},"end":{"line":492,"column":48}}},"33":{"name":"(anonymous_33)","line":508,"loc":{"start":{"line":508,"column":53},"end":{"line":508,"column":68}}},"34":{"name":"(anonymous_34)","line":526,"loc":{"start":{"line":526,"column":43},"end":{"line":526,"column":70}}},"35":{"name":"(anonymous_35)","line":533,"loc":{"start":{"line":533,"column":25},"end":{"line":533,"column":48}}},"36":{"name":"(anonymous_36)","line":560,"loc":{"start":{"line":560,"column":37},"end":{"line":560,"column":64}}},"37":{"name":"(anonymous_37)","line":575,"loc":{"start":{"line":575,"column":14},"end":{"line":575,"column":29}}},"38":{"name":"(anonymous_38)","line":582,"loc":{"start":{"line":582,"column":47},"end":{"line":582,"column":74}}},"39":{"name":"(anonymous_39)","line":589,"loc":{"start":{"line":589,"column":25},"end":{"line":589,"column":48}}},"40":{"name":"(anonymous_40)","line":630,"loc":{"start":{"line":630,"column":43},"end":{"line":630,"column":70}}},"41":{"name":"(anonymous_41)","line":637,"loc":{"start":{"line":637,"column":25},"end":{"line":637,"column":48}}},"42":{"name":"(anonymous_42)","line":680,"loc":{"start":{"line":680,"column":41},"end":{"line":680,"column":68}}},"43":{"name":"(anonymous_43)","line":694,"loc":{"start":{"line":694,"column":25},"end":{"line":694,"column":48}}},"44":{"name":"(anonymous_44)","line":707,"loc":{"start":{"line":707,"column":32},"end":{"line":707,"column":51}}},"45":{"name":"(anonymous_45)","line":724,"loc":{"start":{"line":724,"column":40},"end":{"line":724,"column":67}}},"46":{"name":"(anonymous_46)","line":740,"loc":{"start":{"line":740,"column":25},"end":{"line":740,"column":48}}},"47":{"name":"(anonymous_47)","line":787,"loc":{"start":{"line":787,"column":43},"end":{"line":787,"column":70}}},"48":{"name":"(anonymous_48)","line":803,"loc":{"start":{"line":803,"column":25},"end":{"line":803,"column":48}}},"49":{"name":"(anonymous_49)","line":875,"loc":{"start":{"line":875,"column":41},"end":{"line":875,"column":68}}},"50":{"name":"(anonymous_50)","line":889,"loc":{"start":{"line":889,"column":40},"end":{"line":889,"column":67}}},"51":{"name":"(anonymous_51)","line":896,"loc":{"start":{"line":896,"column":13},"end":{"line":896,"column":36}}},"52":{"name":"(anonymous_52)","line":938,"loc":{"start":{"line":938,"column":46},"end":{"line":938,"column":73}}},"53":{"name":"(anonymous_53)","line":943,"loc":{"start":{"line":943,"column":25},"end":{"line":943,"column":48}}},"54":{"name":"(anonymous_54)","line":985,"loc":{"start":{"line":985,"column":47},"end":{"line":985,"column":74}}},"55":{"name":"(anonymous_55)","line":990,"loc":{"start":{"line":990,"column":25},"end":{"line":990,"column":48}}},"56":{"name":"(anonymous_56)","line":1012,"loc":{"start":{"line":1012,"column":40},"end":{"line":1012,"column":67}}},"57":{"name":"(anonymous_57)","line":1027,"loc":{"start":{"line":1027,"column":14},"end":{"line":1027,"column":30}}},"58":{"name":"(anonymous_58)","line":1033,"loc":{"start":{"line":1033,"column":11},"end":{"line":1033,"column":34}}},"59":{"name":"(anonymous_59)","line":1044,"loc":{"start":{"line":1044,"column":43},"end":{"line":1044,"column":70}}},"60":{"name":"(anonymous_60)","line":1056,"loc":{"start":{"line":1056,"column":7},"end":{"line":1059,"column":6}}},"61":{"name":"(anonymous_61)","line":1071,"loc":{"start":{"line":1071,"column":7},"end":{"line":1074,"column":6}}},"62":{"name":"(anonymous_62)","line":1084,"loc":{"start":{"line":1084,"column":38},"end":{"line":1084,"column":65}}},"63":{"name":"(anonymous_63)","line":1105,"loc":{"start":{"line":1105,"column":14},"end":{"line":1105,"column":30}}},"64":{"name":"(anonymous_64)","line":1111,"loc":{"start":{"line":1111,"column":11},"end":{"line":1114,"column":10}}},"65":{"name":"(anonymous_65)","line":1125,"loc":{"start":{"line":1125,"column":51},"end":{"line":1125,"column":78}}},"66":{"name":"(anonymous_66)","line":1130,"loc":{"start":{"line":1130,"column":25},"end":{"line":1130,"column":48}}},"67":{"name":"(anonymous_67)","line":1149,"loc":{"start":{"line":1149,"column":45},"end":{"line":1149,"column":72}}},"68":{"name":"(anonymous_68)","line":1389,"loc":{"start":{"line":1389,"column":55},"end":{"line":1389,"column":82}}},"69":{"name":"(anonymous_69)","line":1396,"loc":{"start":{"line":1396,"column":39},"end":{"line":1396,"column":54}}},"70":{"name":"(anonymous_70)","line":1402,"loc":{"start":{"line":1402,"column":36},"end":{"line":1402,"column":59}}},"71":{"name":"(anonymous_71)","line":1410,"loc":{"start":{"line":1410,"column":11},"end":{"line":1410,"column":34}}},"72":{"name":"(anonymous_72)","line":1422,"loc":{"start":{"line":1422,"column":53},"end":{"line":1422,"column":80}}},"73":{"name":"(anonymous_73)","line":1511,"loc":{"start":{"line":1511,"column":14},"end":{"line":1511,"column":35}}},"74":{"name":"(anonymous_74)","line":1515,"loc":{"start":{"line":1515,"column":11},"end":{"line":1515,"column":28}}},"75":{"name":"(anonymous_75)","line":1561,"loc":{"start":{"line":1561,"column":14},"end":{"line":1561,"column":39}}},"76":{"name":"(anonymous_76)","line":1565,"loc":{"start":{"line":1565,"column":11},"end":{"line":1565,"column":28}}},"77":{"name":"(anonymous_77)","line":1580,"loc":{"start":{"line":1580,"column":45},"end":{"line":1580,"column":72}}},"78":{"name":"(anonymous_78)","line":1604,"loc":{"start":{"line":1604,"column":7},"end":{"line":1604,"column":38}}},"79":{"name":"(anonymous_79)","line":1606,"loc":{"start":{"line":1606,"column":56},"end":{"line":1606,"column":73}}},"80":{"name":"(anonymous_80)","line":1614,"loc":{"start":{"line":1614,"column":41},"end":{"line":1614,"column":68}}},"81":{"name":"(anonymous_81)","line":2512,"loc":{"start":{"line":2512,"column":15},"end":{"line":2512,"column":38}}},"82":{"name":"(anonymous_82)","line":2513,"loc":{"start":{"line":2513,"column":30},"end":{"line":2513,"column":42}}},"83":{"name":"(anonymous_83)","line":2528,"loc":{"start":{"line":2528,"column":27},"end":{"line":2528,"column":54}}},"84":{"name":"(anonymous_84)","line":2547,"loc":{"start":{"line":2547,"column":30},"end":{"line":2547,"column":57}}},"85":{"name":"(anonymous_85)","line":2559,"loc":{"start":{"line":2559,"column":14},"end":{"line":2559,"column":28}}},"86":{"name":"(anonymous_86)","line":2570,"loc":{"start":{"line":2570,"column":38},"end":{"line":2570,"column":65}}},"87":{"name":"(anonymous_87)","line":2577,"loc":{"start":{"line":2577,"column":13},"end":{"line":2577,"column":36}}},"88":{"name":"(anonymous_88)","line":2691,"loc":{"start":{"line":2691,"column":1},"end":{"line":2691,"column":13}}},"89":{"name":"(anonymous_89)","line":2704,"loc":{"start":{"line":2704,"column":3},"end":{"line":2704,"column":22}}},"90":{"name":"(anonymous_90)","line":2733,"loc":{"start":{"line":2733,"column":54},"end":{"line":2733,"column":66}}},"91":{"name":"(anonymous_91)","line":3486,"loc":{"start":{"line":3486,"column":10},"end":{"line":3486,"column":25}}},"92":{"name":"(anonymous_92)","line":3522,"loc":{"start":{"line":3522,"column":26},"end":{"line":3522,"column":71}}},"93":{"name":"(anonymous_93)","line":3526,"loc":{"start":{"line":3526,"column":29},"end":{"line":3526,"column":52}}},"94":{"name":"(anonymous_94)","line":3567,"loc":{"start":{"line":3567,"column":18},"end":{"line":3567,"column":36}}}},"statementMap":{"1":{"start":{"line":4,"column":0},"end":{"line":142,"column":9},"skip":true},"2":{"start":{"line":6,"column":4},"end":{"line":6,"column":21},"skip":true},"3":{"start":{"line":7,"column":4},"end":{"line":7,"column":14},"skip":true},"4":{"start":{"line":9,"column":4},"end":{"line":13,"column":9},"skip":true},"5":{"start":{"line":10,"column":8},"end":{"line":12,"column":27},"skip":true},"6":{"start":{"line":11,"column":12},"end":{"line":11,"column":51},"skip":true},"7":{"start":{"line":14,"column":4},"end":{"line":14,"column":39},"skip":true},"8":{"start":{"line":16,"column":4},"end":{"line":33,"column":5},"skip":true},"9":{"start":{"line":17,"column":8},"end":{"line":17,"column":37},"skip":true},"10":{"start":{"line":18,"column":8},"end":{"line":32,"column":10},"skip":true},"11":{"start":{"line":23,"column":12},"end":{"line":23,"column":24},"skip":true},"12":{"start":{"line":24,"column":12},"end":{"line":24,"column":44},"skip":true},"13":{"start":{"line":26,"column":12},"end":{"line":26,"column":62},"skip":true},"14":{"start":{"line":27,"column":12},"end":{"line":27,"column":49},"skip":true},"15":{"start":{"line":28,"column":12},"end":{"line":28,"column":49},"skip":true},"16":{"start":{"line":29,"column":12},"end":{"line":29,"column":31},"skip":true},"17":{"start":{"line":31,"column":12},"end":{"line":31,"column":30},"skip":true},"18":{"start":{"line":35,"column":4},"end":{"line":35,"column":15},"skip":true},"19":{"start":{"line":36,"column":4},"end":{"line":36,"column":24},"skip":true},"20":{"start":{"line":37,"column":4},"end":{"line":37,"column":35},"skip":true},"21":{"start":{"line":39,"column":4},"end":{"line":45,"column":6},"skip":true},"22":{"start":{"line":47,"column":4},"end":{"line":73,"column":6},"skip":true},"23":{"start":{"line":51,"column":8},"end":{"line":51,"column":18},"skip":true},"24":{"start":{"line":52,"column":8},"end":{"line":54,"column":9},"skip":true},"25":{"start":{"line":53,"column":12},"end":{"line":53,"column":19},"skip":true},"26":{"start":{"line":55,"column":8},"end":{"line":71,"column":10},"skip":true},"27":{"start":{"line":72,"column":8},"end":{"line":72,"column":20},"skip":true},"28":{"start":{"line":74,"column":4},"end":{"line":81,"column":6},"skip":true},"29":{"start":{"line":80,"column":8},"end":{"line":80,"column":32},"skip":true},"30":{"start":{"line":82,"column":4},"end":{"line":87,"column":6},"skip":true},"31":{"start":{"line":86,"column":8},"end":{"line":86,"column":21},"skip":true},"32":{"start":{"line":88,"column":4},"end":{"line":93,"column":6},"skip":true},"33":{"start":{"line":92,"column":8},"end":{"line":92,"column":15},"skip":true},"34":{"start":{"line":94,"column":4},"end":{"line":111,"column":6},"skip":true},"35":{"start":{"line":100,"column":8},"end":{"line":100,"column":30},"skip":true},"36":{"start":{"line":101,"column":8},"end":{"line":109,"column":11},"skip":true},"37":{"start":{"line":102,"column":12},"end":{"line":108,"column":13},"skip":true},"38":{"start":{"line":107,"column":16},"end":{"line":107,"column":57},"skip":true},"39":{"start":{"line":110,"column":8},"end":{"line":110,"column":22},"skip":true},"40":{"start":{"line":113,"column":4},"end":{"line":141,"column":5},"skip":true},"41":{"start":{"line":114,"column":8},"end":{"line":114,"column":41},"skip":true},"42":{"start":{"line":115,"column":8},"end":{"line":115,"column":41},"skip":true},"43":{"start":{"line":116,"column":8},"end":{"line":116,"column":55},"skip":true},"44":{"start":{"line":117,"column":8},"end":{"line":117,"column":43},"skip":true},"45":{"start":{"line":118,"column":8},"end":{"line":118,"column":41},"skip":true},"46":{"start":{"line":119,"column":8},"end":{"line":119,"column":39},"skip":true},"47":{"start":{"line":120,"column":8},"end":{"line":120,"column":35},"skip":true},"48":{"start":{"line":121,"column":8},"end":{"line":121,"column":41},"skip":true},"49":{"start":{"line":122,"column":8},"end":{"line":122,"column":41},"skip":true},"50":{"start":{"line":123,"column":8},"end":{"line":123,"column":33},"skip":true},"51":{"start":{"line":124,"column":8},"end":{"line":124,"column":37},"skip":true},"52":{"start":{"line":125,"column":8},"end":{"line":125,"column":39},"skip":true},"53":{"start":{"line":126,"column":8},"end":{"line":126,"column":35},"skip":true},"54":{"start":{"line":127,"column":8},"end":{"line":127,"column":33},"skip":true},"55":{"start":{"line":128,"column":8},"end":{"line":128,"column":37},"skip":true},"56":{"start":{"line":129,"column":8},"end":{"line":129,"column":51},"skip":true},"57":{"start":{"line":130,"column":8},"end":{"line":130,"column":45},"skip":true},"58":{"start":{"line":131,"column":8},"end":{"line":131,"column":37},"skip":true},"59":{"start":{"line":132,"column":8},"end":{"line":132,"column":41},"skip":true},"60":{"start":{"line":133,"column":8},"end":{"line":133,"column":57},"skip":true},"61":{"start":{"line":134,"column":8},"end":{"line":134,"column":41},"skip":true},"62":{"start":{"line":135,"column":8},"end":{"line":135,"column":35},"skip":true},"63":{"start":{"line":136,"column":8},"end":{"line":136,"column":35},"skip":true},"64":{"start":{"line":137,"column":8},"end":{"line":137,"column":35},"skip":true},"65":{"start":{"line":138,"column":8},"end":{"line":138,"column":37},"skip":true},"66":{"start":{"line":139,"column":8},"end":{"line":139,"column":33},"skip":true},"67":{"start":{"line":140,"column":8},"end":{"line":140,"column":37},"skip":true},"68":{"start":{"line":146,"column":0},"end":{"line":5255,"column":5}},"69":{"start":{"line":152,"column":0},"end":{"line":160,"column":5}},"70":{"start":{"line":154,"column":0},"end":{"line":156,"column":18}},"71":{"start":{"line":157,"column":0},"end":{"line":157,"column":25}},"72":{"start":{"line":159,"column":0},"end":{"line":159,"column":28}},"73":{"start":{"line":165,"column":0},"end":{"line":2686,"column":5}},"74":{"start":{"line":166,"column":0},"end":{"line":214,"column":2}},"75":{"start":{"line":170,"column":4},"end":{"line":170,"column":54}},"76":{"start":{"line":171,"column":4},"end":{"line":210,"column":5}},"77":{"start":{"line":173,"column":8},"end":{"line":179,"column":11}},"78":{"start":{"line":180,"column":8},"end":{"line":180,"column":14}},"79":{"start":{"line":182,"column":8},"end":{"line":188,"column":11}},"80":{"start":{"line":189,"column":8},"end":{"line":189,"column":14}},"81":{"start":{"line":191,"column":8},"end":{"line":197,"column":11}},"82":{"start":{"line":198,"column":8},"end":{"line":198,"column":14}},"83":{"start":{"line":200,"column":8},"end":{"line":206,"column":11}},"84":{"start":{"line":201,"column":12},"end":{"line":205,"column":15}},"85":{"start":{"line":204,"column":16},"end":{"line":204,"column":70}},"86":{"start":{"line":207,"column":8},"end":{"line":209,"column":11}},"87":{"start":{"line":211,"column":4},"end":{"line":211,"column":29}},"88":{"start":{"line":213,"column":4},"end":{"line":213,"column":46}},"89":{"start":{"line":216,"column":0},"end":{"line":259,"column":2}},"90":{"start":{"line":220,"column":4},"end":{"line":220,"column":19}},"91":{"start":{"line":221,"column":4},"end":{"line":221,"column":43}},"92":{"start":{"line":222,"column":4},"end":{"line":222,"column":28}},"93":{"start":{"line":223,"column":4},"end":{"line":257,"column":7}},"94":{"start":{"line":241,"column":8},"end":{"line":241,"column":32}},"95":{"start":{"line":242,"column":8},"end":{"line":256,"column":11}},"96":{"start":{"line":244,"column":12},"end":{"line":244,"column":45}},"97":{"start":{"line":246,"column":12},"end":{"line":246,"column":71}},"98":{"start":{"line":248,"column":12},"end":{"line":254,"column":13}},"99":{"start":{"line":252,"column":16},"end":{"line":252,"column":53}},"100":{"start":{"line":253,"column":16},"end":{"line":253,"column":58}},"101":{"start":{"line":255,"column":12},"end":{"line":255,"column":25}},"102":{"start":{"line":258,"column":4},"end":{"line":258,"column":29}},"103":{"start":{"line":261,"column":0},"end":{"line":281,"column":2}},"104":{"start":{"line":265,"column":4},"end":{"line":268,"column":5}},"105":{"start":{"line":266,"column":8},"end":{"line":266,"column":30}},"106":{"start":{"line":267,"column":8},"end":{"line":267,"column":15}},"107":{"start":{"line":269,"column":4},"end":{"line":269,"column":67}},"108":{"start":{"line":270,"column":4},"end":{"line":270,"column":64}},"109":{"start":{"line":271,"column":4},"end":{"line":271,"column":65}},"110":{"start":{"line":272,"column":4},"end":{"line":280,"column":16}},"111":{"start":{"line":283,"column":0},"end":{"line":312,"column":2}},"112":{"start":{"line":287,"column":4},"end":{"line":289,"column":7}},"113":{"start":{"line":290,"column":4},"end":{"line":309,"column":7}},"114":{"start":{"line":291,"column":8},"end":{"line":308,"column":9}},"115":{"start":{"line":294,"column":12},"end":{"line":298,"column":30}},"116":{"start":{"line":299,"column":12},"end":{"line":299,"column":18}},"117":{"start":{"line":302,"column":12},"end":{"line":302,"column":68}},"118":{"start":{"line":303,"column":12},"end":{"line":303,"column":82}},"119":{"start":{"line":304,"column":12},"end":{"line":304,"column":28}},"120":{"start":{"line":305,"column":12},"end":{"line":305,"column":18}},"121":{"start":{"line":307,"column":12},"end":{"line":307,"column":33}},"122":{"start":{"line":310,"column":4},"end":{"line":310,"column":24}},"123":{"start":{"line":311,"column":4},"end":{"line":311,"column":20}},"124":{"start":{"line":314,"column":0},"end":{"line":379,"column":2}},"125":{"start":{"line":318,"column":4},"end":{"line":318,"column":19}},"126":{"start":{"line":319,"column":4},"end":{"line":319,"column":43}},"127":{"start":{"line":320,"column":4},"end":{"line":320,"column":28}},"128":{"start":{"line":321,"column":4},"end":{"line":377,"column":7}},"129":{"start":{"line":374,"column":8},"end":{"line":374,"column":32}},"130":{"start":{"line":376,"column":8},"end":{"line":376,"column":84}},"131":{"start":{"line":378,"column":4},"end":{"line":378,"column":29}},"132":{"start":{"line":381,"column":0},"end":{"line":418,"column":2}},"133":{"start":{"line":385,"column":4},"end":{"line":387,"column":7}},"134":{"start":{"line":388,"column":4},"end":{"line":415,"column":7}},"135":{"start":{"line":389,"column":8},"end":{"line":414,"column":9}},"136":{"start":{"line":392,"column":12},"end":{"line":395,"column":14}},"137":{"start":{"line":396,"column":12},"end":{"line":396,"column":18}},"138":{"start":{"line":399,"column":12},"end":{"line":402,"column":14}},"139":{"start":{"line":403,"column":12},"end":{"line":403,"column":18}},"140":{"start":{"line":406,"column":12},"end":{"line":406,"column":76}},"141":{"start":{"line":407,"column":12},"end":{"line":407,"column":18}},"142":{"start":{"line":410,"column":12},"end":{"line":410,"column":76}},"143":{"start":{"line":411,"column":12},"end":{"line":411,"column":18}},"144":{"start":{"line":413,"column":12},"end":{"line":413,"column":33}},"145":{"start":{"line":416,"column":4},"end":{"line":416,"column":24}},"146":{"start":{"line":417,"column":4},"end":{"line":417,"column":20}},"147":{"start":{"line":420,"column":0},"end":{"line":448,"column":2}},"148":{"start":{"line":424,"column":4},"end":{"line":424,"column":19}},"149":{"start":{"line":425,"column":4},"end":{"line":425,"column":43}},"150":{"start":{"line":426,"column":4},"end":{"line":426,"column":28}},"151":{"start":{"line":427,"column":4},"end":{"line":446,"column":7}},"152":{"start":{"line":438,"column":8},"end":{"line":438,"column":32}},"153":{"start":{"line":439,"column":8},"end":{"line":445,"column":11}},"154":{"start":{"line":441,"column":12},"end":{"line":441,"column":44}},"155":{"start":{"line":443,"column":12},"end":{"line":443,"column":56}},"156":{"start":{"line":444,"column":12},"end":{"line":444,"column":25}},"157":{"start":{"line":447,"column":4},"end":{"line":447,"column":29}},"158":{"start":{"line":450,"column":0},"end":{"line":482,"column":2}},"159":{"start":{"line":454,"column":4},"end":{"line":456,"column":7}},"160":{"start":{"line":457,"column":4},"end":{"line":479,"column":7}},"161":{"start":{"line":458,"column":8},"end":{"line":478,"column":9}},"162":{"start":{"line":461,"column":12},"end":{"line":465,"column":30}},"163":{"start":{"line":466,"column":12},"end":{"line":466,"column":18}},"164":{"start":{"line":469,"column":12},"end":{"line":469,"column":68}},"165":{"start":{"line":470,"column":12},"end":{"line":473,"column":14}},"166":{"start":{"line":474,"column":12},"end":{"line":474,"column":28}},"167":{"start":{"line":475,"column":12},"end":{"line":475,"column":18}},"168":{"start":{"line":477,"column":12},"end":{"line":477,"column":33}},"169":{"start":{"line":480,"column":4},"end":{"line":480,"column":24}},"170":{"start":{"line":481,"column":4},"end":{"line":481,"column":20}},"171":{"start":{"line":484,"column":0},"end":{"line":524,"column":2}},"172":{"start":{"line":488,"column":4},"end":{"line":491,"column":7}},"173":{"start":{"line":492,"column":4},"end":{"line":521,"column":7}},"174":{"start":{"line":493,"column":8},"end":{"line":520,"column":9}},"175":{"start":{"line":496,"column":12},"end":{"line":498,"column":30}},"176":{"start":{"line":499,"column":12},"end":{"line":499,"column":18}},"177":{"start":{"line":502,"column":12},"end":{"line":502,"column":68}},"178":{"start":{"line":503,"column":12},"end":{"line":506,"column":14}},"179":{"start":{"line":508,"column":12},"end":{"line":513,"column":15}},"180":{"start":{"line":509,"column":16},"end":{"line":512,"column":18}},"181":{"start":{"line":515,"column":12},"end":{"line":515,"column":37}},"182":{"start":{"line":516,"column":12},"end":{"line":516,"column":38}},"183":{"start":{"line":517,"column":12},"end":{"line":517,"column":18}},"184":{"start":{"line":519,"column":12},"end":{"line":519,"column":33}},"185":{"start":{"line":522,"column":4},"end":{"line":522,"column":24}},"186":{"start":{"line":523,"column":4},"end":{"line":523,"column":20}},"187":{"start":{"line":526,"column":0},"end":{"line":558,"column":2}},"188":{"start":{"line":530,"column":4},"end":{"line":532,"column":7}},"189":{"start":{"line":533,"column":4},"end":{"line":555,"column":7}},"190":{"start":{"line":534,"column":8},"end":{"line":554,"column":9}},"191":{"start":{"line":537,"column":12},"end":{"line":541,"column":30}},"192":{"start":{"line":542,"column":12},"end":{"line":542,"column":18}},"193":{"start":{"line":545,"column":12},"end":{"line":545,"column":68}},"194":{"start":{"line":546,"column":12},"end":{"line":549,"column":14}},"195":{"start":{"line":550,"column":12},"end":{"line":550,"column":28}},"196":{"start":{"line":551,"column":12},"end":{"line":551,"column":18}},"197":{"start":{"line":553,"column":12},"end":{"line":553,"column":33}},"198":{"start":{"line":556,"column":4},"end":{"line":556,"column":24}},"199":{"start":{"line":557,"column":4},"end":{"line":557,"column":20}},"200":{"start":{"line":560,"column":0},"end":{"line":580,"column":2}},"201":{"start":{"line":564,"column":4},"end":{"line":564,"column":19}},"202":{"start":{"line":565,"column":4},"end":{"line":565,"column":43}},"203":{"start":{"line":566,"column":4},"end":{"line":566,"column":28}},"204":{"start":{"line":567,"column":4},"end":{"line":578,"column":7}},"205":{"start":{"line":576,"column":8},"end":{"line":576,"column":32}},"206":{"start":{"line":577,"column":8},"end":{"line":577,"column":48}},"207":{"start":{"line":579,"column":4},"end":{"line":579,"column":29}},"208":{"start":{"line":582,"column":0},"end":{"line":628,"column":2}},"209":{"start":{"line":586,"column":4},"end":{"line":588,"column":7}},"210":{"start":{"line":589,"column":4},"end":{"line":625,"column":7}},"211":{"start":{"line":590,"column":8},"end":{"line":624,"column":9}},"212":{"start":{"line":593,"column":12},"end":{"line":600,"column":30}},"213":{"start":{"line":601,"column":12},"end":{"line":601,"column":18}},"214":{"start":{"line":604,"column":12},"end":{"line":608,"column":30}},"215":{"start":{"line":609,"column":12},"end":{"line":609,"column":18}},"216":{"start":{"line":612,"column":12},"end":{"line":614,"column":30}},"217":{"start":{"line":615,"column":12},"end":{"line":615,"column":18}},"218":{"start":{"line":618,"column":12},"end":{"line":618,"column":68}},"219":{"start":{"line":619,"column":12},"end":{"line":619,"column":85}},"220":{"start":{"line":620,"column":12},"end":{"line":620,"column":28}},"221":{"start":{"line":621,"column":12},"end":{"line":621,"column":18}},"222":{"start":{"line":623,"column":12},"end":{"line":623,"column":33}},"223":{"start":{"line":626,"column":4},"end":{"line":626,"column":24}},"224":{"start":{"line":627,"column":4},"end":{"line":627,"column":20}},"225":{"start":{"line":630,"column":0},"end":{"line":678,"column":2}},"226":{"start":{"line":634,"column":4},"end":{"line":636,"column":7}},"227":{"start":{"line":637,"column":4},"end":{"line":675,"column":7}},"228":{"start":{"line":638,"column":8},"end":{"line":674,"column":9}},"229":{"start":{"line":640,"column":12},"end":{"line":651,"column":13}},"230":{"start":{"line":642,"column":16},"end":{"line":649,"column":34}},"231":{"start":{"line":650,"column":16},"end":{"line":650,"column":23}},"232":{"start":{"line":652,"column":12},"end":{"line":652,"column":28}},"233":{"start":{"line":653,"column":12},"end":{"line":653,"column":18}},"234":{"start":{"line":656,"column":12},"end":{"line":658,"column":30}},"235":{"start":{"line":659,"column":12},"end":{"line":659,"column":18}},"236":{"start":{"line":662,"column":12},"end":{"line":664,"column":30}},"237":{"start":{"line":665,"column":12},"end":{"line":665,"column":18}},"238":{"start":{"line":668,"column":12},"end":{"line":668,"column":68}},"239":{"start":{"line":669,"column":12},"end":{"line":669,"column":85}},"240":{"start":{"line":670,"column":12},"end":{"line":670,"column":28}},"241":{"start":{"line":671,"column":12},"end":{"line":671,"column":18}},"242":{"start":{"line":673,"column":12},"end":{"line":673,"column":33}},"243":{"start":{"line":676,"column":4},"end":{"line":676,"column":24}},"244":{"start":{"line":677,"column":4},"end":{"line":677,"column":20}},"245":{"start":{"line":680,"column":0},"end":{"line":722,"column":2}},"246":{"start":{"line":684,"column":4},"end":{"line":684,"column":19}},"247":{"start":{"line":685,"column":4},"end":{"line":693,"column":7}},"248":{"start":{"line":694,"column":4},"end":{"line":719,"column":7}},"249":{"start":{"line":695,"column":8},"end":{"line":718,"column":9}},"250":{"start":{"line":698,"column":12},"end":{"line":702,"column":30}},"251":{"start":{"line":703,"column":12},"end":{"line":703,"column":18}},"252":{"start":{"line":705,"column":12},"end":{"line":705,"column":57}},"253":{"start":{"line":706,"column":12},"end":{"line":706,"column":36}},"254":{"start":{"line":707,"column":12},"end":{"line":713,"column":15}},"255":{"start":{"line":708,"column":16},"end":{"line":708,"column":40}},"256":{"start":{"line":710,"column":16},"end":{"line":712,"column":31}},"257":{"start":{"line":714,"column":12},"end":{"line":714,"column":25}},"258":{"start":{"line":715,"column":12},"end":{"line":715,"column":18}},"259":{"start":{"line":717,"column":12},"end":{"line":717,"column":33}},"260":{"start":{"line":720,"column":4},"end":{"line":720,"column":24}},"261":{"start":{"line":721,"column":4},"end":{"line":721,"column":20}},"262":{"start":{"line":724,"column":0},"end":{"line":785,"column":2}},"263":{"start":{"line":728,"column":4},"end":{"line":728,"column":18}},"264":{"start":{"line":729,"column":4},"end":{"line":739,"column":7}},"265":{"start":{"line":740,"column":4},"end":{"line":782,"column":7}},"266":{"start":{"line":741,"column":8},"end":{"line":781,"column":9}},"267":{"start":{"line":744,"column":12},"end":{"line":744,"column":27}},"268":{"start":{"line":745,"column":12},"end":{"line":748,"column":14}},"269":{"start":{"line":750,"column":12},"end":{"line":752,"column":30}},"270":{"start":{"line":753,"column":12},"end":{"line":753,"column":18}},"271":{"start":{"line":756,"column":12},"end":{"line":756,"column":58}},"272":{"start":{"line":758,"column":12},"end":{"line":761,"column":14}},"273":{"start":{"line":762,"column":12},"end":{"line":765,"column":14}},"274":{"start":{"line":767,"column":12},"end":{"line":770,"column":14}},"275":{"start":{"line":771,"column":12},"end":{"line":774,"column":14}},"276":{"start":{"line":776,"column":12},"end":{"line":776,"column":61}},"277":{"start":{"line":777,"column":12},"end":{"line":777,"column":73}},"278":{"start":{"line":778,"column":12},"end":{"line":778,"column":18}},"279":{"start":{"line":780,"column":12},"end":{"line":780,"column":33}},"280":{"start":{"line":783,"column":4},"end":{"line":783,"column":24}},"281":{"start":{"line":784,"column":4},"end":{"line":784,"column":20}},"282":{"start":{"line":787,"column":0},"end":{"line":873,"column":2}},"283":{"start":{"line":791,"column":4},"end":{"line":791,"column":18}},"284":{"start":{"line":792,"column":4},"end":{"line":802,"column":7}},"285":{"start":{"line":803,"column":4},"end":{"line":870,"column":7}},"286":{"start":{"line":804,"column":8},"end":{"line":869,"column":9}},"287":{"start":{"line":807,"column":12},"end":{"line":807,"column":61}},"288":{"start":{"line":808,"column":12},"end":{"line":819,"column":13}},"289":{"start":{"line":810,"column":16},"end":{"line":817,"column":34}},"290":{"start":{"line":818,"column":16},"end":{"line":818,"column":23}},"291":{"start":{"line":820,"column":12},"end":{"line":820,"column":28}},"292":{"start":{"line":821,"column":12},"end":{"line":821,"column":18}},"293":{"start":{"line":823,"column":12},"end":{"line":823,"column":73}},"294":{"start":{"line":824,"column":12},"end":{"line":824,"column":18}},"295":{"start":{"line":826,"column":12},"end":{"line":826,"column":73}},"296":{"start":{"line":827,"column":12},"end":{"line":827,"column":73}},"297":{"start":{"line":829,"column":12},"end":{"line":829,"column":57}},"298":{"start":{"line":830,"column":12},"end":{"line":833,"column":14}},"299":{"start":{"line":835,"column":12},"end":{"line":835,"column":63}},"300":{"start":{"line":837,"column":12},"end":{"line":839,"column":30}},"301":{"start":{"line":840,"column":12},"end":{"line":840,"column":18}},"302":{"start":{"line":843,"column":12},"end":{"line":846,"column":14}},"303":{"start":{"line":847,"column":12},"end":{"line":850,"column":14}},"304":{"start":{"line":852,"column":12},"end":{"line":855,"column":14}},"305":{"start":{"line":856,"column":12},"end":{"line":859,"column":14}},"306":{"start":{"line":861,"column":12},"end":{"line":864,"column":14}},"307":{"start":{"line":865,"column":12},"end":{"line":865,"column":73}},"308":{"start":{"line":866,"column":12},"end":{"line":866,"column":18}},"309":{"start":{"line":868,"column":12},"end":{"line":868,"column":33}},"310":{"start":{"line":871,"column":4},"end":{"line":871,"column":24}},"311":{"start":{"line":872,"column":4},"end":{"line":872,"column":20}},"312":{"start":{"line":875,"column":0},"end":{"line":887,"column":2}},"313":{"start":{"line":879,"column":4},"end":{"line":882,"column":5}},"314":{"start":{"line":880,"column":8},"end":{"line":880,"column":30}},"315":{"start":{"line":881,"column":8},"end":{"line":881,"column":15}},"316":{"start":{"line":883,"column":4},"end":{"line":885,"column":7}},"317":{"start":{"line":886,"column":4},"end":{"line":886,"column":30}},"318":{"start":{"line":889,"column":0},"end":{"line":936,"column":2}},"319":{"start":{"line":893,"column":4},"end":{"line":893,"column":17}},"320":{"start":{"line":894,"column":4},"end":{"line":894,"column":15}},"321":{"start":{"line":895,"column":4},"end":{"line":895,"column":17}},"322":{"start":{"line":896,"column":4},"end":{"line":934,"column":6}},"323":{"start":{"line":897,"column":8},"end":{"line":897,"column":22}},"324":{"start":{"line":898,"column":8},"end":{"line":933,"column":9}},"325":{"start":{"line":900,"column":12},"end":{"line":902,"column":15}},"326":{"start":{"line":904,"column":12},"end":{"line":906,"column":23}},"327":{"start":{"line":907,"column":12},"end":{"line":907,"column":18}},"328":{"start":{"line":910,"column":12},"end":{"line":910,"column":45}},"329":{"start":{"line":912,"column":12},"end":{"line":912,"column":63}},"330":{"start":{"line":913,"column":12},"end":{"line":913,"column":60}},"331":{"start":{"line":915,"column":12},"end":{"line":915,"column":70}},"332":{"start":{"line":916,"column":12},"end":{"line":916,"column":87}},"333":{"start":{"line":918,"column":12},"end":{"line":922,"column":23}},"334":{"start":{"line":923,"column":12},"end":{"line":923,"column":18}},"335":{"start":{"line":926,"column":12},"end":{"line":926,"column":44}},"336":{"start":{"line":928,"column":12},"end":{"line":928,"column":56}},"337":{"start":{"line":929,"column":12},"end":{"line":929,"column":21}},"338":{"start":{"line":930,"column":12},"end":{"line":930,"column":18}},"339":{"start":{"line":932,"column":12},"end":{"line":932,"column":33}},"340":{"start":{"line":935,"column":4},"end":{"line":935,"column":13}},"341":{"start":{"line":938,"column":0},"end":{"line":983,"column":2}},"342":{"start":{"line":942,"column":4},"end":{"line":942,"column":16}},"343":{"start":{"line":943,"column":4},"end":{"line":980,"column":7}},"344":{"start":{"line":944,"column":8},"end":{"line":979,"column":9}},"345":{"start":{"line":946,"column":12},"end":{"line":951,"column":14}},"346":{"start":{"line":952,"column":12},"end":{"line":952,"column":41}},"347":{"start":{"line":954,"column":12},"end":{"line":961,"column":30}},"348":{"start":{"line":962,"column":12},"end":{"line":962,"column":18}},"349":{"start":{"line":965,"column":12},"end":{"line":965,"column":68}},"350":{"start":{"line":966,"column":12},"end":{"line":966,"column":86}},"351":{"start":{"line":967,"column":12},"end":{"line":969,"column":15}},"352":{"start":{"line":971,"column":12},"end":{"line":971,"column":73}},"353":{"start":{"line":972,"column":12},"end":{"line":972,"column":18}},"354":{"start":{"line":975,"column":12},"end":{"line":975,"column":76}},"355":{"start":{"line":976,"column":12},"end":{"line":976,"column":18}},"356":{"start":{"line":978,"column":12},"end":{"line":978,"column":27}},"357":{"start":{"line":981,"column":4},"end":{"line":981,"column":24}},"358":{"start":{"line":982,"column":4},"end":{"line":982,"column":20}},"359":{"start":{"line":985,"column":0},"end":{"line":1010,"column":2}},"360":{"start":{"line":989,"column":4},"end":{"line":989,"column":16}},"361":{"start":{"line":990,"column":4},"end":{"line":1007,"column":7}},"362":{"start":{"line":991,"column":8},"end":{"line":1006,"column":9}},"363":{"start":{"line":994,"column":12},"end":{"line":997,"column":14}},"364":{"start":{"line":998,"column":12},"end":{"line":998,"column":18}},"365":{"start":{"line":1001,"column":12},"end":{"line":1001,"column":68}},"366":{"start":{"line":1002,"column":12},"end":{"line":1002,"column":28}},"367":{"start":{"line":1003,"column":12},"end":{"line":1003,"column":18}},"368":{"start":{"line":1005,"column":12},"end":{"line":1005,"column":27}},"369":{"start":{"line":1008,"column":4},"end":{"line":1008,"column":24}},"370":{"start":{"line":1009,"column":4},"end":{"line":1009,"column":20}},"371":{"start":{"line":1012,"column":0},"end":{"line":1042,"column":2}},"372":{"start":{"line":1016,"column":4},"end":{"line":1016,"column":19}},"373":{"start":{"line":1017,"column":4},"end":{"line":1017,"column":43}},"374":{"start":{"line":1018,"column":4},"end":{"line":1018,"column":28}},"375":{"start":{"line":1019,"column":4},"end":{"line":1040,"column":7}},"376":{"start":{"line":1028,"column":8},"end":{"line":1028,"column":32}},"377":{"start":{"line":1029,"column":8},"end":{"line":1039,"column":11}},"378":{"start":{"line":1035,"column":12},"end":{"line":1035,"column":45}},"379":{"start":{"line":1037,"column":12},"end":{"line":1037,"column":70}},"380":{"start":{"line":1038,"column":12},"end":{"line":1038,"column":25}},"381":{"start":{"line":1041,"column":4},"end":{"line":1041,"column":29}},"382":{"start":{"line":1044,"column":0},"end":{"line":1082,"column":2}},"383":{"start":{"line":1048,"column":4},"end":{"line":1048,"column":19}},"384":{"start":{"line":1049,"column":4},"end":{"line":1049,"column":43}},"385":{"start":{"line":1050,"column":4},"end":{"line":1050,"column":28}},"386":{"start":{"line":1051,"column":4},"end":{"line":1051,"column":28}},"387":{"start":{"line":1052,"column":4},"end":{"line":1065,"column":7}},"388":{"start":{"line":1061,"column":8},"end":{"line":1061,"column":41}},"389":{"start":{"line":1063,"column":8},"end":{"line":1063,"column":68}},"390":{"start":{"line":1064,"column":8},"end":{"line":1064,"column":21}},"391":{"start":{"line":1066,"column":4},"end":{"line":1066,"column":28}},"392":{"start":{"line":1067,"column":4},"end":{"line":1080,"column":7}},"393":{"start":{"line":1076,"column":8},"end":{"line":1076,"column":40}},"394":{"start":{"line":1078,"column":8},"end":{"line":1078,"column":81}},"395":{"start":{"line":1079,"column":8},"end":{"line":1079,"column":21}},"396":{"start":{"line":1081,"column":4},"end":{"line":1081,"column":29}},"397":{"start":{"line":1084,"column":0},"end":{"line":1123,"column":2}},"398":{"start":{"line":1088,"column":4},"end":{"line":1088,"column":19}},"399":{"start":{"line":1089,"column":4},"end":{"line":1089,"column":43}},"400":{"start":{"line":1090,"column":4},"end":{"line":1090,"column":28}},"401":{"start":{"line":1091,"column":4},"end":{"line":1121,"column":7}},"402":{"start":{"line":1106,"column":8},"end":{"line":1106,"column":32}},"403":{"start":{"line":1107,"column":8},"end":{"line":1120,"column":11}},"404":{"start":{"line":1116,"column":12},"end":{"line":1116,"column":44}},"405":{"start":{"line":1118,"column":12},"end":{"line":1118,"column":86}},"406":{"start":{"line":1119,"column":12},"end":{"line":1119,"column":25}},"407":{"start":{"line":1122,"column":4},"end":{"line":1122,"column":29}},"408":{"start":{"line":1125,"column":0},"end":{"line":1147,"column":2}},"409":{"start":{"line":1129,"column":4},"end":{"line":1129,"column":16}},"410":{"start":{"line":1130,"column":4},"end":{"line":1144,"column":7}},"411":{"start":{"line":1131,"column":8},"end":{"line":1143,"column":9}},"412":{"start":{"line":1133,"column":12},"end":{"line":1133,"column":82}},"413":{"start":{"line":1134,"column":12},"end":{"line":1134,"column":18}},"414":{"start":{"line":1137,"column":12},"end":{"line":1137,"column":68}},"415":{"start":{"line":1138,"column":12},"end":{"line":1138,"column":57}},"416":{"start":{"line":1139,"column":12},"end":{"line":1139,"column":28}},"417":{"start":{"line":1140,"column":12},"end":{"line":1140,"column":18}},"418":{"start":{"line":1142,"column":12},"end":{"line":1142,"column":27}},"419":{"start":{"line":1145,"column":4},"end":{"line":1145,"column":24}},"420":{"start":{"line":1146,"column":4},"end":{"line":1146,"column":20}},"421":{"start":{"line":1149,"column":0},"end":{"line":1387,"column":2}},"422":{"start":{"line":1153,"column":4},"end":{"line":1177,"column":14}},"423":{"start":{"line":1178,"column":12},"end":{"line":1178,"column":42}},"424":{"start":{"line":1179,"column":12},"end":{"line":1385,"column":6}},"425":{"start":{"line":1386,"column":4},"end":{"line":1386,"column":26}},"426":{"start":{"line":1389,"column":0},"end":{"line":1420,"column":2}},"427":{"start":{"line":1393,"column":4},"end":{"line":1393,"column":19}},"428":{"start":{"line":1394,"column":4},"end":{"line":1394,"column":43}},"429":{"start":{"line":1395,"column":4},"end":{"line":1395,"column":28}},"430":{"start":{"line":1396,"column":4},"end":{"line":1418,"column":7}},"431":{"start":{"line":1397,"column":8},"end":{"line":1399,"column":9}},"432":{"start":{"line":1398,"column":12},"end":{"line":1398,"column":19}},"433":{"start":{"line":1401,"column":8},"end":{"line":1401,"column":32}},"434":{"start":{"line":1402,"column":8},"end":{"line":1406,"column":11}},"435":{"start":{"line":1404,"column":12},"end":{"line":1404,"column":44}},"436":{"start":{"line":1405,"column":12},"end":{"line":1405,"column":37}},"437":{"start":{"line":1407,"column":8},"end":{"line":1407,"column":32}},"438":{"start":{"line":1408,"column":8},"end":{"line":1417,"column":11}},"439":{"start":{"line":1412,"column":12},"end":{"line":1412,"column":52}},"440":{"start":{"line":1414,"column":12},"end":{"line":1414,"column":34}},"441":{"start":{"line":1415,"column":12},"end":{"line":1415,"column":49}},"442":{"start":{"line":1416,"column":12},"end":{"line":1416,"column":37}},"443":{"start":{"line":1419,"column":4},"end":{"line":1419,"column":29}},"444":{"start":{"line":1422,"column":0},"end":{"line":1578,"column":2}},"445":{"start":{"line":1426,"column":4},"end":{"line":1426,"column":19}},"446":{"start":{"line":1427,"column":4},"end":{"line":1427,"column":43}},"447":{"start":{"line":1428,"column":4},"end":{"line":1428,"column":28}},"448":{"start":{"line":1429,"column":4},"end":{"line":1526,"column":7}},"449":{"start":{"line":1512,"column":8},"end":{"line":1512,"column":32}},"450":{"start":{"line":1513,"column":8},"end":{"line":1525,"column":11}},"451":{"start":{"line":1517,"column":12},"end":{"line":1517,"column":64}},"452":{"start":{"line":1519,"column":12},"end":{"line":1519,"column":57}},"453":{"start":{"line":1521,"column":12},"end":{"line":1521,"column":84}},"454":{"start":{"line":1524,"column":12},"end":{"line":1524,"column":37}},"455":{"start":{"line":1527,"column":4},"end":{"line":1576,"column":7}},"456":{"start":{"line":1562,"column":8},"end":{"line":1562,"column":32}},"457":{"start":{"line":1563,"column":8},"end":{"line":1575,"column":11}},"458":{"start":{"line":1567,"column":12},"end":{"line":1567,"column":64}},"459":{"start":{"line":1569,"column":12},"end":{"line":1569,"column":57}},"460":{"start":{"line":1571,"column":12},"end":{"line":1571,"column":84}},"461":{"start":{"line":1573,"column":12},"end":{"line":1573,"column":45}},"462":{"start":{"line":1574,"column":12},"end":{"line":1574,"column":37}},"463":{"start":{"line":1577,"column":4},"end":{"line":1577,"column":29}},"464":{"start":{"line":1580,"column":0},"end":{"line":1612,"column":2}},"465":{"start":{"line":1584,"column":4},"end":{"line":1587,"column":5}},"466":{"start":{"line":1585,"column":8},"end":{"line":1585,"column":30}},"467":{"start":{"line":1586,"column":8},"end":{"line":1586,"column":15}},"468":{"start":{"line":1588,"column":4},"end":{"line":1611,"column":16}},"469":{"start":{"line":1605,"column":8},"end":{"line":1605,"column":32}},"470":{"start":{"line":1606,"column":8},"end":{"line":1610,"column":11}},"471":{"start":{"line":1608,"column":12},"end":{"line":1608,"column":86}},"472":{"start":{"line":1609,"column":12},"end":{"line":1609,"column":37}},"473":{"start":{"line":1614,"column":0},"end":{"line":2526,"column":2}},"474":{"start":{"line":1618,"column":4},"end":{"line":1618,"column":14}},"475":{"start":{"line":1620,"column":4},"end":{"line":1637,"column":7}},"476":{"start":{"line":1639,"column":4},"end":{"line":1667,"column":7}},"477":{"start":{"line":1671,"column":4},"end":{"line":2524,"column":7}},"478":{"start":{"line":2513,"column":8},"end":{"line":2515,"column":22}},"479":{"start":{"line":2514,"column":12},"end":{"line":2514,"column":43}},"480":{"start":{"line":2516,"column":8},"end":{"line":2516,"column":51}},"481":{"start":{"line":2518,"column":8},"end":{"line":2518,"column":42}},"482":{"start":{"line":2520,"column":8},"end":{"line":2522,"column":9}},"483":{"start":{"line":2521,"column":12},"end":{"line":2521,"column":89}},"484":{"start":{"line":2523,"column":8},"end":{"line":2523,"column":73}},"485":{"start":{"line":2525,"column":4},"end":{"line":2525,"column":26}},"486":{"start":{"line":2528,"column":0},"end":{"line":2545,"column":2}},"487":{"start":{"line":2532,"column":4},"end":{"line":2535,"column":5}},"488":{"start":{"line":2533,"column":8},"end":{"line":2533,"column":30}},"489":{"start":{"line":2534,"column":8},"end":{"line":2534,"column":15}},"490":{"start":{"line":2536,"column":4},"end":{"line":2536,"column":57}},"491":{"start":{"line":2537,"column":4},"end":{"line":2543,"column":7}},"492":{"start":{"line":2544,"column":4},"end":{"line":2544,"column":26}},"493":{"start":{"line":2547,"column":0},"end":{"line":2568,"column":2}},"494":{"start":{"line":2551,"column":4},"end":{"line":2554,"column":5}},"495":{"start":{"line":2552,"column":8},"end":{"line":2552,"column":30}},"496":{"start":{"line":2553,"column":8},"end":{"line":2553,"column":15}},"497":{"start":{"line":2555,"column":4},"end":{"line":2566,"column":7}},"498":{"start":{"line":2560,"column":8},"end":{"line":2562,"column":21}},"499":{"start":{"line":2563,"column":8},"end":{"line":2565,"column":18}},"500":{"start":{"line":2567,"column":4},"end":{"line":2567,"column":26}},"501":{"start":{"line":2570,"column":0},"end":{"line":2685,"column":2}},"502":{"start":{"line":2574,"column":4},"end":{"line":2574,"column":17}},"503":{"start":{"line":2575,"column":4},"end":{"line":2575,"column":15}},"504":{"start":{"line":2576,"column":4},"end":{"line":2576,"column":17}},"505":{"start":{"line":2577,"column":4},"end":{"line":2683,"column":6}},"506":{"start":{"line":2578,"column":8},"end":{"line":2578,"column":22}},"507":{"start":{"line":2579,"column":8},"end":{"line":2682,"column":9}},"508":{"start":{"line":2582,"column":12},"end":{"line":2582,"column":42}},"509":{"start":{"line":2584,"column":12},"end":{"line":2584,"column":41}},"510":{"start":{"line":2585,"column":12},"end":{"line":2585,"column":18}},"511":{"start":{"line":2588,"column":12},"end":{"line":2588,"column":44}},"512":{"start":{"line":2590,"column":12},"end":{"line":2593,"column":23}},"513":{"start":{"line":2594,"column":12},"end":{"line":2594,"column":18}},"514":{"start":{"line":2597,"column":12},"end":{"line":2597,"column":44}},"515":{"start":{"line":2599,"column":12},"end":{"line":2599,"column":56}},"516":{"start":{"line":2601,"column":12},"end":{"line":2601,"column":79}},"517":{"start":{"line":2603,"column":12},"end":{"line":2603,"column":41}},"518":{"start":{"line":2604,"column":12},"end":{"line":2604,"column":18}},"519":{"start":{"line":2607,"column":12},"end":{"line":2607,"column":44}},"520":{"start":{"line":2609,"column":12},"end":{"line":2609,"column":56}},"521":{"start":{"line":2611,"column":12},"end":{"line":2611,"column":79}},"522":{"start":{"line":2613,"column":12},"end":{"line":2616,"column":23}},"523":{"start":{"line":2617,"column":12},"end":{"line":2617,"column":18}},"524":{"start":{"line":2620,"column":12},"end":{"line":2620,"column":45}},"525":{"start":{"line":2622,"column":12},"end":{"line":2622,"column":56}},"526":{"start":{"line":2624,"column":12},"end":{"line":2624,"column":78}},"527":{"start":{"line":2626,"column":12},"end":{"line":2626,"column":77}},"528":{"start":{"line":2627,"column":12},"end":{"line":2627,"column":18}},"529":{"start":{"line":2630,"column":12},"end":{"line":2630,"column":45}},"530":{"start":{"line":2632,"column":12},"end":{"line":2632,"column":56}},"531":{"start":{"line":2634,"column":12},"end":{"line":2634,"column":78}},"532":{"start":{"line":2637,"column":12},"end":{"line":2641,"column":23}},"533":{"start":{"line":2642,"column":12},"end":{"line":2642,"column":18}},"534":{"start":{"line":2645,"column":12},"end":{"line":2645,"column":45}},"535":{"start":{"line":2647,"column":12},"end":{"line":2647,"column":56}},"536":{"start":{"line":2649,"column":12},"end":{"line":2649,"column":78}},"537":{"start":{"line":2651,"column":12},"end":{"line":2651,"column":41}},"538":{"start":{"line":2652,"column":12},"end":{"line":2652,"column":18}},"539":{"start":{"line":2655,"column":12},"end":{"line":2655,"column":44}},"540":{"start":{"line":2657,"column":12},"end":{"line":2657,"column":56}},"541":{"start":{"line":2659,"column":12},"end":{"line":2661,"column":23}},"542":{"start":{"line":2662,"column":12},"end":{"line":2662,"column":18}},"543":{"start":{"line":2665,"column":12},"end":{"line":2665,"column":44}},"544":{"start":{"line":2667,"column":12},"end":{"line":2667,"column":56}},"545":{"start":{"line":2669,"column":12},"end":{"line":2673,"column":23}},"546":{"start":{"line":2674,"column":12},"end":{"line":2674,"column":18}},"547":{"start":{"line":2677,"column":12},"end":{"line":2677,"column":44}},"548":{"start":{"line":2679,"column":12},"end":{"line":2679,"column":56}},"549":{"start":{"line":2680,"column":12},"end":{"line":2680,"column":34}},"550":{"start":{"line":2681,"column":12},"end":{"line":2681,"column":18}},"551":{"start":{"line":2684,"column":4},"end":{"line":2684,"column":13}},"552":{"start":{"line":2691,"column":0},"end":{"line":5251,"column":5}},"553":{"start":{"line":2693,"column":0},"end":{"line":2693,"column":18}},"554":{"start":{"line":2695,"column":0},"end":{"line":2697,"column":3}},"555":{"start":{"line":2698,"column":0},"end":{"line":2698,"column":53}},"556":{"start":{"line":2700,"column":0},"end":{"line":2731,"column":23}},"557":{"start":{"line":2705,"column":4},"end":{"line":2729,"column":7}},"558":{"start":{"line":2730,"column":4},"end":{"line":2730,"column":14}},"559":{"start":{"line":2733,"column":0},"end":{"line":3480,"column":5}},"560":{"start":{"line":2734,"column":4},"end":{"line":3479,"column":6}},"561":{"start":{"line":3484,"column":0},"end":{"line":3504,"column":3}},"562":{"start":{"line":3487,"column":4},"end":{"line":3490,"column":6}},"563":{"start":{"line":3491,"column":4},"end":{"line":3497,"column":7}},"564":{"start":{"line":3498,"column":4},"end":{"line":3503,"column":6}},"565":{"start":{"line":3505,"column":0},"end":{"line":3507,"column":2}},"566":{"start":{"line":3508,"column":0},"end":{"line":3512,"column":2}},"567":{"start":{"line":3514,"column":0},"end":{"line":3516,"column":2}},"568":{"start":{"line":3518,"column":0},"end":{"line":3518,"column":80}},"569":{"start":{"line":3520,"column":0},"end":{"line":3520,"column":53}},"570":{"start":{"line":3522,"column":0},"end":{"line":3545,"column":3}},"571":{"start":{"line":3523,"column":4},"end":{"line":3544,"column":5}},"572":{"start":{"line":3526,"column":8},"end":{"line":3531,"column":10}},"573":{"start":{"line":3527,"column":12},"end":{"line":3527,"column":71}},"574":{"start":{"line":3532,"column":8},"end":{"line":3532,"column":14}},"575":{"start":{"line":3539,"column":8},"end":{"line":3539,"column":84}},"576":{"start":{"line":3540,"column":8},"end":{"line":3540,"column":14}},"577":{"start":{"line":3543,"column":8},"end":{"line":3543,"column":70}},"578":{"start":{"line":3548,"column":0},"end":{"line":3548,"column":26}},"579":{"start":{"line":3549,"column":0},"end":{"line":5241,"column":4}},"580":{"start":{"line":3568,"column":12},"end":{"line":3570,"column":14}},"581":{"start":{"line":5243,"column":0},"end":{"line":5243,"column":68}}},"branchMap":{"1":{"line":16,"type":"if","locations":[{"start":{"line":16,"column":4},"end":{"line":16,"column":4},"skip":true},{"start":{"line":16,"column":4},"end":{"line":16,"column":4},"skip":true}]},"2":{"line":40,"type":"binary-expr","locations":[{"start":{"line":40,"column":8},"end":{"line":40,"column":34},"skip":true},{"start":{"line":41,"column":11},"end":{"line":41,"column":32},"skip":true},{"start":{"line":42,"column":11},"end":{"line":42,"column":54},"skip":true},{"start":{"line":43,"column":11},"end":{"line":43,"column":26},"skip":true},{"start":{"line":44,"column":11},"end":{"line":44,"column":62},"skip":true}]},"3":{"line":52,"type":"if","locations":[{"start":{"line":52,"column":8},"end":{"line":52,"column":8},"skip":true},{"start":{"line":52,"column":8},"end":{"line":52,"column":8},"skip":true}]},"4":{"line":57,"type":"cond-expr","locations":[{"start":{"line":63,"column":14},"end":{"line":63,"column":21},"skip":true},{"start":{"line":64,"column":14},"end":{"line":70,"column":13},"skip":true}]},"5":{"line":58,"type":"binary-expr","locations":[{"start":{"line":58,"column":16},"end":{"line":58,"column":23},"skip":true},{"start":{"line":59,"column":19},"end":{"line":59,"column":54},"skip":true},{"start":{"line":60,"column":19},"end":{"line":60,"column":52},"skip":true}]},"6":{"line":65,"type":"cond-expr","locations":[{"start":{"line":67,"column":18},"end":{"line":67,"column":25},"skip":true},{"start":{"line":69,"column":18},"end":{"line":69,"column":50},"skip":true}]},"7":{"line":80,"type":"binary-expr","locations":[{"start":{"line":80,"column":15},"end":{"line":80,"column":18},"skip":true},{"start":{"line":80,"column":22},"end":{"line":80,"column":31},"skip":true}]},"8":{"line":100,"type":"binary-expr","locations":[{"start":{"line":100,"column":17},"end":{"line":100,"column":23},"skip":true},{"start":{"line":100,"column":27},"end":{"line":100,"column":29},"skip":true}]},"9":{"line":101,"type":"binary-expr","locations":[{"start":{"line":101,"column":20},"end":{"line":101,"column":26},"skip":true},{"start":{"line":101,"column":30},"end":{"line":101,"column":32},"skip":true}]},"10":{"line":102,"type":"if","locations":[{"start":{"line":102,"column":12},"end":{"line":102,"column":12},"skip":true},{"start":{"line":102,"column":12},"end":{"line":102,"column":12},"skip":true}]},"11":{"line":103,"type":"binary-expr","locations":[{"start":{"line":103,"column":16},"end":{"line":103,"column":36},"skip":true},{"start":{"line":104,"column":19},"end":{"line":104,"column":44},"skip":true},{"start":{"line":105,"column":19},"end":{"line":105,"column":37},"skip":true}]},"12":{"line":107,"type":"binary-expr","locations":[{"start":{"line":107,"column":30},"end":{"line":107,"column":41},"skip":true},{"start":{"line":107,"column":45},"end":{"line":107,"column":56},"skip":true}]},"13":{"line":113,"type":"if","locations":[{"start":{"line":113,"column":4},"end":{"line":113,"column":4},"skip":true},{"start":{"line":113,"column":4},"end":{"line":113,"column":4},"skip":true}]},"14":{"line":155,"type":"binary-expr","locations":[{"start":{"line":155,"column":4},"end":{"line":155,"column":23}},{"start":{"line":155,"column":27},"end":{"line":155,"column":65}}]},"15":{"line":171,"type":"switch","locations":[{"start":{"line":172,"column":4},"end":{"line":180,"column":14}},{"start":{"line":181,"column":4},"end":{"line":189,"column":14}},{"start":{"line":190,"column":4},"end":{"line":198,"column":14}},{"start":{"line":199,"column":4},"end":{"line":209,"column":11}}]},"16":{"line":204,"type":"binary-expr","locations":[{"start":{"line":204,"column":33},"end":{"line":204,"column":47}},{"start":{"line":204,"column":51},"end":{"line":204,"column":69}}]},"17":{"line":248,"type":"if","locations":[{"start":{"line":248,"column":12},"end":{"line":248,"column":12}},{"start":{"line":248,"column":12},"end":{"line":248,"column":12}}]},"18":{"line":265,"type":"if","locations":[{"start":{"line":265,"column":4},"end":{"line":265,"column":4}},{"start":{"line":265,"column":4},"end":{"line":265,"column":4}}]},"19":{"line":291,"type":"switch","locations":[{"start":{"line":292,"column":8},"end":{"line":299,"column":18}},{"start":{"line":300,"column":8},"end":{"line":305,"column":18}},{"start":{"line":306,"column":8},"end":{"line":307,"column":33}}]},"20":{"line":389,"type":"switch","locations":[{"start":{"line":390,"column":8},"end":{"line":396,"column":18}},{"start":{"line":397,"column":8},"end":{"line":403,"column":18}},{"start":{"line":404,"column":8},"end":{"line":407,"column":18}},{"start":{"line":408,"column":8},"end":{"line":411,"column":18}},{"start":{"line":412,"column":8},"end":{"line":413,"column":33}}]},"21":{"line":458,"type":"switch","locations":[{"start":{"line":459,"column":8},"end":{"line":466,"column":18}},{"start":{"line":467,"column":8},"end":{"line":475,"column":18}},{"start":{"line":476,"column":8},"end":{"line":477,"column":33}}]},"22":{"line":493,"type":"switch","locations":[{"start":{"line":494,"column":8},"end":{"line":499,"column":18}},{"start":{"line":500,"column":8},"end":{"line":517,"column":18}},{"start":{"line":518,"column":8},"end":{"line":519,"column":33}}]},"23":{"line":534,"type":"switch","locations":[{"start":{"line":535,"column":8},"end":{"line":542,"column":18}},{"start":{"line":543,"column":8},"end":{"line":551,"column":18}},{"start":{"line":552,"column":8},"end":{"line":553,"column":33}}]},"24":{"line":590,"type":"switch","locations":[{"start":{"line":591,"column":8},"end":{"line":601,"column":18}},{"start":{"line":602,"column":8},"end":{"line":609,"column":18}},{"start":{"line":610,"column":8},"end":{"line":615,"column":18}},{"start":{"line":616,"column":8},"end":{"line":621,"column":18}},{"start":{"line":622,"column":8},"end":{"line":623,"column":33}}]},"25":{"line":638,"type":"switch","locations":[{"start":{"line":639,"column":8},"end":{"line":653,"column":18}},{"start":{"line":654,"column":8},"end":{"line":659,"column":18}},{"start":{"line":660,"column":8},"end":{"line":665,"column":18}},{"start":{"line":666,"column":8},"end":{"line":671,"column":18}},{"start":{"line":672,"column":8},"end":{"line":673,"column":33}}]},"26":{"line":640,"type":"if","locations":[{"start":{"line":640,"column":12},"end":{"line":640,"column":12}},{"start":{"line":640,"column":12},"end":{"line":640,"column":12}}]},"27":{"line":695,"type":"switch","locations":[{"start":{"line":696,"column":8},"end":{"line":703,"column":18}},{"start":{"line":704,"column":8},"end":{"line":715,"column":18}},{"start":{"line":716,"column":8},"end":{"line":717,"column":33}}]},"28":{"line":741,"type":"switch","locations":[{"start":{"line":742,"column":8},"end":{"line":753,"column":18}},{"start":{"line":754,"column":8},"end":{"line":778,"column":18}},{"start":{"line":779,"column":8},"end":{"line":780,"column":33}}]},"29":{"line":804,"type":"switch","locations":[{"start":{"line":805,"column":8},"end":{"line":821,"column":18}},{"start":{"line":822,"column":8},"end":{"line":824,"column":18}},{"start":{"line":825,"column":8},"end":{"line":840,"column":18}},{"start":{"line":841,"column":8},"end":{"line":866,"column":18}},{"start":{"line":867,"column":8},"end":{"line":868,"column":33}}]},"30":{"line":808,"type":"if","locations":[{"start":{"line":808,"column":12},"end":{"line":808,"column":12}},{"start":{"line":808,"column":12},"end":{"line":808,"column":12}}]},"31":{"line":879,"type":"if","locations":[{"start":{"line":879,"column":4},"end":{"line":879,"column":4}},{"start":{"line":879,"column":4},"end":{"line":879,"column":4}}]},"32":{"line":898,"type":"switch","locations":[{"start":{"line":899,"column":8},"end":{"line":907,"column":18}},{"start":{"line":908,"column":8},"end":{"line":923,"column":18}},{"start":{"line":924,"column":8},"end":{"line":930,"column":18}},{"start":{"line":931,"column":8},"end":{"line":932,"column":33}}]},"33":{"line":944,"type":"switch","locations":[{"start":{"line":945,"column":8},"end":{"line":962,"column":18}},{"start":{"line":963,"column":8},"end":{"line":972,"column":18}},{"start":{"line":973,"column":8},"end":{"line":976,"column":18}},{"start":{"line":977,"column":8},"end":{"line":978,"column":27}}]},"34":{"line":991,"type":"switch","locations":[{"start":{"line":992,"column":8},"end":{"line":998,"column":18}},{"start":{"line":999,"column":8},"end":{"line":1003,"column":18}},{"start":{"line":1004,"column":8},"end":{"line":1005,"column":27}}]},"35":{"line":1131,"type":"switch","locations":[{"start":{"line":1132,"column":8},"end":{"line":1134,"column":18}},{"start":{"line":1135,"column":8},"end":{"line":1140,"column":18}},{"start":{"line":1141,"column":8},"end":{"line":1142,"column":27}}]},"36":{"line":1397,"type":"if","locations":[{"start":{"line":1397,"column":8},"end":{"line":1397,"column":8}},{"start":{"line":1397,"column":8},"end":{"line":1397,"column":8}}]},"37":{"line":1584,"type":"if","locations":[{"start":{"line":1584,"column":4},"end":{"line":1584,"column":4}},{"start":{"line":1584,"column":4},"end":{"line":1584,"column":4}}]},"38":{"line":1608,"type":"binary-expr","locations":[{"start":{"line":1608,"column":30},"end":{"line":1608,"column":36}},{"start":{"line":1608,"column":40},"end":{"line":1608,"column":77}}]},"39":{"line":2520,"type":"if","locations":[{"start":{"line":2520,"column":8},"end":{"line":2520,"column":8}},{"start":{"line":2520,"column":8},"end":{"line":2520,"column":8}}]},"40":{"line":2520,"type":"binary-expr","locations":[{"start":{"line":2520,"column":12},"end":{"line":2520,"column":19}},{"start":{"line":2520,"column":23},"end":{"line":2520,"column":45}}]},"41":{"line":2532,"type":"if","locations":[{"start":{"line":2532,"column":4},"end":{"line":2532,"column":4}},{"start":{"line":2532,"column":4},"end":{"line":2532,"column":4}}]},"42":{"line":2551,"type":"if","locations":[{"start":{"line":2551,"column":4},"end":{"line":2551,"column":4}},{"start":{"line":2551,"column":4},"end":{"line":2551,"column":4}}]},"43":{"line":2579,"type":"switch","locations":[{"start":{"line":2580,"column":8},"end":{"line":2585,"column":18}},{"start":{"line":2586,"column":8},"end":{"line":2594,"column":18}},{"start":{"line":2595,"column":8},"end":{"line":2604,"column":18}},{"start":{"line":2605,"column":8},"end":{"line":2617,"column":18}},{"start":{"line":2618,"column":8},"end":{"line":2627,"column":18}},{"start":{"line":2628,"column":8},"end":{"line":2642,"column":18}},{"start":{"line":2643,"column":8},"end":{"line":2652,"column":18}},{"start":{"line":2653,"column":8},"end":{"line":2662,"column":18}},{"start":{"line":2663,"column":8},"end":{"line":2674,"column":18}},{"start":{"line":2675,"column":8},"end":{"line":2681,"column":18}}]},"44":{"line":3523,"type":"switch","locations":[{"start":{"line":3524,"column":4},"end":{"line":3532,"column":14}},{"start":{"line":3533,"column":4},"end":{"line":3533,"column":36}},{"start":{"line":3534,"column":4},"end":{"line":3534,"column":49}},{"start":{"line":3535,"column":4},"end":{"line":3535,"column":41}},{"start":{"line":3536,"column":4},"end":{"line":3536,"column":41}},{"start":{"line":3537,"column":4},"end":{"line":3540,"column":14}},{"start":{"line":3541,"column":4},"end":{"line":3543,"column":70}}]},"45":{"line":3523,"type":"binary-expr","locations":[{"start":{"line":3523,"column":12},"end":{"line":3523,"column":34}},{"start":{"line":3523,"column":38},"end":{"line":3523,"column":72}}]},"46":{"line":3529,"type":"binary-expr","locations":[{"start":{"line":3529,"column":23},"end":{"line":3529,"column":51}},{"start":{"line":3529,"column":55},"end":{"line":3529,"column":61}}]},"47":{"line":3530,"type":"binary-expr","locations":[{"start":{"line":3530,"column":23},"end":{"line":3530,"column":50}},{"start":{"line":3530,"column":54},"end":{"line":3530,"column":60}}]}},"code":["/* istanbul instrument in package swgg */","/* istanbul ignore next */","/* jslint utility2:true */","(function (globalThis) {","    \"use strict\";","    var consoleError;","    var local;","    // init globalThis","    (function () {","        try {","            globalThis = Function(\"return this\")(); // jslint ignore:line","        } catch (ignore) {}","    }());","    globalThis.globalThis = globalThis;","    // init debug_inline","    if (!globalThis[\"debug\\u0049nline\"]) {","        consoleError = console.error;","        globalThis[\"debug\\u0049nline\"] = function () {","        /*","         * this function will both print <arguments> to stderr","         * and return <arguments>[0]","         */","            var argList;","            argList = Array.from(arguments); // jslint ignore:line","            // debug arguments","            globalThis[\"debug\\u0049nlineArguments\"] = argList;","            consoleError(\"\\n\\ndebug\\u0049nline\");","            consoleError.apply(console, argList);","            consoleError(\"\\n\");","            // return arg0 for inspection","            return argList[0];","        };","    }","    // init local","    local = {};","    local.local = local;","    globalThis.globalLocal = local;","    // init isBrowser","    local.isBrowser = (","        typeof window === \"object\"","        && window === globalThis","        && typeof window.XMLHttpRequest === \"function\"","        && window.document","        && typeof window.document.querySelector === \"function\"","    );","    // init function","    local.assertThrow = function (passed, message) {","    /*","     * this function will throw error <message> if <passed> is falsy","     */","        var error;","        if (passed) {","            return;","        }","        error = (","            // ternary-condition","            (","                message","                && typeof message.message === \"string\"","                && typeof message.stack === \"string\"","            )","            // if message is an error-object, then leave it as is","            ? message","            : new Error(","                typeof message === \"string\"","                // if message is a string, then leave it as is","                ? message","                // else JSON.stringify message","                : JSON.stringify(message, null, 4)","            )","        );","        throw error;","    };","    local.functionOrNop = function (fnc) {","    /*","     * this function will if <fnc> exists,","     * them return <fnc>,","     * else return <nop>","     */","        return fnc || local.nop;","    };","    local.identity = function (value) {","    /*","     * this function will return <value>","     */","        return value;","    };","    local.nop = function () {","    /*","     * this function will do nothing","     */","        return;","    };","    local.objectAssignDefault = function (target, source) {","    /*","     * this function will if items from <target> are","     * null, undefined, or empty-string,","     * then overwrite them with items from <source>","     */","        target = target || {};","        Object.keys(source || {}).forEach(function (key) {","            if (","                target[key] === null","                || target[key] === undefined","                || target[key] === \"\"","            ) {","                target[key] = target[key] || source[key];","            }","        });","        return target;","    };","    // require builtin","    if (!local.isBrowser) {","        local.assert = require(\"assert\");","        local.buffer = require(\"buffer\");","        local.child_process = require(\"child_process\");","        local.cluster = require(\"cluster\");","        local.crypto = require(\"crypto\");","        local.dgram = require(\"dgram\");","        local.dns = require(\"dns\");","        local.domain = require(\"domain\");","        local.events = require(\"events\");","        local.fs = require(\"fs\");","        local.http = require(\"http\");","        local.https = require(\"https\");","        local.net = require(\"net\");","        local.os = require(\"os\");","        local.path = require(\"path\");","        local.querystring = require(\"querystring\");","        local.readline = require(\"readline\");","        local.repl = require(\"repl\");","        local.stream = require(\"stream\");","        local.string_decoder = require(\"string_decoder\");","        local.timers = require(\"timers\");","        local.tls = require(\"tls\");","        local.tty = require(\"tty\");","        local.url = require(\"url\");","        local.util = require(\"util\");","        local.vm = require(\"vm\");","        local.zlib = require(\"zlib\");","    }","}(this));","","","","(function (local) {","\"use strict\";","","","","// run shared js-env code - init-before","(function () {","// init local","local = (","    globalThis.utility2 || require(\"./assets.utility2.rollup.js\")",").requireReadme();","globalThis.local = local;","// init test","local.testRunDefault(local);","}());","","","","// run shared js-env code - function","(function () {","local.crudOptionsSetDefault = function (option, defaults) {","/*"," * this function will set default-values for option"," */","    option = local.objectSetDefault(option, defaults);","    switch (option._tags0) {","    case \"pet\":","        local.objectSetDefault(option, {","            crudGetOneById: local.apiDict[\"operationId.getPetById\"],","            crudRemoveOneById: local.apiDict[\"operationId.deletePet\"],","            crudSetOneById: local.apiDict[\"operationId.addPet\"],","            crudType: [\"undefined\", \"petId\", \"id\"],","            crudUpdateOneById: local.apiDict[\"operationId.updatePetWithForm\"]","        });","        break;","    case \"store\":","        local.objectSetDefault(option, {","            crudGetOneById: local.apiDict[\"operationId.getOrderById\"],","            crudRemoveOneById: local.apiDict[\"operationId.deleteOrder\"],","            crudSetOneById: local.apiDict[\"operationId.placeOrder\"],","            crudType: [\"undefined\", \"orderId\", \"id\"],","            crudUpdateOneById: local.apiDict[\"operationId.store.crudUpdateOneById.id.id\"]","        });","        break;","    case \"user\":","        local.objectSetDefault(option, {","            crudGetOneById: local.apiDict[\"operationId.getUserByName\"],","            crudRemoveOneById: local.apiDict[\"operationId.deleteUser\"],","            crudSetOneById: local.apiDict[\"operationId.createUser\"],","            crudType: [\"undefined\", \"username\", \"username\"],","            crudUpdateOneById: local.apiDict[\"operationId.updateUser\"]","        });","        break;","    default:","        Object.keys(local.apiDict).forEach(function (key) {","            key.replace((","                /^operationId\\.x-test\\.(\\w+)/","            ), function (ignore, match1) {","                option[match1] = option[match1] || local.apiDict[key];","            });","        });","        local.objectSetDefault(option, {","            crudType: [\"undefined\", \"id\", \"id\"]","        });","    }","    local.idNameInit(option);","    // shallow-copy option","    return local.objectSetDefault({}, option);","};","","local.testCase_ajax_error = function (option, onError) {","/*"," * this function will test ajax's error handling-behavior"," */","    var onParallel;","    onParallel = local.onParallel(onError);","    onParallel.counter += 1;","    [{","        // test 404 undefined-api-error-1 handling-behavior","        statusCode: 404,","        url: \"/api/v0/x-test/errorUndefined\"","    }, {","        // test 404 undefined-api-error-2 handling-behavior","        statusCode: 404,","        url: \"/api/v0/x-test/errorUndefinedApi\"","    }, {","        method: \"POST\",","        // test 400 param-parse-error handling-behavior","        statusCode: 400,","        url: \"/api/v0/x-test/parametersDefault/aa?typeStringFormatJson=syntax%20error\"","    }, {","        // test 404 undefined-map-file handling-behavior","        statusCode: 404,","        url: \"/api/v0/x-test/undefined.map\"","    }].forEach(function (option) {","        onParallel.counter += 1;","        local.ajax(option, function (error, xhr) {","            // validate error occurred","            local.assertThrow(error, option);","            // validate statusCode","            local.assertJsonEqual(error.statusCode, option.statusCode);","            // validate error is in jsonapi-format","            if (","                option.url === \"/api/v0/x-test/parametersDefault/aa\"","                + \"?typeStringFormatJson=syntax%20error\"","            ) {
[...]
tions: {","        File: {","            allOf: [{","                $ref: \"#/definitions/BuiltinFile\"","            }]","        },","        Pet: {","            properties: {","                _id: {","                    readOnly: true,","                    type: \"string\"","                },","                _timeCreated: {","                    format: \"date-time\",","                    readOnly: true,","                    type: \"string\"","                },","                _timeUpdated: {","                    format: \"date-time\",","                    readOnly: true,","                    type: \"string\"","                },","                id: {","                    default: 1,","                    minimum: 1","                }","            }","        },","        Order: {","            properties: {","                _id: {","                    readOnly: true,","                    type: \"string\"","                },","                _timeCreated: {","                    format: \"date-time\",","                    readOnly: true,","                    type: \"string\"","                },","                _timeUpdated: {","                    format: \"date-time\",","                    readOnly: true,","                    type: \"string\"","                },","                id: {","                    default: 1,","                    minimum: 1","                }","            }","        },","        User: {","            allOf: [{","                $ref: \"#/definitions/BuiltinUser\"","            }],","            properties: {","                _id: {","                    readOnly: true,","                    type: \"string\"","                },","                _timeCreated: {","                    format: \"date-time\",","                    readOnly: true,","                    type: \"string\"","                },","                _timeUpdated: {","                    format: \"date-time\",","                    readOnly: true,","                    type: \"string\"","                },","                email: {","                    default: \"a@a.com\",","                    format: \"email\"","                },","                id: {","                    default: 1,","                    minimum: 1","                }","            }","        }","    },","    tags: [{","        description: \"builtin-file model\",","        name: \"file\"","    }],","    \"x-swgg-apiDict\": {","        \"operationId.file.crudCountManyByQuery\": {","            _schemaName: \"File\"","        },","        \"operationId.file.crudSetOneById.id.id\": {","            _schemaName: \"File\"","        },","        \"operationId.file.crudGetManyByQuery\": {","            _schemaName: \"File\"","        },","        \"operationId.file.crudRemoveOneById.id.id\": {","            _schemaName: \"File\"","        },","        \"operationId.file.crudUpdateOneById.id.id\": {","            _schemaName: \"File\"","        },","        \"operationId.file.fileGetOneById.id.id\": {","            _schemaName: \"File\"","        },","        \"operationId.file.fileUploadManyByForm.1\": {","            _schemaName: \"File\"","        },","        \"operationId.addPet\": {","            _crudType: [\"crudSetOneById\", \"petId\", \"id\"],","            _schemaName: \"Pet\"","        },","        \"operationId.pet.crudGetManyByQuery\": {","            _schemaName: \"Pet\"","        },","        \"operationId.deletePet\": {","            _crudType: [\"crudRemoveOneById\", \"petId\", \"id\"],","            _schemaName: \"Pet\"","        },","        \"operationId.findPetsByStatus\": {","            _crudType: [\"crudGetManyByQuery\"],","            _queryWhere: \"{\\\"status\\\":{\\\"$in\\\":{{status jsonStringify}}}}\",","            _schemaName: \"Pet\"","        },","        \"operationId.findPetsByTags\": {","            _crudType: [\"crudGetManyByQuery\"],","            _queryWhere: \"{\\\"tags.name\\\":{\\\"$in\\\":{{tags jsonStringify}}}}\",","            _schemaName: \"Pet\"","        },","        \"operationId.getPetById\": {","            _crudType: [\"crudGetOneById\", \"petId\", \"id\"],","            _schemaName: \"Pet\"","        },","        \"operationId.updatePet\": {","            _crudType: [\"crudUpdateOneById\", \"petId\", \"id\"],","            _schemaName: \"Pet\"","        },","        \"operationId.updatePetWithForm\": {","            _crudType: [\"crudUpdateOneById\", \"petId\", \"id\"],","            _schemaName: \"Pet\"","        },","        \"operationId.uploadFile\": {","            _crudType: [\"fileUploadManyByForm\"],","            _schemaName: \"User\"","        },","        \"operationId.store.crudGetManyByQuery\": {","            _schemaName: \"Order\"","        },","        \"operationId.store.crudUpdateOneById.id.id\": {","            _schemaName: \"Order\"","        },","        \"operationId.deleteOrder\": {","            _crudType: [\"crudRemoveOneById\", \"orderId\", \"id\"],","            _schemaName: \"Order\"","        },","        \"operationId.getInventory\": {","            _schemaName: \"Order\"","        },","        \"operationId.getOrderById\": {","            _crudType: [\"crudGetOneById\", \"orderId\", \"id\"],","            _schemaName: \"Order\"","        },","        \"operationId.placeOrder\": {","            _crudType: [\"crudSetOneById\", \"orderId\", \"id\"],","            _schemaName: \"Order\"","        },","        \"operationId.createUser\": {","            _crudType: [\"crudSetOneById\", \"username\", \"username\"],","            _schemaName: \"User\"","        },","        \"operationId.createUsersWithArrayInput\": {","            _crudType: [\"crudSetManyById\"],","            _schemaName: \"User\"","        },","        \"operationId.createUsersWithListInput\": {","            _crudType: [\"crudSetManyById\"],","            _schemaName: \"User\"","        },","        \"operationId.user.crudCountManyByQuery\": {","            _schemaName: \"User\"","        },","        \"operationId.user.crudSetOneById.username.username\": {","            _schemaName: \"User\"","        },","        \"operationId.user.crudRemoveOneById.username.username\": {","            _schemaName: \"User\"","        },","        \"operationId.user.crudGetManyByQuery\": {","            _schemaName: \"User\"","        },","        \"operationId.user.crudUpdateOneById.username.username\": {","            _schemaName: \"User\"","        },","        \"operationId.deleteUser\": {","            _crudType: [\"crudRemoveOneById\", \"username\", \"username\"],","            _schemaName: \"User\"","        },","        \"operationId.getUserByName\": {","            _crudType: [\"crudGetOneById\", \"username\", \"username\"],","            _schemaName: \"User\"","        },","        \"operationId.loginUser\": {","            _crudType: [\"userLoginByPassword\"],","            _schemaName: \"User\"","        },","        \"operationId.logoutUser\": {","            _crudType: [\"userLogout\"],","            _schemaName: \"User\"","        },","        \"operationId.updateUser\": {","            _crudType: [\"crudUpdateOneById\", \"username\", \"username\"],","            _schemaName: \"User\"","        },","        \"operationId.user.userLoginByPassword\": {","            _schemaName: \"User\"","        },","        \"operationId.user.userLogout\": {","            _schemaName: \"User\"","        }","    }","});","/* validateLineSortedReset */","// init db","globalThis.utility2_dbSeedList = [{","    dbRowList: [{","        id: \"testCase_swaggerUiLogoSmall\",","        fileBlob: local.swgg.templateSwaggerUiLogoSmallBase64,","        fileContentType: \"image/png\",","        fileDescription: \"swagger-ui logo\",","        fileFilename: \"swaggerUiLogoSmall.png\"","    }],","    idIndexCreateList: [{","        name: \"id\"","    }],","    name: \"File\"","}, {","    dbRowList: local.swgg.dbRowListRandomCreate({","        dbRowList: [{","            id: 0,","            name: \"birdie\",","            photoUrls: [],","            status: \"available\",","            tags: [{","                name: \"bird\"","            }]","        }, {","            id: 1,","            name: \"doggie\",","            status: \"pending\",","            photoUrls: [],","            tags: [{","                name: \"dog\"","            }]","        }, {","            id: 2,","            name: \"fishie\",","            photoUrls: [],","            status: \"sold\",","            tags: [{","                name: \"fish\"","            }]","        }],","        // init 100 extra random pets","        length: 100,","        override: function (option) {","            return {","                id: option.ii + 100,","                name: local.listGetElementRandom(","                    [\"birdie\", \"doggie\", \"fishie\"]","                ) + \"-\" + (option.ii + 100),","                tags: [{","                    name: local.listGetElementRandom([\"female\", \"male\"])","                }]","            };","        },","        schema: local.swgg.swaggerJson.definitions.Pet","    }),","    idIndexCreateList: [{","        isInteger: true,","        name: \"id\"","    }],","    name: \"Pet\"","}, {","    dbRowList: local.swgg.dbRowListRandomCreate({","        dbRowList: [{","            id: 0,","            petId: 0,","            status: \"available\"","        }, {","            id: 1,","            petId: 1,","            status: \"pending\"","        }, {","            id: 2,","            petId: 2,","            status: \"sold\"","        }],","        // init 100 extra random orders","        length: 100,","        override: function (option) {","            return {","                id: option.ii + 100,","                petId: option.ii + 100","            };","        },","        schema: local.swgg.swaggerJson.definitions.Order","    }),","    idIndexCreateList: [{","        isInteger: true,","        name: \"id\"","    }],","    name: \"Order\"","}, {","    dbRowList: local.swgg.dbRowListRandomCreate({","        dbRowList: [{","            email: \"admin@admin.com\",","            firstName: \"admin\",","            id: 0,","            lastName: \"\",","            password: local.sjclHashScryptCreate(\"secret\"),","            phone: \"1234-5678\",","            username: \"admin\"","        }, {","            email: \"jane@doe.com\",","            firstName: \"jane\",","            id: 1,","            lastName: \"doe\",","            password: local.sjclHashScryptCreate(\"secret\"),","            phone: \"1234-5678\",","            username: \"jane.doe\"","        }, {","            email: \"john@doe.com\",","            firstName: \"john\",","            id: 2,","            lastName: \"doe\",","            password: local.sjclHashScryptCreate(\"secret\"),","            phone: \"1234-5678\",","            username: \"john.doe\"","        }],","        // init 100 extra random users","        length: 100,","        override: function (option) {","            return {","                firstName: local.listGetElementRandom(","                    [\"alice\", \"bob\", \"jane\", \"john\"]","                ) + \"-\" + (option.ii + 100),","                id: option.ii + 100,","                lastName: local.listGetElementRandom([\"doe\", \"smith\"]) + \"-\" + (option.ii + 100),","                password: local.sjclHashScryptCreate(\"secret\"),","                tags: [{","                    name: local.listGetElementRandom([\"female\", \"male\"])","                }, {","                    name: Math.random().toString(36).slice(2)","                }]","            };","        },","        schema: local.swgg.swaggerJson.definitions.User","    }),","    idIndexCreateList: [{","        name: \"email\"","    }, {","        name: \"id\",","        isInteger: true","    }, {","        name: \"username\"","    }],","    name: \"User\"","}];","// seed db","local.db.dbSeed(globalThis.utility2_dbSeedList, local.onErrorThrow);","// init serverLocal","local.utility2.serverLocalUrlTest = function (url) {","    url = local.urlParse(url).pathname;","    return (","        local.isBrowser","        && !local.env.npm_config_mode_backend","        && (","            /^\\/test\\.|\\/api\\/v0\\//","        ).test(url)","    );","};","}());","","","","/* istanbul ignore next */","// run browser js-env code - init-test","(function () {","if (!local.isBrowser) {","    return;","}","// log stderr and stdout to #outputStdout1","[\"error\", \"log\"].forEach(function (key) {","    var argList;","    var element;","    var fnc;","    element = document.querySelector(","        \"#outputStdout1\"","    );","    if (!element) {","        return;","    }","    fnc = console[key];","    console[key] = function () {","        argList = Array.from(arguments); // jslint ignore:line","        fnc.apply(console, argList);","        // append text to #outputStdout1","        element.textContent += argList.map(function (arg) {","            return (","                typeof arg === \"string\"","                ? arg","                : JSON.stringify(arg, null, 4)","            );","        }).join(\" \").replace((","            /\\u001b\\[\\d*m/g","        ), \"\") + \"\\n\";","        // scroll textarea to bottom","        element.scrollTop = element.scrollHeight;","    };","});","Object.assign(local, globalThis.domOnEventDelegateDict);","globalThis.domOnEventDelegateDict = local;","local.onEventDomDb = (","    local.db && local.db.onEventDomDb",");","local.testRunBrowser = function (event) {","/*"," * this function will run browser-tests"," */","    switch (","        !event.ctrlKey","        && !event.metaKey","        && (","            event.modeInit","            || (event.type + \".\" + (event.target && event.target.id))","        )","    ) {","    // custom-case","    case true:","        // init ui","        globalThis.utility2_onReadyBefore.counter += 1;","        local.swgg.uiEventListenerDict.onEventUiReload(","            null,","            globalThis.utility2_onReadyBefore","        );","        return;","    // run browser-tests","    default:","        if (","            (event.target && event.target.id) !== \"testRunButton1\"","            && !(event.modeInit && (","                /\\bmodeTest=1\\b/","            ).test(location.search))","        ) {","            return;","        }","        // show browser-tests","        if (document.querySelector(","            \"#testReportDiv1\"","        ).style.maxHeight === \"0px\") {","            globalThis.domOnEventDelegateDict.domOnEventResetOutput();","            local.uiAnimateSlideDown(document.querySelector(","                \"#testReportDiv1\"","            ));","            document.querySelector(","                \"#testRunButton1\"","            ).textContent = \"hide internal test\";","            local.modeTest = 1;","            local.testRunDefault(local);","            return;","        }","        // hide browser-tests","        local.uiAnimateSlideUp(document.querySelector(","            \"#testReportDiv1\"","        ));","        document.querySelector(","            \"#testRunButton1\"","        ).textContent = \"run internal test\";","    }","};","","local.testRunBrowser({","    modeInit: true","});","}());","","","","/* istanbul ignore next */","// run node js-env code - init-test","(function () {","if (local.isBrowser) {","    return;","}","// init exports","module.exports = local;","/* validateLineSortedReset */","// init assets","local.assetsDict = local.assetsDict || {};","[","    \"assets.index.template.html\",","    \"assets.swgg.swagger.json\",","    \"assets.swgg.swagger.server.json\"","].forEach(function (file) {","    file = \"/\" + file;","    local.assetsDict[file] = local.assetsDict[file] || \"\";","    if (local.fs.existsSync(local.__dirname + file)) {","        local.assetsDict[file] = local.fs.readFileSync(","            local.__dirname + file,","            \"utf8\"","        );","    }","});","/* validateLineSortedReset */","/* jslint ignore:start */","local.assetsDict[\"/assets.swgg.js\"] =","    local.assetsDict[\"/assets.swgg.js\"] ||","    local.fs.readFileSync(local.__dirname + \"/lib.swgg.js\", \"utf8\"",").replace((/^#!\\//), \"// \");","/* jslint ignore:end */","/* validateLineSortedReset */","local.assetsDict[\"/\"] = local.assetsDict[\"/assets.index.template.html\"]",".replace((","    /\\{\\{env\\.(\\w+?)\\}\\}/g","), function (match0, match1) {","    switch (match1) {","    case \"npm_package_description\":","        return \"the greatest app in the world!\";","    case \"npm_package_name\":","        return \"swgg\";","    case \"npm_package_nameLib\":","        return \"swgg\";","    case \"npm_package_version\":","        return \"0.0.1\";","    default:","        return match0;","    }","});","local.assetsDict[\"/assets.example.html\"] = local.assetsDict[\"/\"];","local.assetsDict[\"/index.html\"] = local.assetsDict[\"/\"];","// init cli","if (module !== require.main || globalThis.utility2_rollup) {","    return;","}","/* validateLineSortedReset */","local.assetsDict[\"/assets.example.js\"] = (","    local.assetsDict[\"/assets.example.js\"]","    || local.fs.readFileSync(__filename, \"utf8\")",");","local.assetsDict[\"/favicon.ico\"] = local.assetsDict[\"/favicon.ico\"] || \"\";","// if $npm_config_timeout_exit exists,","// then exit this process after $npm_config_timeout_exit ms","if (Number(process.env.npm_config_timeout_exit)) {","    setTimeout(process.exit, Number(process.env.npm_config_timeout_exit));","}","// start server","if (globalThis.utility2_serverHttp1) {","    return;","}","process.env.PORT = process.env.PORT || \"8081\";","console.error(\"http-server listening on port \" + process.env.PORT);","local.http.createServer(function (request, response) {","    request.urlParsed = local.url.parse(request.url);","    if (local.assetsDict[request.urlParsed.pathname] !== undefined) {","        response.end(local.assetsDict[request.urlParsed.pathname]);","        return;","    }","    response.statusCode = 404;","    response.end();","}).listen(process.env.PORT);","}());","","","","}());"],"l":{"143":2,"145":2,"146":2,"148":2,"149":2,"150":2,"153":2,"155":2,"156":1,"157":1,"162":1,"163":1,"165":1,"166":1,"167":1,"168":1,"170":1,"174":2,"175":2,"176":2,"178":2,"186":2,"190":1,"191":1,"192":1,"194":1,"211":1,"213":2,"219":1,"221":2,"225":1,"227":2,"231":1,"233":2,"239":1,"240":1,"241":1,"246":1,"249":1,"252":2,"253":1,"254":1,"255":1,"256":1,"257":1,"258":1,"259":1,"260":1,"261":1,"262":1,"263":1,"264":1,"265":1,"266":1,"267":1,"268":1,"269":1,"270":1,"271":1,"272":1,"273":1,"274":1,"275":1,"276":1,"277":1,"278":1,"279":1,"285":2,"291":2,"293":2,"299":2,"301":2,"305":2,"306":2,"313":2,"314":2,"318":238,"319":238,"320":238,"321":238,"322":238,"323":478,"325":238,"326":238,"329":2,"330":2,"332":2,"336":2,"338":234,"339":234,"341":236,"343":2,"345":2,"346":2,"347":408,"348":408,"350":2,"351":2,"353":2,"355":2,"356":2,"358":236,"361":238,"362":238,"365":2,"371":247,"375":247,"377":247,"379":247,"380":2,"381":2,"383":245,"390":2,"393":2,"441":2,"456":2,"458":2,"461":2,"462":2,"463":2,"464":2,"465":2,"467":2,"689":2,"731":200,"766":200,"808":200,"835":2,"837":2,"838":125,"839":125,"853":2,"854":2,"855":1,"858":1,"859":2,"860":2,"861":2,"862":2,"865":2,"866":2,"868":1,"869":1,"870":1,"871":1,"873":1,"874":1,"883":1,"886":1,"887":1,"888":1,"891":1,"895":1,"906":1,"907":1,"911":1,"914":1,"920":1,"923":1,"926":1,"927":1,"930":1,"933":1,"934":1,"935":1,"938":1,"941":1,"947":1,"956":2,"957":2,"958":1,"961":1,"964":1,"965":1,"970":3,"971":3,"972":3,"973":1,"981":1,"987":1,"991":4,"993":1,"995":1,"997":1,"999":1,"1001":1,"1004":1,"1005":1,"1007":1,"1008":1,"1011":1,"1015":1,"1018":1,"1019":1,"1022":1,"1023":1,"1025":1,"1026":1,"1027":1,"1028":1,"1029":1,"1030":1,"1031":1,"1033":1,"1034":1}}}